This runs before init()!
This runs before init()!
NumCPU 8
2020-06-29 15:57:47.447 incognito.go:87 [INF] Server log: Version 1.21.0-beta
2020-06-29 15:57:47.472 engine.go:141 [INF] Consensus log: CONSENSUS: NewConsensusEngine
2020-06-29 15:57:47.472 server.go:257 [INF] Server log: Init 3-rd Party Random Client
encoded libp2p key: CAMSeTB3AgEBBCB90QDi0yqlNV6TnsUbT+vPgAywaJvTEBa6qzJ1RcwfD6AKBggqhkjOPQMBB6FEA0IABIiNa+kP1EeeLzHYSFQdXfBVJisYKNKDyi3GrzLniTJrsZJnza9BOOzk6+Nc25ZcDDv20a7qAGI1nzP86IqdOA0=
2020-06-29 15:57:47.484 host.go:88 [INF] Peerv2 log: selfPeer: QmXCEdz89uR2wHfrzpdYkzVPQcSrzGJPFbpGQJm4Nf9w71 0.0.0.0 9438
2020-06-29 15:57:47.485 blockchain.go:107 [ERR] BlockChain log: debug restore beacon fail, init -1007: leveldb: not found
Fetch Beacon Best State Error
github.com/incognitochain/incognito-chain/dataaccessobject/rawdbv2.NewRawdbError
	/Users/autonomous/co-go/src/github.com/incognitochain/incognito-chain/dataaccessobject/rawdbv2/error.go:191
github.com/incognitochain/incognito-chain/dataaccessobject/rawdbv2.GetBeaconBestState
	/Users/autonomous/co-go/src/github.com/incognitochain/incognito-chain/dataaccessobject/rawdbv2/accessor_beacon.go:267
github.com/incognitochain/incognito-chain/blockchain.(*BlockChain).RestoreBeaconViews
	/Users/autonomous/co-go/src/github.com/incognitochain/incognito-chain/blockchain/blockchain.go:415
github.com/incognitochain/incognito-chain/blockchain.(*BlockChain).initChainState
	/Users/autonomous/co-go/src/github.com/incognitochain/incognito-chain/blockchain/blockchain.go:106
github.com/incognitochain/incognito-chain/blockchain.(*BlockChain).Init
	/Users/autonomous/co-go/src/github.com/incognitochain/incognito-chain/blockchain/blockchain.go:92
main.(*Server).NewServer
	/Users/autonomous/co-go/src/github.com/incognitochain/incognito-chain/server.go:318
main.mainMaster
	/Users/autonomous/co-go/src/github.com/incognitochain/incognito-chain/incognito.go:160
main.main
	/Users/autonomous/co-go/src/github.com/incognitochain/incognito-chain/incognito.go:230
runtime.main
	/usr/local/go/src/runtime/proc.go:201
runtime.goexit
	/usr/local/go/src/runtime/asm_amd64.s:1333
2020-06-29 15:57:47.485 beaconprocess.go:835 [INF] BlockChain log: Process Update Beacon Best State With Beacon Genesis Block
2020-06-29 15:57:47.488 statedb.go:161 [INF] DAO log: StateDB commit and return root hash time 291.948µs
2020-06-29 15:57:47.488 intermediatewriter.go:720 [INF] Trie log: Persisted trie from memory database nodes 14 size 5.43 kB time 267.156µs gcnodes 0 gcsize 0.00 B gctime 0s livenodes 1 livesize 0.00 B
2020-06-29 15:57:47.489 blockchain.go:114 [INF] BlockChain log: Init Beacon View height 1
debug Cannot see shard best state
2020-06-29 15:57:47.489 blockchain.go:121 [ERR] BlockChain log: debug restore shard fail, init
2020-06-29 15:57:47.490 shardprocess.go:958 [INF] BlockChain log: SHARD 0 | Process store block height 1 at hash 97640bbbcb2419bd86e291796ab08995e1bb34a8f71383d1def4c1435dbc7aab
2020-06-29 15:57:47.490 accessor_token.go:9 [INF] DAO log: Store Privacy Token 0000000000000000000000000000000000000000000000000000000000000004
2020-06-29 15:57:47.490 accessor_transaction.go:673 [CRT] BlockChain log: Fetch Cross transaction map[]
2020-06-29 15:57:47.491 statedb.go:161 [INF] DAO log: StateDB commit and return root hash time 11.475µs
2020-06-29 15:57:47.491 intermediatewriter.go:720 [INF] Trie log: Persisted trie from memory database nodes 0 size 0.00 B time 2.83µs gcnodes 0 gcsize 0.00 B gctime 0s livenodes 1 livesize 0.00 B
2020-06-29 15:57:47.491 statedb.go:161 [INF] DAO log: StateDB commit and return root hash time 192.131µs
2020-06-29 15:57:47.491 intermediatewriter.go:720 [INF] Trie log: Persisted trie from memory database nodes 8 size 1.76 kB time 89.722µs gcnodes 0 gcsize 0.00 B gctime 0s livenodes 1 livesize 0.00 B
2020-06-29 15:57:47.491 statedb.go:161 [INF] DAO log: StateDB commit and return root hash time 2.428µs
2020-06-29 15:57:47.491 intermediatewriter.go:720 [INF] Trie log: Persisted trie from memory database nodes 0 size 0.00 B time 2.1µs gcnodes 0 gcsize 0.00 B gctime 0s livenodes 1 livesize 0.00 B
2020-06-29 15:57:47.491 statedb.go:161 [INF] DAO log: StateDB commit and return root hash time 2.026µs
2020-06-29 15:57:47.491 intermediatewriter.go:720 [INF] Trie log: Persisted trie from memory database nodes 0 size 0.00 B time 1.898µs gcnodes 0 gcsize 0.00 B gctime 0s livenodes 1 livesize 0.00 B
2020-06-29 15:57:47.492 statedb.go:161 [INF] DAO log: StateDB commit and return root hash time 2.186µs
2020-06-29 15:57:47.492 intermediatewriter.go:720 [INF] Trie log: Persisted trie from memory database nodes 0 size 0.00 B time 2.243µs gcnodes 0 gcsize 0.00 B gctime 0s livenodes 1 livesize 0.00 B
debug BackupShardViews 1
2020-06-29 15:57:47.492 shardprocess.go:1163 [INF] BlockChain log: SHARD 0 | 🔎 1 transactions in block height 1 

2020-06-29 15:57:47.492 blockchain.go:128 [INF] BlockChain log: Init Shard View shardID 0, height 1
2020-06-29 15:57:47.492 mempool.go:114 [CRT] Mempool log: Turn off Mempool Persistence Database
settingup RPCListeners
lastBeaconHeightConfirmCrossX 1
2020-06-29 15:57:47.666 server.go:699 [CRT] Server log: ************************* Testnet is active *************************
2020-06-29 15:57:47.666 mempool.go:126 [CRT] Mempool log: Successfully Reset from database
2020-06-29 15:57:47.666 websocket.go:74 [INF] RPC log: RPC Websocket server listening on 127.0.0.1:19338
2020-06-29 15:57:47.666 websocket.go:76 [INF] RPC log: RPC Websocket listener done for 127.0.0.1:19338
2020-06-29 15:57:47.666 http.go:116 [INF] RPC log: RPC Http server listening on 0.0.0.0:9338
2020-06-29 15:57:47.666 blockgenerator.go:36 [CRT] BlockChain log: Block Gen is starting
2020-06-29 15:57:47.666 http.go:123 [INF] RPC log: RPC Http listener done for 0.0.0.0:9338
2020-06-29 15:57:47.667 engine.go:203 [INF] Consensus log: CONSENSUS: Start
2020-06-29 15:57:48.666 submanager.go:79 [INF] Peerv2 log: role   0, key 1MSdVeTZiFmaaaoYtWvkbjNyrbFVmsctUbmneCcReig6qYpoqwdDtJ3ipzrcbsbYQgNH6txPDeoD7N1r7q8J8kbtbY5wnRSFGV82CvyYupQMzfWcmApRb9RTNQowHvWqnWUD1MQ8SWL24NrGTwQzmwWZrxagzC2ExbPQTjJqS65pUBgL6eTAu
2020-06-29 15:57:48.667 submanager.go:88 [INF] Peerv2 log: Role changed: {dummyLayer dummyRole -1000} -> {  0}
2020-06-29 15:57:48.667 submanager.go:253 [INF] Peerv2 log: Registering: message: [blockbeacon peerstate tx txprivacytok]
2020-06-29 15:57:48.667 submanager.go:254 [INF] Peerv2 log: Registering: nodeMode: auto
2020-06-29 15:57:48.667 submanager.go:255 [INF] Peerv2 log: Registering: layer: 
2020-06-29 15:57:48.667 submanager.go:256 [INF] Peerv2 log: Registering: role: 
2020-06-29 15:57:48.667 submanager.go:257 [INF] Peerv2 log: Registering: shardID: [0]
2020-06-29 15:57:48.667 submanager.go:258 [INF] Peerv2 log: Registering: peerID: QmXCEdz89uR2wHfrzpdYkzVPQcSrzGJPFbpGQJm4Nf9w71
2020-06-29 15:57:48.667 submanager.go:259 [INF] Peerv2 log: Registering: pubkey: 1KUb5k6rDg63
2020-06-29 15:57:48.667 connmanager.go:320 [ERR] Peerv2 log: Subscribe failed: forced = false hwID =  err = requester still not ready
github.com/incognitochain/incognito-chain/peerv2.(*BlockRequester).Register
	/Users/autonomous/co-go/src/github.com/incognitochain/incognito-chain/peerv2/blockrequester.go:142
github.com/incognitochain/incognito-chain/peerv2.(*SubManager).registerToProxy
	/Users/autonomous/co-go/src/github.com/incognitochain/incognito-chain/peerv2/submanager.go:261
github.com/incognitochain/incognito-chain/peerv2.(*SubManager).Subscribe
	/Users/autonomous/co-go/src/github.com/incognitochain/incognito-chain/peerv2/submanager.go:93
github.com/incognitochain/incognito-chain/peerv2.(*ConnManager).manageRoleSubscription
	/Users/autonomous/co-go/src/github.com/incognitochain/incognito-chain/peerv2/connmanager.go:318
runtime.goexit
	/usr/local/go/src/runtime/asm_amd64.s:1333
2020-06-29 15:57:49.670 submanager.go:79 [INF] Peerv2 log: role   0, key 1MSdVeTZiFmaaaoYtWvkbjNyrbFVmsctUbmneCcReig6qYpoqwdDtJ3ipzrcbsbYQgNH6txPDeoD7N1r7q8J8kbtbY5wnRSFGV82CvyYupQMzfWcmApRb9RTNQowHvWqnWUD1MQ8SWL24NrGTwQzmwWZrxagzC2ExbPQTjJqS65pUBgL6eTAu
2020-06-29 15:57:49.670 submanager.go:88 [INF] Peerv2 log: Role changed: {dummyLayer dummyRole -1000} -> {  0}
2020-06-29 15:57:49.670 submanager.go:253 [INF] Peerv2 log: Registering: message: [blockbeacon peerstate tx txprivacytok]
2020-06-29 15:57:49.670 submanager.go:254 [INF] Peerv2 log: Registering: nodeMode: auto
2020-06-29 15:57:49.670 submanager.go:255 [INF] Peerv2 log: Registering: layer: 
2020-06-29 15:57:49.670 submanager.go:256 [INF] Peerv2 log: Registering: role: 
2020-06-29 15:57:49.670 submanager.go:257 [INF] Peerv2 log: Registering: shardID: [0]
2020-06-29 15:57:49.670 submanager.go:258 [INF] Peerv2 log: Registering: peerID: QmXCEdz89uR2wHfrzpdYkzVPQcSrzGJPFbpGQJm4Nf9w71
2020-06-29 15:57:49.670 submanager.go:259 [INF] Peerv2 log: Registering: pubkey: 1KUb5k6rDg63
2020-06-29 15:57:49.670 connmanager.go:320 [ERR] Peerv2 log: Subscribe failed: forced = false hwID =  err = requester still not ready
github.com/incognitochain/incognito-chain/peerv2.(*BlockRequester).Register
	/Users/autonomous/co-go/src/github.com/incognitochain/incognito-chain/peerv2/blockrequester.go:142
github.com/incognitochain/incognito-chain/peerv2.(*SubManager).registerToProxy
	/Users/autonomous/co-go/src/github.com/incognitochain/incognito-chain/peerv2/submanager.go:261
github.com/incognitochain/incognito-chain/peerv2.(*SubManager).Subscribe
	/Users/autonomous/co-go/src/github.com/incognitochain/incognito-chain/peerv2/submanager.go:93
github.com/incognitochain/incognito-chain/peerv2.(*ConnManager).manageRoleSubscription
	/Users/autonomous/co-go/src/github.com/incognitochain/incognito-chain/peerv2/connmanager.go:318
runtime.goexit
	/usr/local/go/src/runtime/asm_amd64.s:1333
2020-06-29 15:57:50.668 submanager.go:79 [INF] Peerv2 log: role   0, key 1MSdVeTZiFmaaaoYtWvkbjNyrbFVmsctUbmneCcReig6qYpoqwdDtJ3ipzrcbsbYQgNH6txPDeoD7N1r7q8J8kbtbY5wnRSFGV82CvyYupQMzfWcmApRb9RTNQowHvWqnWUD1MQ8SWL24NrGTwQzmwWZrxagzC2ExbPQTjJqS65pUBgL6eTAu
2020-06-29 15:57:50.668 submanager.go:88 [INF] Peerv2 log: Role changed: {dummyLayer dummyRole -1000} -> {  0}
2020-06-29 15:57:50.668 submanager.go:253 [INF] Peerv2 log: Registering: message: [blockbeacon peerstate tx txprivacytok]
2020-06-29 15:57:50.668 submanager.go:254 [INF] Peerv2 log: Registering: nodeMode: auto
2020-06-29 15:57:50.668 submanager.go:255 [INF] Peerv2 log: Registering: layer: 
2020-06-29 15:57:50.668 engine.go:70 [INF] Consensus log: Node state role:  chainID: -2
2020-06-29 15:57:50.668 submanager.go:256 [INF] Peerv2 log: Registering: role: 
2020-06-29 15:57:50.669 submanager.go:257 [INF] Peerv2 log: Registering: shardID: [0]
2020-06-29 15:57:50.669 submanager.go:258 [INF] Peerv2 log: Registering: peerID: QmXCEdz89uR2wHfrzpdYkzVPQcSrzGJPFbpGQJm4Nf9w71
2020-06-29 15:57:50.669 submanager.go:259 [INF] Peerv2 log: Registering: pubkey: 1KUb5k6rDg63
2020-06-29 15:57:50.669 connmanager.go:320 [ERR] Peerv2 log: Subscribe failed: forced = false hwID =  err = requester still not ready
github.com/incognitochain/incognito-chain/peerv2.(*BlockRequester).Register
	/Users/autonomous/co-go/src/github.com/incognitochain/incognito-chain/peerv2/blockrequester.go:142
github.com/incognitochain/incognito-chain/peerv2.(*SubManager).registerToProxy
	/Users/autonomous/co-go/src/github.com/incognitochain/incognito-chain/peerv2/submanager.go:261
github.com/incognitochain/incognito-chain/peerv2.(*SubManager).Subscribe
	/Users/autonomous/co-go/src/github.com/incognitochain/incognito-chain/peerv2/submanager.go:93
github.com/incognitochain/incognito-chain/peerv2.(*ConnManager).manageRoleSubscription
	/Users/autonomous/co-go/src/github.com/incognitochain/incognito-chain/peerv2/connmanager.go:318
runtime.goexit
	/usr/local/go/src/runtime/asm_amd64.s:1333
2020-06-29 15:57:51.667 submanager.go:79 [INF] Peerv2 log: role   -2, key 1MSdVeTZiFmaaaoYtWvkbjNyrbFVmsctUbmneCcReig6qYpoqwdDtJ3ipzrcbsbYQgNH6txPDeoD7N1r7q8J8kbtbY5wnRSFGV82CvyYupQMzfWcmApRb9RTNQowHvWqnWUD1MQ8SWL24NrGTwQzmwWZrxagzC2ExbPQTjJqS65pUBgL6eTAu
2020-06-29 15:57:51.667 submanager.go:88 [INF] Peerv2 log: Role changed: {dummyLayer dummyRole -1000} -> {  -2}
2020-06-29 15:57:51.667 submanager.go:253 [INF] Peerv2 log: Registering: message: [blockbeacon peerstate tx txprivacytok]
2020-06-29 15:57:51.667 submanager.go:254 [INF] Peerv2 log: Registering: nodeMode: auto
2020-06-29 15:57:51.667 submanager.go:255 [INF] Peerv2 log: Registering: layer: 
2020-06-29 15:57:51.667 submanager.go:256 [INF] Peerv2 log: Registering: role: 
2020-06-29 15:57:51.667 submanager.go:257 [INF] Peerv2 log: Registering: shardID: [255]
2020-06-29 15:57:51.667 submanager.go:258 [INF] Peerv2 log: Registering: peerID: QmXCEdz89uR2wHfrzpdYkzVPQcSrzGJPFbpGQJm4Nf9w71
2020-06-29 15:57:51.667 submanager.go:259 [INF] Peerv2 log: Registering: pubkey: 1KUb5k6rDg63
2020-06-29 15:57:51.668 connmanager.go:320 [ERR] Peerv2 log: Subscribe failed: forced = false hwID =  err = requester still not ready
github.com/incognitochain/incognito-chain/peerv2.(*BlockRequester).Register
	/Users/autonomous/co-go/src/github.com/incognitochain/incognito-chain/peerv2/blockrequester.go:142
github.com/incognitochain/incognito-chain/peerv2.(*SubManager).registerToProxy
	/Users/autonomous/co-go/src/github.com/incognitochain/incognito-chain/peerv2/submanager.go:261
github.com/incognitochain/incognito-chain/peerv2.(*SubManager).Subscribe
	/Users/autonomous/co-go/src/github.com/incognitochain/incognito-chain/peerv2/submanager.go:93
github.com/incognitochain/incognito-chain/peerv2.(*ConnManager).manageRoleSubscription
	/Users/autonomous/co-go/src/github.com/incognitochain/incognito-chain/peerv2/connmanager.go:318
runtime.goexit
	/usr/local/go/src/runtime/asm_amd64.s:1333
2020-06-29 15:57:52.667 submanager.go:79 [INF] Peerv2 log: role   -2, key 1MSdVeTZiFmaaaoYtWvkbjNyrbFVmsctUbmneCcReig6qYpoqwdDtJ3ipzrcbsbYQgNH6txPDeoD7N1r7q8J8kbtbY5wnRSFGV82CvyYupQMzfWcmApRb9RTNQowHvWqnWUD1MQ8SWL24NrGTwQzmwWZrxagzC2ExbPQTjJqS65pUBgL6eTAu
2020-06-29 15:57:52.667 submanager.go:88 [INF] Peerv2 log: Role changed: {dummyLayer dummyRole -1000} -> {  -2}
2020-06-29 15:57:52.667 submanager.go:253 [INF] Peerv2 log: Registering: message: [blockbeacon peerstate tx txprivacytok]
2020-06-29 15:57:52.667 submanager.go:254 [INF] Peerv2 log: Registering: nodeMode: auto
2020-06-29 15:57:52.667 submanager.go:255 [INF] Peerv2 log: Registering: layer: 
2020-06-29 15:57:52.667 submanager.go:256 [INF] Peerv2 log: Registering: role: 
2020-06-29 15:57:52.667 submanager.go:257 [INF] Peerv2 log: Registering: shardID: [255]
2020-06-29 15:57:52.667 submanager.go:258 [INF] Peerv2 log: Registering: peerID: QmXCEdz89uR2wHfrzpdYkzVPQcSrzGJPFbpGQJm4Nf9w71
2020-06-29 15:57:52.667 submanager.go:259 [INF] Peerv2 log: Registering: pubkey: 1KUb5k6rDg63
2020-06-29 15:57:52.667 connmanager.go:320 [ERR] Peerv2 log: Subscribe failed: forced = false hwID =  err = requester still not ready
github.com/incognitochain/incognito-chain/peerv2.(*BlockRequester).Register
	/Users/autonomous/co-go/src/github.com/incognitochain/incognito-chain/peerv2/blockrequester.go:142
github.com/incognitochain/incognito-chain/peerv2.(*SubManager).registerToProxy
	/Users/autonomous/co-go/src/github.com/incognitochain/incognito-chain/peerv2/submanager.go:261
github.com/incognitochain/incognito-chain/peerv2.(*SubManager).Subscribe
	/Users/autonomous/co-go/src/github.com/incognitochain/incognito-chain/peerv2/submanager.go:93
github.com/incognitochain/incognito-chain/peerv2.(*ConnManager).manageRoleSubscription
	/Users/autonomous/co-go/src/github.com/incognitochain/incognito-chain/peerv2/connmanager.go:318
runtime.goexit
	/usr/local/go/src/runtime/asm_amd64.s:1333
2020-06-29 15:57:53.668 submanager.go:79 [INF] Peerv2 log: role   -2, key 1MSdVeTZiFmaaaoYtWvkbjNyrbFVmsctUbmneCcReig6qYpoqwdDtJ3ipzrcbsbYQgNH6txPDeoD7N1r7q8J8kbtbY5wnRSFGV82CvyYupQMzfWcmApRb9RTNQowHvWqnWUD1MQ8SWL24NrGTwQzmwWZrxagzC2ExbPQTjJqS65pUBgL6eTAu
2020-06-29 15:57:53.668 submanager.go:88 [INF] Peerv2 log: Role changed: {dummyLayer dummyRole -1000} -> {  -2}
2020-06-29 15:57:53.668 submanager.go:253 [INF] Peerv2 log: Registering: message: [blockbeacon peerstate tx txprivacytok]
2020-06-29 15:57:53.668 submanager.go:254 [INF] Peerv2 log: Registering: nodeMode: auto
2020-06-29 15:57:53.668 submanager.go:255 [INF] Peerv2 log: Registering: layer: 
2020-06-29 15:57:53.668 submanager.go:256 [INF] Peerv2 log: Registering: role: 
2020-06-29 15:57:53.668 submanager.go:257 [INF] Peerv2 log: Registering: shardID: [255]
2020-06-29 15:57:53.669 submanager.go:258 [INF] Peerv2 log: Registering: peerID: QmXCEdz89uR2wHfrzpdYkzVPQcSrzGJPFbpGQJm4Nf9w71
2020-06-29 15:57:53.669 submanager.go:259 [INF] Peerv2 log: Registering: pubkey: 1KUb5k6rDg63
2020-06-29 15:57:53.669 connmanager.go:320 [ERR] Peerv2 log: Subscribe failed: forced = false hwID =  err = requester still not ready
github.com/incognitochain/incognito-chain/peerv2.(*BlockRequester).Register
	/Users/autonomous/co-go/src/github.com/incognitochain/incognito-chain/peerv2/blockrequester.go:142
github.com/incognitochain/incognito-chain/peerv2.(*SubManager).registerToProxy
	/Users/autonomous/co-go/src/github.com/incognitochain/incognito-chain/peerv2/submanager.go:261
github.com/incognitochain/incognito-chain/peerv2.(*SubManager).Subscribe
	/Users/autonomous/co-go/src/github.com/incognitochain/incognito-chain/peerv2/submanager.go:93
github.com/incognitochain/incognito-chain/peerv2.(*ConnManager).manageRoleSubscription
	/Users/autonomous/co-go/src/github.com/incognitochain/incognito-chain/peerv2/connmanager.go:318
runtime.goexit
	/usr/local/go/src/runtime/asm_amd64.s:1333
2020-06-29 15:57:54.669 submanager.go:79 [INF] Peerv2 log: role   -2, key 1MSdVeTZiFmaaaoYtWvkbjNyrbFVmsctUbmneCcReig6qYpoqwdDtJ3ipzrcbsbYQgNH6txPDeoD7N1r7q8J8kbtbY5wnRSFGV82CvyYupQMzfWcmApRb9RTNQowHvWqnWUD1MQ8SWL24NrGTwQzmwWZrxagzC2ExbPQTjJqS65pUBgL6eTAu
2020-06-29 15:57:54.669 submanager.go:88 [INF] Peerv2 log: Role changed: {dummyLayer dummyRole -1000} -> {  -2}
2020-06-29 15:57:54.669 submanager.go:253 [INF] Peerv2 log: Registering: message: [blockbeacon peerstate tx txprivacytok]
2020-06-29 15:57:54.669 submanager.go:254 [INF] Peerv2 log: Registering: nodeMode: auto
2020-06-29 15:57:54.669 submanager.go:255 [INF] Peerv2 log: Registering: layer: 
2020-06-29 15:57:54.669 submanager.go:256 [INF] Peerv2 log: Registering: role: 
2020-06-29 15:57:54.669 submanager.go:257 [INF] Peerv2 log: Registering: shardID: [255]
2020-06-29 15:57:54.669 submanager.go:258 [INF] Peerv2 log: Registering: peerID: QmXCEdz89uR2wHfrzpdYkzVPQcSrzGJPFbpGQJm4Nf9w71
2020-06-29 15:57:54.669 submanager.go:259 [INF] Peerv2 log: Registering: pubkey: 1KUb5k6rDg63
2020-06-29 15:57:54.669 connmanager.go:320 [ERR] Peerv2 log: Subscribe failed: forced = false hwID =  err = requester still not ready
github.com/incognitochain/incognito-chain/peerv2.(*BlockRequester).Register
	/Users/autonomous/co-go/src/github.com/incognitochain/incognito-chain/peerv2/blockrequester.go:142
github.com/incognitochain/incognito-chain/peerv2.(*SubManager).registerToProxy
	/Users/autonomous/co-go/src/github.com/incognitochain/incognito-chain/peerv2/submanager.go:261
github.com/incognitochain/incognito-chain/peerv2.(*SubManager).Subscribe
	/Users/autonomous/co-go/src/github.com/incognitochain/incognito-chain/peerv2/submanager.go:93
github.com/incognitochain/incognito-chain/peerv2.(*ConnManager).manageRoleSubscription
	/Users/autonomous/co-go/src/github.com/incognitochain/incognito-chain/peerv2/connmanager.go:318
runtime.goexit
	/usr/local/go/src/runtime/asm_amd64.s:1333
2020-06-29 15:57:55.669 submanager.go:79 [INF] Peerv2 log: role   -2, key 1MSdVeTZiFmaaaoYtWvkbjNyrbFVmsctUbmneCcReig6qYpoqwdDtJ3ipzrcbsbYQgNH6txPDeoD7N1r7q8J8kbtbY5wnRSFGV82CvyYupQMzfWcmApRb9RTNQowHvWqnWUD1MQ8SWL24NrGTwQzmwWZrxagzC2ExbPQTjJqS65pUBgL6eTAu
2020-06-29 15:57:55.669 submanager.go:88 [INF] Peerv2 log: Role changed: {dummyLayer dummyRole -1000} -> {  -2}
2020-06-29 15:57:55.669 submanager.go:253 [INF] Peerv2 log: Registering: message: [blockbeacon peerstate tx txprivacytok]
2020-06-29 15:57:55.669 submanager.go:254 [INF] Peerv2 log: Registering: nodeMode: auto
2020-06-29 15:57:55.669 submanager.go:255 [INF] Peerv2 log: Registering: layer: 
2020-06-29 15:57:55.669 submanager.go:256 [INF] Peerv2 log: Registering: role: 
2020-06-29 15:57:55.669 submanager.go:257 [INF] Peerv2 log: Registering: shardID: [255]
2020-06-29 15:57:55.669 submanager.go:258 [INF] Peerv2 log: Registering: peerID: QmXCEdz89uR2wHfrzpdYkzVPQcSrzGJPFbpGQJm4Nf9w71
2020-06-29 15:57:55.669 submanager.go:259 [INF] Peerv2 log: Registering: pubkey: 1KUb5k6rDg63
2020-06-29 15:57:55.669 connmanager.go:320 [ERR] Peerv2 log: Subscribe failed: forced = false hwID =  err = requester still not ready
github.com/incognitochain/incognito-chain/peerv2.(*BlockRequester).Register
	/Users/autonomous/co-go/src/github.com/incognitochain/incognito-chain/peerv2/blockrequester.go:142
github.com/incognitochain/incognito-chain/peerv2.(*SubManager).registerToProxy
	/Users/autonomous/co-go/src/github.com/incognitochain/incognito-chain/peerv2/submanager.go:261
github.com/incognitochain/incognito-chain/peerv2.(*SubManager).Subscribe
	/Users/autonomous/co-go/src/github.com/incognitochain/incognito-chain/peerv2/submanager.go:93
github.com/incognitochain/incognito-chain/peerv2.(*ConnManager).manageRoleSubscription
	/Users/autonomous/co-go/src/github.com/incognitochain/incognito-chain/peerv2/connmanager.go:318
runtime.goexit
	/usr/local/go/src/runtime/asm_amd64.s:1333
2020-06-29 15:57:56.670 submanager.go:79 [INF] Peerv2 log: role   -2, key 1MSdVeTZiFmaaaoYtWvkbjNyrbFVmsctUbmneCcReig6qYpoqwdDtJ3ipzrcbsbYQgNH6txPDeoD7N1r7q8J8kbtbY5wnRSFGV82CvyYupQMzfWcmApRb9RTNQowHvWqnWUD1MQ8SWL24NrGTwQzmwWZrxagzC2ExbPQTjJqS65pUBgL6eTAu
2020-06-29 15:57:56.670 submanager.go:88 [INF] Peerv2 log: Role changed: {dummyLayer dummyRole -1000} -> {  -2}
2020-06-29 15:57:56.670 submanager.go:253 [INF] Peerv2 log: Registering: message: [blockbeacon peerstate tx txprivacytok]
2020-06-29 15:57:56.670 submanager.go:254 [INF] Peerv2 log: Registering: nodeMode: auto
2020-06-29 15:57:56.670 submanager.go:255 [INF] Peerv2 log: Registering: layer: 
2020-06-29 15:57:56.671 submanager.go:256 [INF] Peerv2 log: Registering: role: 
2020-06-29 15:57:56.671 submanager.go:257 [INF] Peerv2 log: Registering: shardID: [255]
2020-06-29 15:57:56.671 submanager.go:258 [INF] Peerv2 log: Registering: peerID: QmXCEdz89uR2wHfrzpdYkzVPQcSrzGJPFbpGQJm4Nf9w71
2020-06-29 15:57:56.671 submanager.go:259 [INF] Peerv2 log: Registering: pubkey: 1KUb5k6rDg63
2020-06-29 15:57:56.671 connmanager.go:320 [ERR] Peerv2 log: Subscribe failed: forced = false hwID =  err = requester still not ready
github.com/incognitochain/incognito-chain/peerv2.(*BlockRequester).Register
	/Users/autonomous/co-go/src/github.com/incognitochain/incognito-chain/peerv2/blockrequester.go:142
github.com/incognitochain/incognito-chain/peerv2.(*SubManager).registerToProxy
	/Users/autonomous/co-go/src/github.com/incognitochain/incognito-chain/peerv2/submanager.go:261
github.com/incognitochain/incognito-chain/peerv2.(*SubManager).Subscribe
	/Users/autonomous/co-go/src/github.com/incognitochain/incognito-chain/peerv2/submanager.go:93
github.com/incognitochain/incognito-chain/peerv2.(*ConnManager).manageRoleSubscription
	/Users/autonomous/co-go/src/github.com/incognitochain/incognito-chain/peerv2/connmanager.go:318
runtime.goexit
	/usr/local/go/src/runtime/asm_amd64.s:1333
2020-06-29 15:57:57.669 submanager.go:79 [INF] Peerv2 log: role   -2, key 1MSdVeTZiFmaaaoYtWvkbjNyrbFVmsctUbmneCcReig6qYpoqwdDtJ3ipzrcbsbYQgNH6txPDeoD7N1r7q8J8kbtbY5wnRSFGV82CvyYupQMzfWcmApRb9RTNQowHvWqnWUD1MQ8SWL24NrGTwQzmwWZrxagzC2ExbPQTjJqS65pUBgL6eTAu
2020-06-29 15:57:57.669 submanager.go:88 [INF] Peerv2 log: Role changed: {dummyLayer dummyRole -1000} -> {  -2}
2020-06-29 15:57:57.669 submanager.go:253 [INF] Peerv2 log: Registering: message: [blockbeacon peerstate tx txprivacytok]
2020-06-29 15:57:57.669 submanager.go:254 [INF] Peerv2 log: Registering: nodeMode: auto
2020-06-29 15:57:57.669 submanager.go:255 [INF] Peerv2 log: Registering: layer: 
2020-06-29 15:57:57.669 submanager.go:256 [INF] Peerv2 log: Registering: role: 
2020-06-29 15:57:57.669 submanager.go:257 [INF] Peerv2 log: Registering: shardID: [255]
2020-06-29 15:57:57.669 submanager.go:258 [INF] Peerv2 log: Registering: peerID: QmXCEdz89uR2wHfrzpdYkzVPQcSrzGJPFbpGQJm4Nf9w71
2020-06-29 15:57:57.669 submanager.go:259 [INF] Peerv2 log: Registering: pubkey: 1KUb5k6rDg63
2020-06-29 15:57:57.669 connmanager.go:320 [ERR] Peerv2 log: Subscribe failed: forced = false hwID =  err = requester still not ready
github.com/incognitochain/incognito-chain/peerv2.(*BlockRequester).Register
	/Users/autonomous/co-go/src/github.com/incognitochain/incognito-chain/peerv2/blockrequester.go:142
github.com/incognitochain/incognito-chain/peerv2.(*SubManager).registerToProxy
	/Users/autonomous/co-go/src/github.com/incognitochain/incognito-chain/peerv2/submanager.go:261
github.com/incognitochain/incognito-chain/peerv2.(*SubManager).Subscribe
	/Users/autonomous/co-go/src/github.com/incognitochain/incognito-chain/peerv2/submanager.go:93
github.com/incognitochain/incognito-chain/peerv2.(*ConnManager).manageRoleSubscription
	/Users/autonomous/co-go/src/github.com/incognitochain/incognito-chain/peerv2/connmanager.go:318
runtime.goexit
	/usr/local/go/src/runtime/asm_amd64.s:1333
2020-06-29 15:57:57.670 blockrequester.go:73 [WRN] Peerv2 log: BlockRequester is not ready, dialing
2020-06-29 15:57:57.670 addrkeeper.go:164 [INF] Peerv2 log: Full RPC address list: [{ 0.0.0.0:9330}]
2020-06-29 15:57:57.670 addrkeeper.go:172 [INF] Peerv2 log: RPCing addr { 0.0.0.0:9330} from list [{ 0.0.0.0:9330}]
2020-06-29 15:57:57.672 addrkeeper.go:201 [INF] Peerv2 log: Got map[all:[{/ip4/0.0.0.0/tcp/7337/ipfs/QmNwaG1MyyuAkroNyeuJ51kFBZ88M9ErXHLrMU9pDw5DMN 0.0.0.0:9330}]] from bootnode
2020-06-29 15:57:57.672 addrkeeper.go:48 [INF] Peerv2 log: Updated highway addresses: [{Libp2pAddr:/ip4/0.0.0.0/tcp/7337/ipfs/QmNwaG1MyyuAkroNyeuJ51kFBZ88M9ErXHLrMU9pDw5DMN RPCUrl:0.0.0.0:9330} {Libp2pAddr: RPCUrl:0.0.0.0:9330}]
2020-06-29 15:57:57.672 addrkeeper.go:111 [INF] Peerv2 log: Full known addrs: [{/ip4/0.0.0.0/tcp/7337/ipfs/QmNwaG1MyyuAkroNyeuJ51kFBZ88M9ErXHLrMU9pDw5DMN 0.0.0.0:9330}]
2020-06-29 15:57:57.672 addrkeeper.go:118 [INF] Peerv2 log: Choosing highway to connect from non-ignored list [{/ip4/0.0.0.0/tcp/7337/ipfs/QmNwaG1MyyuAkroNyeuJ51kFBZ88M9ErXHLrMU9pDw5DMN 0.0.0.0:9330}]
2020-06-29 15:57:57.674 addrkeeper.go:55 [INF] Peerv2 log: Chosen address: {Libp2pAddr:/ip4/0.0.0.0/tcp/7337/ipfs/QmNwaG1MyyuAkroNyeuJ51kFBZ88M9ErXHLrMU9pDw5DMN RPCUrl:0.0.0.0:9330}
2020-06-29 15:57:57.674 connmanager.go:277 [INF] Peerv2 log: Not connected to highway, connecting
2020-06-29 15:57:57.678 connmanager.go:292 [INF] Peerv2 log: Connected to highway, sending register request
2020-06-29 15:57:57.678 connmanager.go:326 [INF] Peerv2 log: Received request to register
2020-06-29 15:57:58.668 connmanager.go:314 [ERR] Peerv2 log: Waiting to establish connection to highway: new highway = QmNwaG1MyyuAkroNyeuJ51kFBZ88M9ErXHLrMU9pDw5DMN, current = 
2020-06-29 15:57:59.668 connmanager.go:314 [ERR] Peerv2 log: Waiting to establish connection to highway: new highway = QmNwaG1MyyuAkroNyeuJ51kFBZ88M9ErXHLrMU9pDw5DMN, current = 
2020-06-29 15:58:00.670 connmanager.go:314 [ERR] Peerv2 log: Waiting to establish connection to highway: new highway = QmNwaG1MyyuAkroNyeuJ51kFBZ88M9ErXHLrMU9pDw5DMN, current = 
2020-06-29 15:58:01.668 connmanager.go:314 [ERR] Peerv2 log: Waiting to establish connection to highway: new highway = QmNwaG1MyyuAkroNyeuJ51kFBZ88M9ErXHLrMU9pDw5DMN, current = 
2020-06-29 15:58:02.668 connmanager.go:314 [ERR] Peerv2 log: Waiting to establish connection to highway: new highway = QmNwaG1MyyuAkroNyeuJ51kFBZ88M9ErXHLrMU9pDw5DMN, current = 
2020-06-29 15:58:02.670 blockrequester.go:86 [ERR] Peerv2 log: Could not dial to highway grpc server: context deadline exceeded 
2020-06-29 15:58:02.670 blockrequester.go:95 [INF] Peerv2 log: Received new highway peerID, old = , new = QmNwaG1MyyuAkroNyeuJ51kFBZ88M9ErXHLrMU9pDw5DMN
2020-06-29 15:58:02.670 blockrequester.go:95 [INF] Peerv2 log: Received new highway peerID, old = QmNwaG1MyyuAkroNyeuJ51kFBZ88M9ErXHLrMU9pDw5DMN, new = QmNwaG1MyyuAkroNyeuJ51kFBZ88M9ErXHLrMU9pDw5DMN
2020-06-29 15:58:02.670 blockrequester.go:95 [INF] Peerv2 log: Received new highway peerID, old = QmNwaG1MyyuAkroNyeuJ51kFBZ88M9ErXHLrMU9pDw5DMN, new = QmNwaG1MyyuAkroNyeuJ51kFBZ88M9ErXHLrMU9pDw5DMN
2020-06-29 15:58:02.670 blockrequester.go:95 [INF] Peerv2 log: Received new highway peerID, old = QmNwaG1MyyuAkroNyeuJ51kFBZ88M9ErXHLrMU9pDw5DMN, new = QmNwaG1MyyuAkroNyeuJ51kFBZ88M9ErXHLrMU9pDw5DMN
2020-06-29 15:58:02.670 blockrequester.go:95 [INF] Peerv2 log: Received new highway peerID, old = QmNwaG1MyyuAkroNyeuJ51kFBZ88M9ErXHLrMU9pDw5DMN, new = QmNwaG1MyyuAkroNyeuJ51kFBZ88M9ErXHLrMU9pDw5DMN
2020-06-29 15:58:03.668 connmanager.go:314 [ERR] Peerv2 log: Waiting to establish connection to highway: new highway = QmNwaG1MyyuAkroNyeuJ51kFBZ88M9ErXHLrMU9pDw5DMN, current = 
2020-06-29 15:58:03.668 blockrequester.go:95 [INF] Peerv2 log: Received new highway peerID, old = QmNwaG1MyyuAkroNyeuJ51kFBZ88M9ErXHLrMU9pDw5DMN, new = QmNwaG1MyyuAkroNyeuJ51kFBZ88M9ErXHLrMU9pDw5DMN
2020-06-29 15:58:04.669 connmanager.go:314 [ERR] Peerv2 log: Waiting to establish connection to highway: new highway = QmNwaG1MyyuAkroNyeuJ51kFBZ88M9ErXHLrMU9pDw5DMN, current = 
2020-06-29 15:58:04.669 blockrequester.go:95 [INF] Peerv2 log: Received new highway peerID, old = QmNwaG1MyyuAkroNyeuJ51kFBZ88M9ErXHLrMU9pDw5DMN, new = QmNwaG1MyyuAkroNyeuJ51kFBZ88M9ErXHLrMU9pDw5DMN
2020-06-29 15:58:05.668 connmanager.go:314 [ERR] Peerv2 log: Waiting to establish connection to highway: new highway = QmNwaG1MyyuAkroNyeuJ51kFBZ88M9ErXHLrMU9pDw5DMN, current = 
2020-06-29 15:58:05.668 blockrequester.go:95 [INF] Peerv2 log: Received new highway peerID, old = QmNwaG1MyyuAkroNyeuJ51kFBZ88M9ErXHLrMU9pDw5DMN, new = QmNwaG1MyyuAkroNyeuJ51kFBZ88M9ErXHLrMU9pDw5DMN
2020-06-29 15:58:06.669 connmanager.go:314 [ERR] Peerv2 log: Waiting to establish connection to highway: new highway = QmNwaG1MyyuAkroNyeuJ51kFBZ88M9ErXHLrMU9pDw5DMN, current = 
2020-06-29 15:58:06.669 blockrequester.go:95 [INF] Peerv2 log: Received new highway peerID, old = QmNwaG1MyyuAkroNyeuJ51kFBZ88M9ErXHLrMU9pDw5DMN, new = QmNwaG1MyyuAkroNyeuJ51kFBZ88M9ErXHLrMU9pDw5DMN
2020-06-29 15:58:07.670 blockrequester.go:73 [WRN] Peerv2 log: BlockRequester is not ready, dialing
2020-06-29 15:58:07.670 connmanager.go:314 [ERR] Peerv2 log: Waiting to establish connection to highway: new highway = QmNwaG1MyyuAkroNyeuJ51kFBZ88M9ErXHLrMU9pDw5DMN, current = 
2020-06-29 15:58:07.671 blockrequester.go:95 [INF] Peerv2 log: Received new highway peerID, old = QmNwaG1MyyuAkroNyeuJ51kFBZ88M9ErXHLrMU9pDw5DMN, new = QmNwaG1MyyuAkroNyeuJ51kFBZ88M9ErXHLrMU9pDw5DMN
2020-06-29 15:58:08.669 submanager.go:79 [INF] Peerv2 log: role   -2, key 1MSdVeTZiFmaaaoYtWvkbjNyrbFVmsctUbmneCcReig6qYpoqwdDtJ3ipzrcbsbYQgNH6txPDeoD7N1r7q8J8kbtbY5wnRSFGV82CvyYupQMzfWcmApRb9RTNQowHvWqnWUD1MQ8SWL24NrGTwQzmwWZrxagzC2ExbPQTjJqS65pUBgL6eTAu
2020-06-29 15:58:08.669 submanager.go:88 [INF] Peerv2 log: Role changed: {dummyLayer dummyRole -1000} -> {  -2}
2020-06-29 15:58:08.669 submanager.go:253 [INF] Peerv2 log: Registering: message: [blockbeacon peerstate tx txprivacytok]
2020-06-29 15:58:08.669 submanager.go:254 [INF] Peerv2 log: Registering: nodeMode: auto
2020-06-29 15:58:08.669 submanager.go:255 [INF] Peerv2 log: Registering: layer: 
2020-06-29 15:58:08.669 submanager.go:256 [INF] Peerv2 log: Registering: role: 
2020-06-29 15:58:08.669 submanager.go:257 [INF] Peerv2 log: Registering: shardID: [255]
2020-06-29 15:58:08.669 submanager.go:258 [INF] Peerv2 log: Registering: peerID: QmXCEdz89uR2wHfrzpdYkzVPQcSrzGJPFbpGQJm4Nf9w71
2020-06-29 15:58:08.669 submanager.go:259 [INF] Peerv2 log: Registering: pubkey: 1KUb5k6rDg63
2020-06-29 15:58:08.670 submanager.go:197 [INF] Peerv2 log: Process message blockbeacon and topic [{blockbeacon--QmNwaG1MyyuAkroNyeuJ51kFBZ88M9ErXHLrMU9pDw5DMN-nodesub <nil> SUB}]
2020-06-29 15:58:08.671 submanager.go:210 [INF] Peerv2 log: subscribing message: blockbeacon, topic: blockbeacon--QmNwaG1MyyuAkroNyeuJ51kFBZ88M9ErXHLrMU9pDw5DMN-nodesub
2020-06-29 15:58:08.671 submanager.go:197 [INF] Peerv2 log: Process message peerstate and topic [{peerstate-255-QmNwaG1MyyuAkroNyeuJ51kFBZ88M9ErXHLrMU9pDw5DMN-nodesub <nil> SUB}]
2020-06-29 15:58:08.671 submanager.go:210 [INF] Peerv2 log: subscribing message: peerstate, topic: peerstate-255-QmNwaG1MyyuAkroNyeuJ51kFBZ88M9ErXHLrMU9pDw5DMN-nodesub
syncker: receive beacon block 2 
2020-06-29 15:58:11.693 beaconsyncprocess.go:242 [INF] Syncker log : Syncker: Insert beacon from pool 2
2020-06-29 15:58:11.701 beaconprocess.go:85 [INF] BlockChain log: BEACON | InsertBeaconBlock  2 with hash [202 45 50 18 114 19 211 248 85 107 147 192 158 191 33 61 108 126 214 86 233 171 188 117 223 233 233 178 226 40 80 211]
2020-06-29 15:58:11.708 beaconprocess.go:231 [INF] BlockChain log: BEACON | Process Store Beacon Block Height 2 with hash [202 45 50 18 114 19 211 248 85 107 147 192 158 191 33 61 108 126 214 86 233 171 188 117 223 233 233 178 226 40 80 211]
2020-06-29 15:58:11.709 statedb.go:161 [INF] DAO log: StateDB commit and return root hash time 5.609µs
2020-06-29 15:58:11.709 intermediatewriter.go:720 [INF] Trie log: Persisted trie from memory database nodes 0 size 0.00 B time 3.738µs gcnodes 0 gcsize 0.00 B gctime 0s livenodes 1 livesize 0.00 B
2020-06-29 15:58:11.709 statedb.go:161 [INF] DAO log: StateDB commit and return root hash time 2.578µs
2020-06-29 15:58:11.709 intermediatewriter.go:720 [INF] Trie log: Persisted trie from memory database nodes 0 size 0.00 B time 2.914µs gcnodes 0 gcsize 0.00 B gctime 0s livenodes 1 livesize 0.00 B
2020-06-29 15:58:11.709 statedb.go:161 [INF] DAO log: StateDB commit and return root hash time 2.073µs
2020-06-29 15:58:11.709 intermediatewriter.go:720 [INF] Trie log: Persisted trie from memory database nodes 0 size 0.00 B time 28.356µs gcnodes 0 gcsize 0.00 B gctime 0s livenodes 1 livesize 0.00 B
2020-06-29 15:58:11.709 statedb.go:161 [INF] DAO log: StateDB commit and return root hash time 3.115µs
2020-06-29 15:58:11.709 intermediatewriter.go:720 [INF] Trie log: Persisted trie from memory database nodes 0 size 0.00 B time 2.821µs gcnodes 0 gcsize 0.00 B gctime 0s livenodes 1 livesize 0.00 B
2020-06-29 15:58:11.710 beaconprocess.go:252 [INF] BlockChain log: BEACON | Finish Insert new Beacon Block 2, with hash d35028e2b2e9e9df75bcabe956d67e6c3d21bf9ec0936b55f8d3137212322dca
syncker: receive beacon block 3 
2020-06-29 15:58:21.724 beaconsyncprocess.go:242 [INF] Syncker log : Syncker: Insert beacon from pool 3
2020-06-29 15:58:21.730 beaconprocess.go:85 [INF] BlockChain log: BEACON | InsertBeaconBlock  3 with hash [67 66 79 19 71 140 140 242 197 201 50 193 238 111 133 24 17 201 92 183 239 93 60 124 195 110 20 123 110 18 234 206]
2020-06-29 15:58:21.737 beaconprocess.go:231 [INF] BlockChain log: BEACON | Process Store Beacon Block Height 3 with hash [67 66 79 19 71 140 140 242 197 201 50 193 238 111 133 24 17 201 92 183 239 93 60 124 195 110 20 123 110 18 234 206]
2020-06-29 15:58:21.738 statedb.go:161 [INF] DAO log: StateDB commit and return root hash time 9.184µs
2020-06-29 15:58:21.738 intermediatewriter.go:720 [INF] Trie log: Persisted trie from memory database nodes 0 size 0.00 B time 6.078µs gcnodes 0 gcsize 0.00 B gctime 0s livenodes 1 livesize 0.00 B
2020-06-29 15:58:21.738 statedb.go:161 [INF] DAO log: StateDB commit and return root hash time 2.58µs
2020-06-29 15:58:21.738 intermediatewriter.go:720 [INF] Trie log: Persisted trie from memory database nodes 0 size 0.00 B time 2.398µs gcnodes 0 gcsize 0.00 B gctime 0s livenodes 1 livesize 0.00 B
2020-06-29 15:58:21.738 statedb.go:161 [INF] DAO log: StateDB commit and return root hash time 2.145µs
2020-06-29 15:58:21.738 intermediatewriter.go:720 [INF] Trie log: Persisted trie from memory database nodes 0 size 0.00 B time 2.285µs gcnodes 0 gcsize 0.00 B gctime 0s livenodes 1 livesize 0.00 B
2020-06-29 15:58:21.738 statedb.go:161 [INF] DAO log: StateDB commit and return root hash time 2.446µs
2020-06-29 15:58:21.738 intermediatewriter.go:720 [INF] Trie log: Persisted trie from memory database nodes 0 size 0.00 B time 2.832µs gcnodes 0 gcsize 0.00 B gctime 0s livenodes 1 livesize 0.00 B
2020-06-29 15:58:21.739 beaconprocess.go:252 [INF] BlockChain log: BEACON | Finish Insert new Beacon Block 3, with hash ceea126e7b146ec37c3c5defb75cc91118856feec132c9c5f28c8c47134f4243
syncker: receive beacon block 4 
2020-06-29 15:58:31.756 beaconsyncprocess.go:242 [INF] Syncker log : Syncker: Insert beacon from pool 4
2020-06-29 15:58:31.761 beaconprocess.go:85 [INF] BlockChain log: BEACON | InsertBeaconBlock  4 with hash [61 214 120 197 193 140 6 5 80 148 168 93 31 156 36 241 56 17 244 119 235 202 64 52 9 160 176 92 149 184 240 86]
2020-06-29 15:58:31.766 beaconprocess.go:231 [INF] BlockChain log: BEACON | Process Store Beacon Block Height 4 with hash [61 214 120 197 193 140 6 5 80 148 168 93 31 156 36 241 56 17 244 119 235 202 64 52 9 160 176 92 149 184 240 86]
2020-06-29 15:58:31.766 statedb.go:161 [INF] DAO log: StateDB commit and return root hash time 10.427µs
2020-06-29 15:58:31.767 intermediatewriter.go:720 [INF] Trie log: Persisted trie from memory database nodes 0 size 0.00 B time 3.99µs gcnodes 0 gcsize 0.00 B gctime 0s livenodes 1 livesize 0.00 B
2020-06-29 15:58:31.767 statedb.go:161 [INF] DAO log: StateDB commit and return root hash time 2.317µs
2020-06-29 15:58:31.767 intermediatewriter.go:720 [INF] Trie log: Persisted trie from memory database nodes 0 size 0.00 B time 2.513µs gcnodes 0 gcsize 0.00 B gctime 0s livenodes 1 livesize 0.00 B
2020-06-29 15:58:31.767 statedb.go:161 [INF] DAO log: StateDB commit and return root hash time 2.26µs
2020-06-29 15:58:31.767 intermediatewriter.go:720 [INF] Trie log: Persisted trie from memory database nodes 0 size 0.00 B time 3.734µs gcnodes 0 gcsize 0.00 B gctime 0s livenodes 1 livesize 0.00 B
2020-06-29 15:58:31.767 statedb.go:161 [INF] DAO log: StateDB commit and return root hash time 2.822µs
2020-06-29 15:58:31.767 intermediatewriter.go:720 [INF] Trie log: Persisted trie from memory database nodes 0 size 0.00 B time 3.136µs gcnodes 0 gcsize 0.00 B gctime 0s livenodes 1 livesize 0.00 B
2020-06-29 15:58:31.768 beaconprocess.go:252 [INF] BlockChain log: BEACON | Finish Insert new Beacon Block 4, with hash 56f0b8955cb0a0093440caeb77f41138f1249c1f5da8945005068cc1c578d63d
syncker: receive beacon block 5 
2020-06-29 15:58:41.787 beaconsyncprocess.go:242 [INF] Syncker log : Syncker: Insert beacon from pool 5
2020-06-29 15:58:41.793 beaconprocess.go:85 [INF] BlockChain log: BEACON | InsertBeaconBlock  5 with hash [253 206 190 207 39 88 42 185 35 188 10 248 217 77 191 9 246 242 202 72 184 130 157 93 51 115 56 232 185 149 167 11]
2020-06-29 15:58:41.800 beaconprocess.go:231 [INF] BlockChain log: BEACON | Process Store Beacon Block Height 5 with hash [253 206 190 207 39 88 42 185 35 188 10 248 217 77 191 9 246 242 202 72 184 130 157 93 51 115 56 232 185 149 167 11]
2020-06-29 15:58:41.801 statedb.go:161 [INF] DAO log: StateDB commit and return root hash time 8.271µs
2020-06-29 15:58:41.801 intermediatewriter.go:720 [INF] Trie log: Persisted trie from memory database nodes 0 size 0.00 B time 10.133µs gcnodes 0 gcsize 0.00 B gctime 0s livenodes 1 livesize 0.00 B
2020-06-29 15:58:41.801 statedb.go:161 [INF] DAO log: StateDB commit and return root hash time 3.628µs
2020-06-29 15:58:41.801 intermediatewriter.go:720 [INF] Trie log: Persisted trie from memory database nodes 0 size 0.00 B time 4.207µs gcnodes 0 gcsize 0.00 B gctime 0s livenodes 1 livesize 0.00 B
2020-06-29 15:58:41.801 statedb.go:161 [INF] DAO log: StateDB commit and return root hash time 2.334µs
2020-06-29 15:58:41.801 intermediatewriter.go:720 [INF] Trie log: Persisted trie from memory database nodes 0 size 0.00 B time 5.63µs gcnodes 0 gcsize 0.00 B gctime 0s livenodes 1 livesize 0.00 B
2020-06-29 15:58:41.801 statedb.go:161 [INF] DAO log: StateDB commit and return root hash time 3.875µs
2020-06-29 15:58:41.801 intermediatewriter.go:720 [INF] Trie log: Persisted trie from memory database nodes 0 size 0.00 B time 4.509µs gcnodes 0 gcsize 0.00 B gctime 0s livenodes 1 livesize 0.00 B
2020-06-29 15:58:41.803 beaconprocess.go:252 [INF] BlockChain log: BEACON | Finish Insert new Beacon Block 5, with hash 0ba795b9e83873335d9d82b848caf2f609bf4dd9f80abc23b92a5827cfbecefd
syncker: receive beacon block 6 
syncker: receive beacon block 6 
2020-06-29 15:58:51.821 beaconsyncprocess.go:242 [INF] Syncker log : Syncker: Insert beacon from pool 6
2020-06-29 15:58:51.826 beaconprocess.go:85 [INF] BlockChain log: BEACON | InsertBeaconBlock  6 with hash [18 162 38 55 167 198 233 65 15 243 63 218 55 167 74 202 177 79 10 116 248 63 2 220 117 174 196 168 62 34 222 255]
2020-06-29 15:58:51.834 beaconprocess.go:231 [INF] BlockChain log: BEACON | Process Store Beacon Block Height 6 with hash [18 162 38 55 167 198 233 65 15 243 63 218 55 167 74 202 177 79 10 116 248 63 2 220 117 174 196 168 62 34 222 255]
2020-06-29 15:58:51.834 statedb.go:161 [INF] DAO log: StateDB commit and return root hash time 5.419µs
2020-06-29 15:58:51.834 intermediatewriter.go:720 [INF] Trie log: Persisted trie from memory database nodes 0 size 0.00 B time 3.824µs gcnodes 0 gcsize 0.00 B gctime 0s livenodes 1 livesize 0.00 B
2020-06-29 15:58:51.834 statedb.go:161 [INF] DAO log: StateDB commit and return root hash time 2.045µs
2020-06-29 15:58:51.834 intermediatewriter.go:720 [INF] Trie log: Persisted trie from memory database nodes 0 size 0.00 B time 2.305µs gcnodes 0 gcsize 0.00 B gctime 0s livenodes 1 livesize 0.00 B
2020-06-29 15:58:51.835 statedb.go:161 [INF] DAO log: StateDB commit and return root hash time 120.748µs
2020-06-29 15:58:51.835 intermediatewriter.go:720 [INF] Trie log: Persisted trie from memory database nodes 1 size 189.00 B time 83.329µs gcnodes 0 gcsize 0.00 B gctime 0s livenodes 1 livesize 0.00 B
2020-06-29 15:58:51.835 statedb.go:161 [INF] DAO log: StateDB commit and return root hash time 2.36µs
2020-06-29 15:58:51.835 intermediatewriter.go:720 [INF] Trie log: Persisted trie from memory database nodes 0 size 0.00 B time 2.083µs gcnodes 0 gcsize 0.00 B gctime 0s livenodes 1 livesize 0.00 B
2020-06-29 15:58:51.836 beaconprocess.go:252 [INF] BlockChain log: BEACON | Finish Insert new Beacon Block 6, with hash ffde223ea8c4ae75dc023ff8740a4fb1ca4aa737da3ff30f41e9c6a73726a212
syncker: receive beacon block 7 
2020-06-29 15:59:01.859 beaconsyncprocess.go:242 [INF] Syncker log : Syncker: Insert beacon from pool 7
2020-06-29 15:59:01.863 beaconprocess.go:85 [INF] BlockChain log: BEACON | InsertBeaconBlock  7 with hash [79 47 192 52 192 179 36 1 107 253 250 67 120 197 156 173 53 42 171 199 213 70 11 155 215 236 32 80 2 32 81 73]
2020-06-29 15:59:01.867 beaconprocess.go:231 [INF] BlockChain log: BEACON | Process Store Beacon Block Height 7 with hash [79 47 192 52 192 179 36 1 107 253 250 67 120 197 156 173 53 42 171 199 213 70 11 155 215 236 32 80 2 32 81 73]
2020-06-29 15:59:01.868 statedb.go:161 [INF] DAO log: StateDB commit and return root hash time 3.273µs
2020-06-29 15:59:01.868 intermediatewriter.go:720 [INF] Trie log: Persisted trie from memory database nodes 0 size 0.00 B time 3.736µs gcnodes 0 gcsize 0.00 B gctime 0s livenodes 1 livesize 0.00 B
2020-06-29 15:59:01.868 statedb.go:161 [INF] DAO log: StateDB commit and return root hash time 2.189µs
2020-06-29 15:59:01.868 intermediatewriter.go:720 [INF] Trie log: Persisted trie from memory database nodes 0 size 0.00 B time 1.996µs gcnodes 0 gcsize 0.00 B gctime 0s livenodes 1 livesize 0.00 B
2020-06-29 15:59:01.868 statedb.go:161 [INF] DAO log: StateDB commit and return root hash time 36.268µs
2020-06-29 15:59:01.868 intermediatewriter.go:720 [INF] Trie log: Persisted trie from memory database nodes 1 size 189.00 B time 60.559µs gcnodes 0 gcsize 0.00 B gctime 0s livenodes 1 livesize 0.00 B
2020-06-29 15:59:01.868 statedb.go:161 [INF] DAO log: StateDB commit and return root hash time 2.065µs
2020-06-29 15:59:01.868 intermediatewriter.go:720 [INF] Trie log: Persisted trie from memory database nodes 0 size 0.00 B time 1.907µs gcnodes 0 gcsize 0.00 B gctime 0s livenodes 1 livesize 0.00 B
2020-06-29 15:59:01.869 beaconprocess.go:252 [INF] BlockChain log: BEACON | Finish Insert new Beacon Block 7, with hash 495120025020ecd79b0b46d5c7ab2a35ad9cc57843fafd6b0124b3c034c02f4f
syncker: receive beacon block 8 
2020-06-29 15:59:11.883 beaconsyncprocess.go:242 [INF] Syncker log : Syncker: Insert beacon from pool 8
2020-06-29 15:59:11.886 beaconprocess.go:85 [INF] BlockChain log: BEACON | InsertBeaconBlock  8 with hash [138 151 220 145 234 198 155 236 139 187 200 71 121 81 101 249 16 57 168 107 43 44 86 67 47 112 94 208 134 80 134 16]
2020-06-29 15:59:11.891 beaconprocess.go:231 [INF] BlockChain log: BEACON | Process Store Beacon Block Height 8 with hash [138 151 220 145 234 198 155 236 139 187 200 71 121 81 101 249 16 57 168 107 43 44 86 67 47 112 94 208 134 80 134 16]
2020-06-29 15:59:11.891 statedb.go:161 [INF] DAO log: StateDB commit and return root hash time 2.812µs
2020-06-29 15:59:11.891 intermediatewriter.go:720 [INF] Trie log: Persisted trie from memory database nodes 0 size 0.00 B time 3.978µs gcnodes 0 gcsize 0.00 B gctime 0s livenodes 1 livesize 0.00 B
2020-06-29 15:59:11.891 statedb.go:161 [INF] DAO log: StateDB commit and return root hash time 1.972µs
2020-06-29 15:59:11.892 intermediatewriter.go:720 [INF] Trie log: Persisted trie from memory database nodes 0 size 0.00 B time 3.057µs gcnodes 0 gcsize 0.00 B gctime 0s livenodes 1 livesize 0.00 B
2020-06-29 15:59:11.892 statedb.go:161 [INF] DAO log: StateDB commit and return root hash time 45.525µs
2020-06-29 15:59:11.892 intermediatewriter.go:720 [INF] Trie log: Persisted trie from memory database nodes 1 size 190.00 B time 42.689µs gcnodes 0 gcsize 0.00 B gctime 0s livenodes 1 livesize 0.00 B
2020-06-29 15:59:11.892 statedb.go:161 [INF] DAO log: StateDB commit and return root hash time 2.04µs
2020-06-29 15:59:11.892 intermediatewriter.go:720 [INF] Trie log: Persisted trie from memory database nodes 0 size 0.00 B time 2.036µs gcnodes 0 gcsize 0.00 B gctime 0s livenodes 1 livesize 0.00 B
2020-06-29 15:59:11.895 beaconprocess.go:252 [INF] BlockChain log: BEACON | Finish Insert new Beacon Block 8, with hash 10865086d05e702f43562c2b6ba83910f965517947c8bb8bec9bc6ea91dc978a
syncker: receive beacon block 9 
2020-06-29 15:59:21.908 beaconsyncprocess.go:242 [INF] Syncker log : Syncker: Insert beacon from pool 9
2020-06-29 15:59:21.912 beaconprocess.go:85 [INF] BlockChain log: BEACON | InsertBeaconBlock  9 with hash [228 121 65 136 85 119 170 142 98 110 114 127 216 179 252 127 186 230 137 127 177 136 33 4 72 202 80 2 5 197 103 219]
2020-06-29 15:59:21.916 beaconprocess.go:231 [INF] BlockChain log: BEACON | Process Store Beacon Block Height 9 with hash [228 121 65 136 85 119 170 142 98 110 114 127 216 179 252 127 186 230 137 127 177 136 33 4 72 202 80 2 5 197 103 219]
2020-06-29 15:59:21.917 statedb.go:161 [INF] DAO log: StateDB commit and return root hash time 5.079µs
2020-06-29 15:59:21.917 intermediatewriter.go:720 [INF] Trie log: Persisted trie from memory database nodes 0 size 0.00 B time 19.673µs gcnodes 0 gcsize 0.00 B gctime 0s livenodes 1 livesize 0.00 B
2020-06-29 15:59:21.917 statedb.go:161 [INF] DAO log: StateDB commit and return root hash time 2.185µs
2020-06-29 15:59:21.917 intermediatewriter.go:720 [INF] Trie log: Persisted trie from memory database nodes 0 size 0.00 B time 1.985µs gcnodes 0 gcsize 0.00 B gctime 0s livenodes 1 livesize 0.00 B
2020-06-29 15:59:21.917 statedb.go:161 [INF] DAO log: StateDB commit and return root hash time 3.4µs
2020-06-29 15:59:21.917 intermediatewriter.go:720 [INF] Trie log: Persisted trie from memory database nodes 0 size 0.00 B time 1.845µs gcnodes 0 gcsize 0.00 B gctime 0s livenodes 1 livesize 0.00 B
2020-06-29 15:59:21.917 statedb.go:161 [INF] DAO log: StateDB commit and return root hash time 1.791µs
2020-06-29 15:59:21.917 intermediatewriter.go:720 [INF] Trie log: Persisted trie from memory database nodes 0 size 0.00 B time 1.726µs gcnodes 0 gcsize 0.00 B gctime 0s livenodes 1 livesize 0.00 B
2020-06-29 15:59:21.918 beaconprocess.go:252 [INF] BlockChain log: BEACON | Finish Insert new Beacon Block 9, with hash db67c5050250ca48042188b17f89e6ba7ffcb3d87f726e628eaa7755884179e4
2020-06-29 16:07:47.651 mempool.go:173 [INF] Mempool log: MonitorPool: Start to collect timeout ttl tx
2020-06-29 16:07:47.651 mempool.go:180 [INF] Mempool log: MonitorPool: End to collect timeout ttl tx - Count of txsToBeRemoved=0
2020-06-29 16:07:47.651 addrkeeper.go:164 [INF] Peerv2 log: Full RPC address list: [{/ip4/0.0.0.0/tcp/7337/ipfs/QmNwaG1MyyuAkroNyeuJ51kFBZ88M9ErXHLrMU9pDw5DMN 0.0.0.0:9330} { 0.0.0.0:9330}]
2020-06-29 16:07:47.651 addrkeeper.go:172 [INF] Peerv2 log: RPCing addr { 0.0.0.0:9330} from list [{/ip4/0.0.0.0/tcp/7337/ipfs/QmNwaG1MyyuAkroNyeuJ51kFBZ88M9ErXHLrMU9pDw5DMN 0.0.0.0:9330} { 0.0.0.0:9330}]
2020-06-29 16:07:47.652 addrkeeper.go:201 [INF] Peerv2 log: Got map[all:[{/ip4/0.0.0.0/tcp/7337/ipfs/QmNwaG1MyyuAkroNyeuJ51kFBZ88M9ErXHLrMU9pDw5DMN 0.0.0.0:9330}]] from bootnode
2020-06-29 16:07:47.652 addrkeeper.go:48 [INF] Peerv2 log: Updated highway addresses: [{Libp2pAddr:/ip4/0.0.0.0/tcp/7337/ipfs/QmNwaG1MyyuAkroNyeuJ51kFBZ88M9ErXHLrMU9pDw5DMN RPCUrl:0.0.0.0:9330} {Libp2pAddr: RPCUrl:0.0.0.0:9330}]
2020-06-29 16:07:47.652 addrkeeper.go:111 [INF] Peerv2 log: Full known addrs: [{/ip4/0.0.0.0/tcp/7337/ipfs/QmNwaG1MyyuAkroNyeuJ51kFBZ88M9ErXHLrMU9pDw5DMN 0.0.0.0:9330}]
2020-06-29 16:07:47.653 addrkeeper.go:118 [INF] Peerv2 log: Choosing highway to connect from non-ignored list [{/ip4/0.0.0.0/tcp/7337/ipfs/QmNwaG1MyyuAkroNyeuJ51kFBZ88M9ErXHLrMU9pDw5DMN 0.0.0.0:9330}]
