This runs before init()!
This runs before init()!
NumCPU 8
2020-06-29 15:57:53.320 incognito.go:87 [INF] Server log: Version 1.21.0-beta
2020-06-29 15:57:53.348 engine.go:141 [INF] Consensus log: CONSENSUS: NewConsensusEngine
2020-06-29 15:57:53.348 server.go:257 [INF] Server log: Init 3-rd Party Random Client
encoded libp2p key: CAMSeTB3AgEBBCBnI9zvEBQOTe3PFTSkwn28iNe68O0t3AZXTNMQygY/1KAKBggqhkjOPQMBB6FEA0IABKL8Svkmrc+2PRgdsTye6o4298qrweo6opXFEXzvcFAPuOUaA2Mk6+Ti7zsqKy+egc8JNDbspQOJ+w1WZZX0nlc=
2020-06-29 15:57:53.359 host.go:88 [INF] Peerv2 log: selfPeer: QmZsiEKDo97yujUBu7eJb6cVzxeMo6BTBPJL5miBEzJtfK 0.0.0.0 9434
2020-06-29 15:57:53.359 blockchain.go:107 [ERR] BlockChain log: debug restore beacon fail, init -1007: leveldb: not found
Fetch Beacon Best State Error
github.com/incognitochain/incognito-chain/dataaccessobject/rawdbv2.NewRawdbError
	/Users/autonomous/co-go/src/github.com/incognitochain/incognito-chain/dataaccessobject/rawdbv2/error.go:191
github.com/incognitochain/incognito-chain/dataaccessobject/rawdbv2.GetBeaconBestState
	/Users/autonomous/co-go/src/github.com/incognitochain/incognito-chain/dataaccessobject/rawdbv2/accessor_beacon.go:267
github.com/incognitochain/incognito-chain/blockchain.(*BlockChain).RestoreBeaconViews
	/Users/autonomous/co-go/src/github.com/incognitochain/incognito-chain/blockchain/blockchain.go:415
github.com/incognitochain/incognito-chain/blockchain.(*BlockChain).initChainState
	/Users/autonomous/co-go/src/github.com/incognitochain/incognito-chain/blockchain/blockchain.go:106
github.com/incognitochain/incognito-chain/blockchain.(*BlockChain).Init
	/Users/autonomous/co-go/src/github.com/incognitochain/incognito-chain/blockchain/blockchain.go:92
main.(*Server).NewServer
	/Users/autonomous/co-go/src/github.com/incognitochain/incognito-chain/server.go:318
main.mainMaster
	/Users/autonomous/co-go/src/github.com/incognitochain/incognito-chain/incognito.go:160
main.main
	/Users/autonomous/co-go/src/github.com/incognitochain/incognito-chain/incognito.go:230
runtime.main
	/usr/local/go/src/runtime/proc.go:201
runtime.goexit
	/usr/local/go/src/runtime/asm_amd64.s:1333
2020-06-29 15:57:53.359 beaconprocess.go:835 [INF] BlockChain log: Process Update Beacon Best State With Beacon Genesis Block
2020-06-29 15:57:53.362 statedb.go:161 [INF] DAO log: StateDB commit and return root hash time 380.293Âµs
2020-06-29 15:57:53.362 intermediatewriter.go:720 [INF] Trie log: Persisted trie from memory database nodes 14 size 5.43 kB time 347.834Âµs gcnodes 0 gcsize 0.00 B gctime 0s livenodes 1 livesize 0.00 B
2020-06-29 15:57:53.363 blockchain.go:114 [INF] BlockChain log: Init Beacon View height 1
debug Cannot see shard best state
2020-06-29 15:57:53.363 blockchain.go:121 [ERR] BlockChain log: debug restore shard fail, init
2020-06-29 15:57:53.364 shardprocess.go:958 [INF] BlockChain log: SHARD 0 | Process store block height 1 at hash 97640bbbcb2419bd86e291796ab08995e1bb34a8f71383d1def4c1435dbc7aab
2020-06-29 15:57:53.364 accessor_token.go:9 [INF] DAO log: Store Privacy Token 0000000000000000000000000000000000000000000000000000000000000004
2020-06-29 15:57:53.365 accessor_transaction.go:673 [CRT] BlockChain log: Fetch Cross transaction map[]
2020-06-29 15:57:53.366 statedb.go:161 [INF] DAO log: StateDB commit and return root hash time 14.128Âµs
2020-06-29 15:57:53.366 intermediatewriter.go:720 [INF] Trie log: Persisted trie from memory database nodes 0 size 0.00 B time 4.062Âµs gcnodes 0 gcsize 0.00 B gctime 0s livenodes 1 livesize 0.00 B
2020-06-29 15:57:53.366 statedb.go:161 [INF] DAO log: StateDB commit and return root hash time 359.027Âµs
2020-06-29 15:57:53.366 intermediatewriter.go:720 [INF] Trie log: Persisted trie from memory database nodes 8 size 1.76 kB time 136.524Âµs gcnodes 0 gcsize 0.00 B gctime 0s livenodes 1 livesize 0.00 B
2020-06-29 15:57:53.366 statedb.go:161 [INF] DAO log: StateDB commit and return root hash time 2.778Âµs
2020-06-29 15:57:53.366 intermediatewriter.go:720 [INF] Trie log: Persisted trie from memory database nodes 0 size 0.00 B time 2.479Âµs gcnodes 0 gcsize 0.00 B gctime 0s livenodes 1 livesize 0.00 B
2020-06-29 15:57:53.366 statedb.go:161 [INF] DAO log: StateDB commit and return root hash time 2.159Âµs
2020-06-29 15:57:53.366 intermediatewriter.go:720 [INF] Trie log: Persisted trie from memory database nodes 0 size 0.00 B time 2.514Âµs gcnodes 0 gcsize 0.00 B gctime 0s livenodes 1 livesize 0.00 B
2020-06-29 15:57:53.366 statedb.go:161 [INF] DAO log: StateDB commit and return root hash time 2.556Âµs
2020-06-29 15:57:53.367 intermediatewriter.go:720 [INF] Trie log: Persisted trie from memory database nodes 0 size 0.00 B time 2.183Âµs gcnodes 0 gcsize 0.00 B gctime 0s livenodes 1 livesize 0.00 B
debug BackupShardViews 1
2020-06-29 15:57:53.367 shardprocess.go:1163 [INF] BlockChain log: SHARD 0 | ðŸ”Ž 1 transactions in block height 1 

2020-06-29 15:57:53.367 blockchain.go:128 [INF] BlockChain log: Init Shard View shardID 0, height 1
2020-06-29 15:57:53.368 mempool.go:114 [CRT] Mempool log: Turn off Mempool Persistence Database
settingup RPCListeners
lastBeaconHeightConfirmCrossX 1
2020-06-29 15:57:53.783 server.go:699 [CRT] Server log: ************************* Testnet is active *************************
2020-06-29 15:57:53.784 mempool.go:126 [CRT] Mempool log: Successfully Reset from database
2020-06-29 15:57:53.784 blockgenerator.go:36 [CRT] BlockChain log: Block Gen is starting
2020-06-29 15:57:53.784 http.go:116 [INF] RPC log: RPC Http server listening on 0.0.0.0:9334
2020-06-29 15:57:53.784 http.go:123 [INF] RPC log: RPC Http listener done for 0.0.0.0:9334
2020-06-29 15:57:53.785 engine.go:203 [INF] Consensus log: CONSENSUS: Start
2020-06-29 15:57:54.788 submanager.go:79 [INF] Peerv2 log: role   0, key 1688ttpB43Sj7TAsUAGs1552fcx66zujXayutjzSrbHbaPMb9Byd1oXVLP2TNteeVNk9p17Uz6tfH3T8WohnV5VKDgnQLGsXcxQ4ff9vnUiKgDXoUFio3dSBRfMkzVFEgTz4QgRxjV2KwymRU9daMyejQ8iApeRa2uotcaHLa2WfxKWmt5fUA
2020-06-29 15:57:54.788 submanager.go:88 [INF] Peerv2 log: Role changed: {dummyLayer dummyRole -1000} -> {  0}
2020-06-29 15:57:54.788 submanager.go:253 [INF] Peerv2 log: Registering: message: [blockbeacon peerstate tx txprivacytok]
2020-06-29 15:57:54.788 submanager.go:254 [INF] Peerv2 log: Registering: nodeMode: auto
2020-06-29 15:57:54.788 submanager.go:255 [INF] Peerv2 log: Registering: layer: 
2020-06-29 15:57:54.788 submanager.go:256 [INF] Peerv2 log: Registering: role: 
2020-06-29 15:57:54.788 submanager.go:257 [INF] Peerv2 log: Registering: shardID: [0]
2020-06-29 15:57:54.788 submanager.go:258 [INF] Peerv2 log: Registering: peerID: QmZsiEKDo97yujUBu7eJb6cVzxeMo6BTBPJL5miBEzJtfK
2020-06-29 15:57:54.788 submanager.go:259 [INF] Peerv2 log: Registering: pubkey: 1KUb5k6rDg63
2020-06-29 15:57:54.788 connmanager.go:320 [ERR] Peerv2 log: Subscribe failed: forced = false hwID =  err = requester still not ready
github.com/incognitochain/incognito-chain/peerv2.(*BlockRequester).Register
	/Users/autonomous/co-go/src/github.com/incognitochain/incognito-chain/peerv2/blockrequester.go:142
github.com/incognitochain/incognito-chain/peerv2.(*SubManager).registerToProxy
	/Users/autonomous/co-go/src/github.com/incognitochain/incognito-chain/peerv2/submanager.go:261
github.com/incognitochain/incognito-chain/peerv2.(*SubManager).Subscribe
	/Users/autonomous/co-go/src/github.com/incognitochain/incognito-chain/peerv2/submanager.go:93
github.com/incognitochain/incognito-chain/peerv2.(*ConnManager).manageRoleSubscription
	/Users/autonomous/co-go/src/github.com/incognitochain/incognito-chain/peerv2/connmanager.go:318
runtime.goexit
	/usr/local/go/src/runtime/asm_amd64.s:1333
2020-06-29 15:57:55.788 submanager.go:79 [INF] Peerv2 log: role   0, key 1688ttpB43Sj7TAsUAGs1552fcx66zujXayutjzSrbHbaPMb9Byd1oXVLP2TNteeVNk9p17Uz6tfH3T8WohnV5VKDgnQLGsXcxQ4ff9vnUiKgDXoUFio3dSBRfMkzVFEgTz4QgRxjV2KwymRU9daMyejQ8iApeRa2uotcaHLa2WfxKWmt5fUA
2020-06-29 15:57:55.788 submanager.go:88 [INF] Peerv2 log: Role changed: {dummyLayer dummyRole -1000} -> {  0}
2020-06-29 15:57:55.788 submanager.go:253 [INF] Peerv2 log: Registering: message: [blockbeacon peerstate tx txprivacytok]
2020-06-29 15:57:55.788 submanager.go:254 [INF] Peerv2 log: Registering: nodeMode: auto
2020-06-29 15:57:55.788 submanager.go:255 [INF] Peerv2 log: Registering: layer: 
2020-06-29 15:57:55.788 submanager.go:256 [INF] Peerv2 log: Registering: role: 
2020-06-29 15:57:55.788 submanager.go:257 [INF] Peerv2 log: Registering: shardID: [0]
2020-06-29 15:57:55.788 submanager.go:258 [INF] Peerv2 log: Registering: peerID: QmZsiEKDo97yujUBu7eJb6cVzxeMo6BTBPJL5miBEzJtfK
2020-06-29 15:57:55.788 submanager.go:259 [INF] Peerv2 log: Registering: pubkey: 1KUb5k6rDg63
2020-06-29 15:57:55.788 connmanager.go:320 [ERR] Peerv2 log: Subscribe failed: forced = false hwID =  err = requester still not ready
github.com/incognitochain/incognito-chain/peerv2.(*BlockRequester).Register
	/Users/autonomous/co-go/src/github.com/incognitochain/incognito-chain/peerv2/blockrequester.go:142
github.com/incognitochain/incognito-chain/peerv2.(*SubManager).registerToProxy
	/Users/autonomous/co-go/src/github.com/incognitochain/incognito-chain/peerv2/submanager.go:261
github.com/incognitochain/incognito-chain/peerv2.(*SubManager).Subscribe
	/Users/autonomous/co-go/src/github.com/incognitochain/incognito-chain/peerv2/submanager.go:93
github.com/incognitochain/incognito-chain/peerv2.(*ConnManager).manageRoleSubscription
	/Users/autonomous/co-go/src/github.com/incognitochain/incognito-chain/peerv2/connmanager.go:318
runtime.goexit
	/usr/local/go/src/runtime/asm_amd64.s:1333
2020-06-29 15:57:56.787 submanager.go:79 [INF] Peerv2 log: role   0, key 1688ttpB43Sj7TAsUAGs1552fcx66zujXayutjzSrbHbaPMb9Byd1oXVLP2TNteeVNk9p17Uz6tfH3T8WohnV5VKDgnQLGsXcxQ4ff9vnUiKgDXoUFio3dSBRfMkzVFEgTz4QgRxjV2KwymRU9daMyejQ8iApeRa2uotcaHLa2WfxKWmt5fUA
2020-06-29 15:57:56.787 submanager.go:88 [INF] Peerv2 log: Role changed: {dummyLayer dummyRole -1000} -> {  0}
2020-06-29 15:57:56.787 submanager.go:253 [INF] Peerv2 log: Registering: message: [blockbeacon peerstate tx txprivacytok]
2020-06-29 15:57:56.787 submanager.go:254 [INF] Peerv2 log: Registering: nodeMode: auto
2020-06-29 15:57:56.787 submanager.go:255 [INF] Peerv2 log: Registering: layer: 
2020-06-29 15:57:56.787 engine.go:70 [INF] Consensus log: Node state role: committee chainID: 0
2020-06-29 15:57:56.787 bftactorv2.go:104 [INF] Consensus log: start bls-bftv2 consensus for chain shard-0
2020-06-29 15:57:56.787 submanager.go:256 [INF] Peerv2 log: Registering: role: 
2020-06-29 15:57:56.788 submanager.go:257 [INF] Peerv2 log: Registering: shardID: [0]
2020-06-29 15:57:56.788 submanager.go:258 [INF] Peerv2 log: Registering: peerID: QmZsiEKDo97yujUBu7eJb6cVzxeMo6BTBPJL5miBEzJtfK
2020-06-29 15:57:56.788 submanager.go:259 [INF] Peerv2 log: Registering: pubkey: 1KUb5k6rDg63
2020-06-29 15:57:56.788 connmanager.go:320 [ERR] Peerv2 log: Subscribe failed: forced = false hwID =  err = requester still not ready
github.com/incognitochain/incognito-chain/peerv2.(*BlockRequester).Register
	/Users/autonomous/co-go/src/github.com/incognitochain/incognito-chain/peerv2/blockrequester.go:142
github.com/incognitochain/incognito-chain/peerv2.(*SubManager).registerToProxy
	/Users/autonomous/co-go/src/github.com/incognitochain/incognito-chain/peerv2/submanager.go:261
github.com/incognitochain/incognito-chain/peerv2.(*SubManager).Subscribe
	/Users/autonomous/co-go/src/github.com/incognitochain/incognito-chain/peerv2/submanager.go:93
github.com/incognitochain/incognito-chain/peerv2.(*ConnManager).manageRoleSubscription
	/Users/autonomous/co-go/src/github.com/incognitochain/incognito-chain/peerv2/connmanager.go:318
runtime.goexit
	/usr/local/go/src/runtime/asm_amd64.s:1333
2020-06-29 15:57:57.787 submanager.go:79 [INF] Peerv2 log: role committee shard 0, key 1688ttpB43Sj7TAsUAGs1552fcx66zujXayutjzSrbHbaPMb9Byd1oXVLP2TNteeVNk9p17Uz6tfH3T8WohnV5VKDgnQLGsXcxQ4ff9vnUiKgDXoUFio3dSBRfMkzVFEgTz4QgRxjV2KwymRU9daMyejQ8iApeRa2uotcaHLa2WfxKWmt5fUA
2020-06-29 15:57:57.787 submanager.go:88 [INF] Peerv2 log: Role changed: {dummyLayer dummyRole -1000} -> {shard committee 0}
2020-06-29 15:57:57.787 submanager.go:253 [INF] Peerv2 log: Registering: message: [blockshard blockbeacon bft peerstate crossshard blkshdtobcn tx txprivacytok]
2020-06-29 15:57:57.787 submanager.go:254 [INF] Peerv2 log: Registering: nodeMode: auto
2020-06-29 15:57:57.787 submanager.go:255 [INF] Peerv2 log: Registering: layer: shard
2020-06-29 15:57:57.787 submanager.go:256 [INF] Peerv2 log: Registering: role: committee
2020-06-29 15:57:57.787 submanager.go:257 [INF] Peerv2 log: Registering: shardID: [0]
2020-06-29 15:57:57.787 submanager.go:258 [INF] Peerv2 log: Registering: peerID: QmZsiEKDo97yujUBu7eJb6cVzxeMo6BTBPJL5miBEzJtfK
2020-06-29 15:57:57.787 submanager.go:259 [INF] Peerv2 log: Registering: pubkey: 1688ttpB43Sj7TAsUAGs1552fcx66zujXayutjzSrbHbaPMb9Byd1oXVLP2TNteeVNk9p17Uz6tfH3T8WohnV5VKDgnQLGsXcxQ4ff9vnUiKgDXoUFio3dSBRfMkzVFEgTz4QgRxjV2KwymRU9daMyejQ8iApeRa2uotcaHLa2WfxKWmt5fUA
2020-06-29 15:57:57.787 connmanager.go:320 [ERR] Peerv2 log: Subscribe failed: forced = false hwID =  err = requester still not ready
github.com/incognitochain/incognito-chain/peerv2.(*BlockRequester).Register
	/Users/autonomous/co-go/src/github.com/incognitochain/incognito-chain/peerv2/blockrequester.go:142
github.com/incognitochain/incognito-chain/peerv2.(*SubManager).registerToProxy
	/Users/autonomous/co-go/src/github.com/incognitochain/incognito-chain/peerv2/submanager.go:261
github.com/incognitochain/incognito-chain/peerv2.(*SubManager).Subscribe
	/Users/autonomous/co-go/src/github.com/incognitochain/incognito-chain/peerv2/submanager.go:93
github.com/incognitochain/incognito-chain/peerv2.(*ConnManager).manageRoleSubscription
	/Users/autonomous/co-go/src/github.com/incognitochain/incognito-chain/peerv2/connmanager.go:318
runtime.goexit
	/usr/local/go/src/runtime/asm_amd64.s:1333
2020-06-29 15:57:58.786 submanager.go:79 [INF] Peerv2 log: role committee shard 0, key 1688ttpB43Sj7TAsUAGs1552fcx66zujXayutjzSrbHbaPMb9Byd1oXVLP2TNteeVNk9p17Uz6tfH3T8WohnV5VKDgnQLGsXcxQ4ff9vnUiKgDXoUFio3dSBRfMkzVFEgTz4QgRxjV2KwymRU9daMyejQ8iApeRa2uotcaHLa2WfxKWmt5fUA
2020-06-29 15:57:58.786 submanager.go:88 [INF] Peerv2 log: Role changed: {dummyLayer dummyRole -1000} -> {shard committee 0}
2020-06-29 15:57:58.786 submanager.go:253 [INF] Peerv2 log: Registering: message: [blockshard blockbeacon bft peerstate crossshard blkshdtobcn tx txprivacytok]
2020-06-29 15:57:58.787 submanager.go:254 [INF] Peerv2 log: Registering: nodeMode: auto
2020-06-29 15:57:58.787 submanager.go:255 [INF] Peerv2 log: Registering: layer: shard
2020-06-29 15:57:58.787 submanager.go:256 [INF] Peerv2 log: Registering: role: committee
2020-06-29 15:57:58.787 submanager.go:257 [INF] Peerv2 log: Registering: shardID: [0]
2020-06-29 15:57:58.787 submanager.go:258 [INF] Peerv2 log: Registering: peerID: QmZsiEKDo97yujUBu7eJb6cVzxeMo6BTBPJL5miBEzJtfK
2020-06-29 15:57:58.787 submanager.go:259 [INF] Peerv2 log: Registering: pubkey: 1688ttpB43Sj7TAsUAGs1552fcx66zujXayutjzSrbHbaPMb9Byd1oXVLP2TNteeVNk9p17Uz6tfH3T8WohnV5VKDgnQLGsXcxQ4ff9vnUiKgDXoUFio3dSBRfMkzVFEgTz4QgRxjV2KwymRU9daMyejQ8iApeRa2uotcaHLa2WfxKWmt5fUA
2020-06-29 15:57:58.787 connmanager.go:320 [ERR] Peerv2 log: Subscribe failed: forced = false hwID =  err = requester still not ready
github.com/incognitochain/incognito-chain/peerv2.(*BlockRequester).Register
	/Users/autonomous/co-go/src/github.com/incognitochain/incognito-chain/peerv2/blockrequester.go:142
github.com/incognitochain/incognito-chain/peerv2.(*SubManager).registerToProxy
	/Users/autonomous/co-go/src/github.com/incognitochain/incognito-chain/peerv2/submanager.go:261
github.com/incognitochain/incognito-chain/peerv2.(*SubManager).Subscribe
	/Users/autonomous/co-go/src/github.com/incognitochain/incognito-chain/peerv2/submanager.go:93
github.com/incognitochain/incognito-chain/peerv2.(*ConnManager).manageRoleSubscription
	/Users/autonomous/co-go/src/github.com/incognitochain/incognito-chain/peerv2/connmanager.go:318
runtime.goexit
	/usr/local/go/src/runtime/asm_amd64.s:1333
2020-06-29 15:57:59.787 submanager.go:79 [INF] Peerv2 log: role committee shard 0, key 1688ttpB43Sj7TAsUAGs1552fcx66zujXayutjzSrbHbaPMb9Byd1oXVLP2TNteeVNk9p17Uz6tfH3T8WohnV5VKDgnQLGsXcxQ4ff9vnUiKgDXoUFio3dSBRfMkzVFEgTz4QgRxjV2KwymRU9daMyejQ8iApeRa2uotcaHLa2WfxKWmt5fUA
2020-06-29 15:57:59.787 submanager.go:88 [INF] Peerv2 log: Role changed: {dummyLayer dummyRole -1000} -> {shard committee 0}
2020-06-29 15:57:59.787 submanager.go:253 [INF] Peerv2 log: Registering: message: [blockshard blockbeacon bft peerstate crossshard blkshdtobcn tx txprivacytok]
2020-06-29 15:57:59.787 submanager.go:254 [INF] Peerv2 log: Registering: nodeMode: auto
2020-06-29 15:57:59.787 submanager.go:255 [INF] Peerv2 log: Registering: layer: shard
2020-06-29 15:57:59.787 submanager.go:256 [INF] Peerv2 log: Registering: role: committee
2020-06-29 15:57:59.787 submanager.go:257 [INF] Peerv2 log: Registering: shardID: [0]
2020-06-29 15:57:59.787 submanager.go:258 [INF] Peerv2 log: Registering: peerID: QmZsiEKDo97yujUBu7eJb6cVzxeMo6BTBPJL5miBEzJtfK
2020-06-29 15:57:59.787 submanager.go:259 [INF] Peerv2 log: Registering: pubkey: 1688ttpB43Sj7TAsUAGs1552fcx66zujXayutjzSrbHbaPMb9Byd1oXVLP2TNteeVNk9p17Uz6tfH3T8WohnV5VKDgnQLGsXcxQ4ff9vnUiKgDXoUFio3dSBRfMkzVFEgTz4QgRxjV2KwymRU9daMyejQ8iApeRa2uotcaHLa2WfxKWmt5fUA
2020-06-29 15:57:59.787 connmanager.go:320 [ERR] Peerv2 log: Subscribe failed: forced = false hwID =  err = requester still not ready
github.com/incognitochain/incognito-chain/peerv2.(*BlockRequester).Register
	/Users/autonomous/co-go/src/github.com/incognitochain/incognito-chain/peerv2/blockrequester.go:142
github.com/incognitochain/incognito-chain/peerv2.(*SubManager).registerToProxy
	/Users/autonomous/co-go/src/github.com/incognitochain/incognito-chain/peerv2/submanager.go:261
github.com/incognitochain/incognito-chain/peerv2.(*SubManager).Subscribe
	/Users/autonomous/co-go/src/github.com/incognitochain/incognito-chain/peerv2/submanager.go:93
github.com/incognitochain/incognito-chain/peerv2.(*ConnManager).manageRoleSubscription
	/Users/autonomous/co-go/src/github.com/incognitochain/incognito-chain/peerv2/connmanager.go:318
runtime.goexit
	/usr/local/go/src/runtime/asm_amd64.s:1333
2020-06-29 15:58:00.786 submanager.go:79 [INF] Peerv2 log: role committee shard 0, key 1688ttpB43Sj7TAsUAGs1552fcx66zujXayutjzSrbHbaPMb9Byd1oXVLP2TNteeVNk9p17Uz6tfH3T8WohnV5VKDgnQLGsXcxQ4ff9vnUiKgDXoUFio3dSBRfMkzVFEgTz4QgRxjV2KwymRU9daMyejQ8iApeRa2uotcaHLa2WfxKWmt5fUA
2020-06-29 15:58:00.786 submanager.go:88 [INF] Peerv2 log: Role changed: {dummyLayer dummyRole -1000} -> {shard committee 0}
2020-06-29 15:58:00.786 submanager.go:253 [INF] Peerv2 log: Registering: message: [blockshard blockbeacon bft peerstate crossshard blkshdtobcn tx txprivacytok]
2020-06-29 15:58:00.786 submanager.go:254 [INF] Peerv2 log: Registering: nodeMode: auto
2020-06-29 15:58:00.786 submanager.go:255 [INF] Peerv2 log: Registering: layer: shard
2020-06-29 15:58:00.786 submanager.go:256 [INF] Peerv2 log: Registering: role: committee
2020-06-29 15:58:00.786 submanager.go:257 [INF] Peerv2 log: Registering: shardID: [0]
2020-06-29 15:58:00.786 submanager.go:258 [INF] Peerv2 log: Registering: peerID: QmZsiEKDo97yujUBu7eJb6cVzxeMo6BTBPJL5miBEzJtfK
2020-06-29 15:58:00.786 submanager.go:259 [INF] Peerv2 log: Registering: pubkey: 1688ttpB43Sj7TAsUAGs1552fcx66zujXayutjzSrbHbaPMb9Byd1oXVLP2TNteeVNk9p17Uz6tfH3T8WohnV5VKDgnQLGsXcxQ4ff9vnUiKgDXoUFio3dSBRfMkzVFEgTz4QgRxjV2KwymRU9daMyejQ8iApeRa2uotcaHLa2WfxKWmt5fUA
2020-06-29 15:58:00.786 connmanager.go:320 [ERR] Peerv2 log: Subscribe failed: forced = false hwID =  err = requester still not ready
github.com/incognitochain/incognito-chain/peerv2.(*BlockRequester).Register
	/Users/autonomous/co-go/src/github.com/incognitochain/incognito-chain/peerv2/blockrequester.go:142
github.com/incognitochain/incognito-chain/peerv2.(*SubManager).registerToProxy
	/Users/autonomous/co-go/src/github.com/incognitochain/incognito-chain/peerv2/submanager.go:261
github.com/incognitochain/incognito-chain/peerv2.(*SubManager).Subscribe
	/Users/autonomous/co-go/src/github.com/incognitochain/incognito-chain/peerv2/submanager.go:93
github.com/incognitochain/incognito-chain/peerv2.(*ConnManager).manageRoleSubscription
	/Users/autonomous/co-go/src/github.com/incognitochain/incognito-chain/peerv2/connmanager.go:318
runtime.goexit
	/usr/local/go/src/runtime/asm_amd64.s:1333
2020-06-29 15:58:01.786 submanager.go:79 [INF] Peerv2 log: role committee shard 0, key 1688ttpB43Sj7TAsUAGs1552fcx66zujXayutjzSrbHbaPMb9Byd1oXVLP2TNteeVNk9p17Uz6tfH3T8WohnV5VKDgnQLGsXcxQ4ff9vnUiKgDXoUFio3dSBRfMkzVFEgTz4QgRxjV2KwymRU9daMyejQ8iApeRa2uotcaHLa2WfxKWmt5fUA
2020-06-29 15:58:01.786 submanager.go:88 [INF] Peerv2 log: Role changed: {dummyLayer dummyRole -1000} -> {shard committee 0}
2020-06-29 15:58:01.786 submanager.go:253 [INF] Peerv2 log: Registering: message: [blockshard blockbeacon bft peerstate crossshard blkshdtobcn tx txprivacytok]
2020-06-29 15:58:01.786 submanager.go:254 [INF] Peerv2 log: Registering: nodeMode: auto
2020-06-29 15:58:01.786 submanager.go:255 [INF] Peerv2 log: Registering: layer: shard
2020-06-29 15:58:01.786 submanager.go:256 [INF] Peerv2 log: Registering: role: committee
2020-06-29 15:58:01.786 submanager.go:257 [INF] Peerv2 log: Registering: shardID: [0]
2020-06-29 15:58:01.786 submanager.go:258 [INF] Peerv2 log: Registering: peerID: QmZsiEKDo97yujUBu7eJb6cVzxeMo6BTBPJL5miBEzJtfK
2020-06-29 15:58:01.786 submanager.go:259 [INF] Peerv2 log: Registering: pubkey: 1688ttpB43Sj7TAsUAGs1552fcx66zujXayutjzSrbHbaPMb9Byd1oXVLP2TNteeVNk9p17Uz6tfH3T8WohnV5VKDgnQLGsXcxQ4ff9vnUiKgDXoUFio3dSBRfMkzVFEgTz4QgRxjV2KwymRU9daMyejQ8iApeRa2uotcaHLa2WfxKWmt5fUA
2020-06-29 15:58:01.786 connmanager.go:320 [ERR] Peerv2 log: Subscribe failed: forced = false hwID =  err = requester still not ready
github.com/incognitochain/incognito-chain/peerv2.(*BlockRequester).Register
	/Users/autonomous/co-go/src/github.com/incognitochain/incognito-chain/peerv2/blockrequester.go:142
github.com/incognitochain/incognito-chain/peerv2.(*SubManager).registerToProxy
	/Users/autonomous/co-go/src/github.com/incognitochain/incognito-chain/peerv2/submanager.go:261
github.com/incognitochain/incognito-chain/peerv2.(*SubManager).Subscribe
	/Users/autonomous/co-go/src/github.com/incognitochain/incognito-chain/peerv2/submanager.go:93
github.com/incognitochain/incognito-chain/peerv2.(*ConnManager).manageRoleSubscription
	/Users/autonomous/co-go/src/github.com/incognitochain/incognito-chain/peerv2/connmanager.go:318
runtime.goexit
	/usr/local/go/src/runtime/asm_amd64.s:1333
2020-06-29 15:58:02.787 submanager.go:79 [INF] Peerv2 log: role committee shard 0, key 1688ttpB43Sj7TAsUAGs1552fcx66zujXayutjzSrbHbaPMb9Byd1oXVLP2TNteeVNk9p17Uz6tfH3T8WohnV5VKDgnQLGsXcxQ4ff9vnUiKgDXoUFio3dSBRfMkzVFEgTz4QgRxjV2KwymRU9daMyejQ8iApeRa2uotcaHLa2WfxKWmt5fUA
2020-06-29 15:58:02.787 submanager.go:88 [INF] Peerv2 log: Role changed: {dummyLayer dummyRole -1000} -> {shard committee 0}
2020-06-29 15:58:02.787 submanager.go:253 [INF] Peerv2 log: Registering: message: [blockshard blockbeacon bft peerstate crossshard blkshdtobcn tx txprivacytok]
2020-06-29 15:58:02.787 submanager.go:254 [INF] Peerv2 log: Registering: nodeMode: auto
2020-06-29 15:58:02.787 submanager.go:255 [INF] Peerv2 log: Registering: layer: shard
2020-06-29 15:58:02.787 submanager.go:256 [INF] Peerv2 log: Registering: role: committee
2020-06-29 15:58:02.787 submanager.go:257 [INF] Peerv2 log: Registering: shardID: [0]
2020-06-29 15:58:02.787 submanager.go:258 [INF] Peerv2 log: Registering: peerID: QmZsiEKDo97yujUBu7eJb6cVzxeMo6BTBPJL5miBEzJtfK
2020-06-29 15:58:02.787 submanager.go:259 [INF] Peerv2 log: Registering: pubkey: 1688ttpB43Sj7TAsUAGs1552fcx66zujXayutjzSrbHbaPMb9Byd1oXVLP2TNteeVNk9p17Uz6tfH3T8WohnV5VKDgnQLGsXcxQ4ff9vnUiKgDXoUFio3dSBRfMkzVFEgTz4QgRxjV2KwymRU9daMyejQ8iApeRa2uotcaHLa2WfxKWmt5fUA
2020-06-29 15:58:02.787 connmanager.go:320 [ERR] Peerv2 log: Subscribe failed: forced = false hwID =  err = requester still not ready
github.com/incognitochain/incognito-chain/peerv2.(*BlockRequester).Register
	/Users/autonomous/co-go/src/github.com/incognitochain/incognito-chain/peerv2/blockrequester.go:142
github.com/incognitochain/incognito-chain/peerv2.(*SubManager).registerToProxy
	/Users/autonomous/co-go/src/github.com/incognitochain/incognito-chain/peerv2/submanager.go:261
github.com/incognitochain/incognito-chain/peerv2.(*SubManager).Subscribe
	/Users/autonomous/co-go/src/github.com/incognitochain/incognito-chain/peerv2/submanager.go:93
github.com/incognitochain/incognito-chain/peerv2.(*ConnManager).manageRoleSubscription
	/Users/autonomous/co-go/src/github.com/incognitochain/incognito-chain/peerv2/connmanager.go:318
runtime.goexit
	/usr/local/go/src/runtime/asm_amd64.s:1333
2020-06-29 15:58:03.787 blockrequester.go:73 [WRN] Peerv2 log: BlockRequester is not ready, dialing
2020-06-29 15:58:03.787 addrkeeper.go:164 [INF] Peerv2 log: Full RPC address list: [{ 0.0.0.0:9330}]
2020-06-29 15:58:03.787 addrkeeper.go:172 [INF] Peerv2 log: RPCing addr { 0.0.0.0:9330} from list [{ 0.0.0.0:9330}]
2020-06-29 15:58:03.787 submanager.go:79 [INF] Peerv2 log: role committee shard 0, key 1688ttpB43Sj7TAsUAGs1552fcx66zujXayutjzSrbHbaPMb9Byd1oXVLP2TNteeVNk9p17Uz6tfH3T8WohnV5VKDgnQLGsXcxQ4ff9vnUiKgDXoUFio3dSBRfMkzVFEgTz4QgRxjV2KwymRU9daMyejQ8iApeRa2uotcaHLa2WfxKWmt5fUA
2020-06-29 15:58:03.787 submanager.go:88 [INF] Peerv2 log: Role changed: {dummyLayer dummyRole -1000} -> {shard committee 0}
2020-06-29 15:58:03.787 submanager.go:253 [INF] Peerv2 log: Registering: message: [blockshard blockbeacon bft peerstate crossshard blkshdtobcn tx txprivacytok]
2020-06-29 15:58:03.787 submanager.go:254 [INF] Peerv2 log: Registering: nodeMode: auto
2020-06-29 15:58:03.787 submanager.go:255 [INF] Peerv2 log: Registering: layer: shard
2020-06-29 15:58:03.787 submanager.go:256 [INF] Peerv2 log: Registering: role: committee
2020-06-29 15:58:03.788 submanager.go:257 [INF] Peerv2 log: Registering: shardID: [0]
2020-06-29 15:58:03.788 submanager.go:258 [INF] Peerv2 log: Registering: peerID: QmZsiEKDo97yujUBu7eJb6cVzxeMo6BTBPJL5miBEzJtfK
2020-06-29 15:58:03.788 submanager.go:259 [INF] Peerv2 log: Registering: pubkey: 1688ttpB43Sj7TAsUAGs1552fcx66zujXayutjzSrbHbaPMb9Byd1oXVLP2TNteeVNk9p17Uz6tfH3T8WohnV5VKDgnQLGsXcxQ4ff9vnUiKgDXoUFio3dSBRfMkzVFEgTz4QgRxjV2KwymRU9daMyejQ8iApeRa2uotcaHLa2WfxKWmt5fUA
2020-06-29 15:58:03.788 connmanager.go:320 [ERR] Peerv2 log: Subscribe failed: forced = false hwID =  err = requester still not ready
github.com/incognitochain/incognito-chain/peerv2.(*BlockRequester).Register
	/Users/autonomous/co-go/src/github.com/incognitochain/incognito-chain/peerv2/blockrequester.go:142
github.com/incognitochain/incognito-chain/peerv2.(*SubManager).registerToProxy
	/Users/autonomous/co-go/src/github.com/incognitochain/incognito-chain/peerv2/submanager.go:261
github.com/incognitochain/incognito-chain/peerv2.(*SubManager).Subscribe
	/Users/autonomous/co-go/src/github.com/incognitochain/incognito-chain/peerv2/submanager.go:93
github.com/incognitochain/incognito-chain/peerv2.(*ConnManager).manageRoleSubscription
	/Users/autonomous/co-go/src/github.com/incognitochain/incognito-chain/peerv2/connmanager.go:318
runtime.goexit
	/usr/local/go/src/runtime/asm_amd64.s:1333
2020-06-29 15:58:03.789 addrkeeper.go:201 [INF] Peerv2 log: Got map[all:[{/ip4/0.0.0.0/tcp/7337/ipfs/QmNwaG1MyyuAkroNyeuJ51kFBZ88M9ErXHLrMU9pDw5DMN 0.0.0.0:9330}]] from bootnode
2020-06-29 15:58:03.789 addrkeeper.go:48 [INF] Peerv2 log: Updated highway addresses: [{Libp2pAddr:/ip4/0.0.0.0/tcp/7337/ipfs/QmNwaG1MyyuAkroNyeuJ51kFBZ88M9ErXHLrMU9pDw5DMN RPCUrl:0.0.0.0:9330} {Libp2pAddr: RPCUrl:0.0.0.0:9330}]
2020-06-29 15:58:03.789 addrkeeper.go:111 [INF] Peerv2 log: Full known addrs: [{/ip4/0.0.0.0/tcp/7337/ipfs/QmNwaG1MyyuAkroNyeuJ51kFBZ88M9ErXHLrMU9pDw5DMN 0.0.0.0:9330}]
2020-06-29 15:58:03.789 addrkeeper.go:118 [INF] Peerv2 log: Choosing highway to connect from non-ignored list [{/ip4/0.0.0.0/tcp/7337/ipfs/QmNwaG1MyyuAkroNyeuJ51kFBZ88M9ErXHLrMU9pDw5DMN 0.0.0.0:9330}]
2020-06-29 15:58:03.790 addrkeeper.go:55 [INF] Peerv2 log: Chosen address: {Libp2pAddr:/ip4/0.0.0.0/tcp/7337/ipfs/QmNwaG1MyyuAkroNyeuJ51kFBZ88M9ErXHLrMU9pDw5DMN RPCUrl:0.0.0.0:9330}
2020-06-29 15:58:03.790 connmanager.go:277 [INF] Peerv2 log: Not connected to highway, connecting
2020-06-29 15:58:03.795 connmanager.go:292 [INF] Peerv2 log: Connected to highway, sending register request
2020-06-29 15:58:03.795 connmanager.go:326 [INF] Peerv2 log: Received request to register
2020-06-29 15:58:04.788 connmanager.go:314 [ERR] Peerv2 log: Waiting to establish connection to highway: new highway = QmNwaG1MyyuAkroNyeuJ51kFBZ88M9ErXHLrMU9pDw5DMN, current = 
2020-06-29 15:58:05.787 connmanager.go:314 [ERR] Peerv2 log: Waiting to establish connection to highway: new highway = QmNwaG1MyyuAkroNyeuJ51kFBZ88M9ErXHLrMU9pDw5DMN, current = 
2020-06-29 15:58:06.788 connmanager.go:314 [ERR] Peerv2 log: Waiting to establish connection to highway: new highway = QmNwaG1MyyuAkroNyeuJ51kFBZ88M9ErXHLrMU9pDw5DMN, current = 
2020-06-29 15:58:07.788 connmanager.go:314 [ERR] Peerv2 log: Waiting to establish connection to highway: new highway = QmNwaG1MyyuAkroNyeuJ51kFBZ88M9ErXHLrMU9pDw5DMN, current = 
2020-06-29 15:58:08.786 connmanager.go:314 [ERR] Peerv2 log: Waiting to establish connection to highway: new highway = QmNwaG1MyyuAkroNyeuJ51kFBZ88M9ErXHLrMU9pDw5DMN, current = 
2020-06-29 15:58:08.791 blockrequester.go:86 [ERR] Peerv2 log: Could not dial to highway grpc server: context deadline exceeded 
2020-06-29 15:58:08.791 blockrequester.go:95 [INF] Peerv2 log: Received new highway peerID, old = , new = QmNwaG1MyyuAkroNyeuJ51kFBZ88M9ErXHLrMU9pDw5DMN
2020-06-29 15:58:08.791 blockrequester.go:95 [INF] Peerv2 log: Received new highway peerID, old = QmNwaG1MyyuAkroNyeuJ51kFBZ88M9ErXHLrMU9pDw5DMN, new = QmNwaG1MyyuAkroNyeuJ51kFBZ88M9ErXHLrMU9pDw5DMN
2020-06-29 15:58:08.791 blockrequester.go:95 [INF] Peerv2 log: Received new highway peerID, old = QmNwaG1MyyuAkroNyeuJ51kFBZ88M9ErXHLrMU9pDw5DMN, new = QmNwaG1MyyuAkroNyeuJ51kFBZ88M9ErXHLrMU9pDw5DMN
2020-06-29 15:58:08.791 blockrequester.go:95 [INF] Peerv2 log: Received new highway peerID, old = QmNwaG1MyyuAkroNyeuJ51kFBZ88M9ErXHLrMU9pDw5DMN, new = QmNwaG1MyyuAkroNyeuJ51kFBZ88M9ErXHLrMU9pDw5DMN
2020-06-29 15:58:08.791 blockrequester.go:95 [INF] Peerv2 log: Received new highway peerID, old = QmNwaG1MyyuAkroNyeuJ51kFBZ88M9ErXHLrMU9pDw5DMN, new = QmNwaG1MyyuAkroNyeuJ51kFBZ88M9ErXHLrMU9pDw5DMN
2020-06-29 15:58:09.786 connmanager.go:314 [ERR] Peerv2 log: Waiting to establish connection to highway: new highway = QmNwaG1MyyuAkroNyeuJ51kFBZ88M9ErXHLrMU9pDw5DMN, current = 
2020-06-29 15:58:09.786 blockrequester.go:95 [INF] Peerv2 log: Received new highway peerID, old = QmNwaG1MyyuAkroNyeuJ51kFBZ88M9ErXHLrMU9pDw5DMN, new = QmNwaG1MyyuAkroNyeuJ51kFBZ88M9ErXHLrMU9pDw5DMN
2020-06-29 15:58:10.783 connmanager.go:314 [ERR] Peerv2 log: Waiting to establish connection to highway: new highway = QmNwaG1MyyuAkroNyeuJ51kFBZ88M9ErXHLrMU9pDw5DMN, current = 
2020-06-29 15:58:10.784 blockrequester.go:95 [INF] Peerv2 log: Received new highway peerID, old = QmNwaG1MyyuAkroNyeuJ51kFBZ88M9ErXHLrMU9pDw5DMN, new = QmNwaG1MyyuAkroNyeuJ51kFBZ88M9ErXHLrMU9pDw5DMN
2020-06-29 15:58:11.786 connmanager.go:314 [ERR] Peerv2 log: Waiting to establish connection to highway: new highway = QmNwaG1MyyuAkroNyeuJ51kFBZ88M9ErXHLrMU9pDw5DMN, current = 
2020-06-29 15:58:11.786 blockrequester.go:95 [INF] Peerv2 log: Received new highway peerID, old = QmNwaG1MyyuAkroNyeuJ51kFBZ88M9ErXHLrMU9pDw5DMN, new = QmNwaG1MyyuAkroNyeuJ51kFBZ88M9ErXHLrMU9pDw5DMN
2020-06-29 15:58:12.786 connmanager.go:314 [ERR] Peerv2 log: Waiting to establish connection to highway: new highway = QmNwaG1MyyuAkroNyeuJ51kFBZ88M9ErXHLrMU9pDw5DMN, current = 
2020-06-29 15:58:12.786 blockrequester.go:95 [INF] Peerv2 log: Received new highway peerID, old = QmNwaG1MyyuAkroNyeuJ51kFBZ88M9ErXHLrMU9pDw5DMN, new = QmNwaG1MyyuAkroNyeuJ51kFBZ88M9ErXHLrMU9pDw5DMN
2020-06-29 15:58:13.786 connmanager.go:314 [ERR] Peerv2 log: Waiting to establish connection to highway: new highway = QmNwaG1MyyuAkroNyeuJ51kFBZ88M9ErXHLrMU9pDw5DMN, current = 
2020-06-29 15:58:13.786 blockrequester.go:73 [WRN] Peerv2 log: BlockRequester is not ready, dialing
2020-06-29 15:58:13.788 blockrequester.go:95 [INF] Peerv2 log: Received new highway peerID, old = QmNwaG1MyyuAkroNyeuJ51kFBZ88M9ErXHLrMU9pDw5DMN, new = QmNwaG1MyyuAkroNyeuJ51kFBZ88M9ErXHLrMU9pDw5DMN
2020-06-29 15:58:14.786 submanager.go:79 [INF] Peerv2 log: role committee shard 0, key 1688ttpB43Sj7TAsUAGs1552fcx66zujXayutjzSrbHbaPMb9Byd1oXVLP2TNteeVNk9p17Uz6tfH3T8WohnV5VKDgnQLGsXcxQ4ff9vnUiKgDXoUFio3dSBRfMkzVFEgTz4QgRxjV2KwymRU9daMyejQ8iApeRa2uotcaHLa2WfxKWmt5fUA
2020-06-29 15:58:14.787 submanager.go:88 [INF] Peerv2 log: Role changed: {dummyLayer dummyRole -1000} -> {shard committee 0}
2020-06-29 15:58:14.787 submanager.go:253 [INF] Peerv2 log: Registering: message: [blockshard blockbeacon bft peerstate crossshard blkshdtobcn tx txprivacytok]
2020-06-29 15:58:14.787 submanager.go:254 [INF] Peerv2 log: Registering: nodeMode: auto
2020-06-29 15:58:14.787 submanager.go:255 [INF] Peerv2 log: Registering: layer: shard
2020-06-29 15:58:14.787 submanager.go:256 [INF] Peerv2 log: Registering: role: committee
2020-06-29 15:58:14.787 submanager.go:257 [INF] Peerv2 log: Registering: shardID: [0]
2020-06-29 15:58:14.787 submanager.go:258 [INF] Peerv2 log: Registering: peerID: QmZsiEKDo97yujUBu7eJb6cVzxeMo6BTBPJL5miBEzJtfK
2020-06-29 15:58:14.787 submanager.go:259 [INF] Peerv2 log: Registering: pubkey: 1688ttpB43Sj7TAsUAGs1552fcx66zujXayutjzSrbHbaPMb9Byd1oXVLP2TNteeVNk9p17Uz6tfH3T8WohnV5VKDgnQLGsXcxQ4ff9vnUiKgDXoUFio3dSBRfMkzVFEgTz4QgRxjV2KwymRU9daMyejQ8iApeRa2uotcaHLa2WfxKWmt5fUA
2020-06-29 15:58:14.789 submanager.go:197 [INF] Peerv2 log: Process message peerstate and topic [{peerstate-0-QmNwaG1MyyuAkroNyeuJ51kFBZ88M9ErXHLrMU9pDw5DMN-nodepub <nil> PUB} {peerstate-0-QmNwaG1MyyuAkroNyeuJ51kFBZ88M9ErXHLrMU9pDw5DMN-nodesub <nil> SUB}]
2020-06-29 15:58:14.789 submanager.go:206 [INF] Peerv2 log: Skip subscribing to PUB topic: peerstate-0-QmNwaG1MyyuAkroNyeuJ51kFBZ88M9ErXHLrMU9pDw5DMN-nodepub
2020-06-29 15:58:14.789 submanager.go:210 [INF] Peerv2 log: subscribing message: peerstate, topic: peerstate-0-QmNwaG1MyyuAkroNyeuJ51kFBZ88M9ErXHLrMU9pDw5DMN-nodesub
2020-06-29 15:58:14.789 submanager.go:197 [INF] Peerv2 log: Process message crossshard and topic [{crossshard-1-QmNwaG1MyyuAkroNyeuJ51kFBZ88M9ErXHLrMU9pDw5DMN-nodepub <nil> PUB} {crossshard-2-QmNwaG1MyyuAkroNyeuJ51kFBZ88M9ErXHLrMU9pDw5DMN-nodepub <nil> PUB} {crossshard-3-QmNwaG1MyyuAkroNyeuJ51kFBZ88M9ErXHLrMU9pDw5DMN-nodepub <nil> PUB} {crossshard-4-QmNwaG1MyyuAkroNyeuJ51kFBZ88M9ErXHLrMU9pDw5DMN-nodepub <nil> PUB} {crossshard-5-QmNwaG1MyyuAkroNyeuJ51kFBZ88M9ErXHLrMU9pDw5DMN-nodepub <nil> PUB} {crossshard-6-QmNwaG1MyyuAkroNyeuJ51kFBZ88M9ErXHLrMU9pDw5DMN-nodepub <nil> PUB} {crossshard-7-QmNwaG1MyyuAkroNyeuJ51kFBZ88M9ErXHLrMU9pDw5DMN-nodepub <nil> PUB} {crossshard-0-QmNwaG1MyyuAkroNyeuJ51kFBZ88M9ErXHLrMU9pDw5DMN-nodesub <nil> SUB}]
2020-06-29 15:58:14.789 submanager.go:206 [INF] Peerv2 log: Skip subscribing to PUB topic: crossshard-1-QmNwaG1MyyuAkroNyeuJ51kFBZ88M9ErXHLrMU9pDw5DMN-nodepub
2020-06-29 15:58:14.789 submanager.go:206 [INF] Peerv2 log: Skip subscribing to PUB topic: crossshard-2-QmNwaG1MyyuAkroNyeuJ51kFBZ88M9ErXHLrMU9pDw5DMN-nodepub
2020-06-29 15:58:14.789 submanager.go:206 [INF] Peerv2 log: Skip subscribing to PUB topic: crossshard-3-QmNwaG1MyyuAkroNyeuJ51kFBZ88M9ErXHLrMU9pDw5DMN-nodepub
2020-06-29 15:58:14.789 submanager.go:206 [INF] Peerv2 log: Skip subscribing to PUB topic: crossshard-4-QmNwaG1MyyuAkroNyeuJ51kFBZ88M9ErXHLrMU9pDw5DMN-nodepub
2020-06-29 15:58:14.789 submanager.go:206 [INF] Peerv2 log: Skip subscribing to PUB topic: crossshard-5-QmNwaG1MyyuAkroNyeuJ51kFBZ88M9ErXHLrMU9pDw5DMN-nodepub
2020-06-29 15:58:14.789 submanager.go:206 [INF] Peerv2 log: Skip subscribing to PUB topic: crossshard-6-QmNwaG1MyyuAkroNyeuJ51kFBZ88M9ErXHLrMU9pDw5DMN-nodepub
2020-06-29 15:58:14.789 submanager.go:206 [INF] Peerv2 log: Skip subscribing to PUB topic: crossshard-7-QmNwaG1MyyuAkroNyeuJ51kFBZ88M9ErXHLrMU9pDw5DMN-nodepub
2020-06-29 15:58:14.789 submanager.go:210 [INF] Peerv2 log: subscribing message: crossshard, topic: crossshard-0-QmNwaG1MyyuAkroNyeuJ51kFBZ88M9ErXHLrMU9pDw5DMN-nodesub
2020-06-29 15:58:14.789 submanager.go:197 [INF] Peerv2 log: Process message blkshdtobcn and topic [{blkshdtobcn--QmNwaG1MyyuAkroNyeuJ51kFBZ88M9ErXHLrMU9pDw5DMN-nodepub <nil> PUB}]
2020-06-29 15:58:14.790 submanager.go:206 [INF] Peerv2 log: Skip subscribing to PUB topic: blkshdtobcn--QmNwaG1MyyuAkroNyeuJ51kFBZ88M9ErXHLrMU9pDw5DMN-nodepub
2020-06-29 15:58:14.790 submanager.go:197 [INF] Peerv2 log: Process message tx and topic [{tx-0-QmNwaG1MyyuAkroNyeuJ51kFBZ88M9ErXHLrMU9pDw5DMN-nodepub <nil> PUB} {tx-0-QmNwaG1MyyuAkroNyeuJ51kFBZ88M9ErXHLrMU9pDw5DMN-nodesub <nil> SUB}]
2020-06-29 15:58:14.790 submanager.go:206 [INF] Peerv2 log: Skip subscribing to PUB topic: tx-0-QmNwaG1MyyuAkroNyeuJ51kFBZ88M9ErXHLrMU9pDw5DMN-nodepub
2020-06-29 15:58:14.790 submanager.go:210 [INF] Peerv2 log: subscribing message: tx, topic: tx-0-QmNwaG1MyyuAkroNyeuJ51kFBZ88M9ErXHLrMU9pDw5DMN-nodesub
2020-06-29 15:58:14.790 submanager.go:197 [INF] Peerv2 log: Process message txprivacytok and topic [{txprivacytok-0-QmNwaG1MyyuAkroNyeuJ51kFBZ88M9ErXHLrMU9pDw5DMN-nodepub <nil> PUB} {txprivacytok-0-QmNwaG1MyyuAkroNyeuJ51kFBZ88M9ErXHLrMU9pDw5DMN-nodesub <nil> SUB}]
2020-06-29 15:58:14.790 submanager.go:206 [INF] Peerv2 log: Skip subscribing to PUB topic: txprivacytok-0-QmNwaG1MyyuAkroNyeuJ51kFBZ88M9ErXHLrMU9pDw5DMN-nodepub
2020-06-29 15:58:14.790 submanager.go:210 [INF] Peerv2 log: subscribing message: txprivacytok, topic: txprivacytok-0-QmNwaG1MyyuAkroNyeuJ51kFBZ88M9ErXHLrMU9pDw5DMN-nodesub
2020-06-29 15:58:14.790 submanager.go:197 [INF] Peerv2 log: Process message blockshard and topic [{blockshard-0-QmNwaG1MyyuAkroNyeuJ51kFBZ88M9ErXHLrMU9pDw5DMN-nodepub <nil> PUB} {blockshard-0-QmNwaG1MyyuAkroNyeuJ51kFBZ88M9ErXHLrMU9pDw5DMN-nodesub <nil> SUB}]
2020-06-29 15:58:14.790 submanager.go:206 [INF] Peerv2 log: Skip subscribing to PUB topic: blockshard-0-QmNwaG1MyyuAkroNyeuJ51kFBZ88M9ErXHLrMU9pDw5DMN-nodepub
2020-06-29 15:58:14.790 submanager.go:210 [INF] Peerv2 log: subscribing message: blockshard, topic: blockshard-0-QmNwaG1MyyuAkroNyeuJ51kFBZ88M9ErXHLrMU9pDw5DMN-nodesub
2020-06-29 15:58:14.790 submanager.go:197 [INF] Peerv2 log: Process message blockbeacon and topic [{blockbeacon--QmNwaG1MyyuAkroNyeuJ51kFBZ88M9ErXHLrMU9pDw5DMN-nodesub <nil> SUB}]
2020-06-29 15:58:14.790 submanager.go:210 [INF] Peerv2 log: subscribing message: blockbeacon, topic: blockbeacon--QmNwaG1MyyuAkroNyeuJ51kFBZ88M9ErXHLrMU9pDw5DMN-nodesub
2020-06-29 15:58:14.790 submanager.go:197 [INF] Peerv2 log: Process message bft and topic [{bft-0- <nil> PUBSUB}]
2020-06-29 15:58:14.790 submanager.go:210 [INF] Peerv2 log: subscribing message: bft, topic: bft-0-
2020-06-29 15:58:17.786 connmanager.go:391 [INF] Peerv2 log: Publishing to topic peerstate-0-QmNwaG1MyyuAkroNyeuJ51kFBZ88M9ErXHLrMU9pDw5DMN-nodepub
2020-06-29 15:58:19.787 bftactorv2.go:187 [INF] Consensus log: 
2020-06-29 15:58:19.787 bftactorv2.go:188 [INF] Consensus log: ======================================================
2020-06-29 15:58:19.787 bftactorv2.go:189 [INF] Consensus log: 
2020-06-29 15:58:19.787 bftactorv2.go:193 [INF] Consensus log: TS: 159342109 , LISTEN BLOCK 2
2020-06-29 15:58:19.887 bftactorv2.go:128 [INF] Consensus log: Receive block  0a5a50adc23c5e878a8883752ead74927afeeec409c9db6feffaf0f0a97a032c height 2 ,block timeslot  159342109
2020-06-29 15:58:19.991 bftactorv2.go:374 [INF] Consensus log: validateAndVote
2020-06-29 15:58:19.991 shardprocess.go:53 [INF] BlockChain log: SHARD 0 | Verify ShardBlock for signing process 2, with hash 0a5a50adc23c5e878a8883752ead74927afeeec409c9db6feffaf0f0a97a032c
2020-06-29 15:58:19.993 shardprocess.go:100 [INF] BlockChain log: SHARD 0 | Block 2, with hash 0a5a50adc23c5e878a8883752ead74927afeeec409c9db6feffaf0f0a97a032c is VALID for ðŸ–‹ signing
2020-06-29 15:58:19.993 bftactorv2.go:436 [INF] Consensus log: sending vote...
2020-06-29 15:58:19.993 bftactorv2.go:150 [INF] Consensus log: Receive vote for block 0a5a50adc23c5e878a8883752ead74927afeeec409c9db6feffaf0f0a97a032c (1) from 1XXn39shaoXTCFtZjz4bmtWWkL9Ps5Sd8MEiRRweEnFiR6JYEubQ5mkewRJxuqmjvK7ACyfJ9mwrjWSMGgjW8K3kFcy6LRHjip7PPe15qs5TysU8DsbchaaQtuA5B9jtsCKXNhpDzAjw5dWm9d5ygkyFjUiAjMyWdJdUCQi8SEjyXoKtL4eoW
2020-06-29 15:58:19.993 connmanager.go:92 [INF] Peerv2 log: {bft-0- 0xc000392be0 PUBSUB}
2020-06-29 15:58:19.994 connmanager.go:391 [INF] Peerv2 log: Publishing to topic bft-0-
2020-06-29 15:58:19.995 bftactorv2.go:150 [INF] Consensus log: Receive vote for block 0a5a50adc23c5e878a8883752ead74927afeeec409c9db6feffaf0f0a97a032c (2) from 1688ttpB43Sj7TAsUAGs1552fcx66zujXayutjzSrbHbaPMb9Byd1oXVLP2TNteeVNk9p17Uz6tfH3T8WohnV5VKDgnQLGsXcxQ4ff9vnUiKgDXoUFio3dSBRfMkzVFEgTz4QgRxjV2KwymRU9daMyejQ8iApeRa2uotcaHLa2WfxKWmt5fUA
2020-06-29 15:58:20.083 bftactorv2.go:150 [INF] Consensus log: Receive vote for block 0a5a50adc23c5e878a8883752ead74927afeeec409c9db6feffaf0f0a97a032c (3) from 1ZAaN1wMoaPeRjeQnvvryqiSn9LhwXTyZJZrCsv3WiiPUPnnnKS9cswdWvV8mdZWy2vnx4SNmrWbEvdppnk6vNR2uAXLTrpQfm3Yjjde9NmDVgCNBpqizjEAr3eJ7QhX81cvdjPxbyWrYsGHaSKbch32Wo2BekACjbneEPf1zAH2zXB8t9Ab1
2020-06-29 15:58:20.191 bftactorv2.go:187 [INF] Consensus log: 
2020-06-29 15:58:20.191 bftactorv2.go:188 [INF] Consensus log: ======================================================
2020-06-29 15:58:20.191 bftactorv2.go:189 [INF] Consensus log: 
2020-06-29 15:58:20.191 bftactorv2.go:193 [INF] Consensus log: TS: 159342110 , LISTEN BLOCK 2
2020-06-29 15:58:20.193 bftactorv2.go:338 [INF] Consensus log: Commit block 0a5a50adc23c5e878a8883752ead74927afeeec409c9db6feffaf0f0a97a032c , height: 2
2020-06-29 15:58:20.193 shardprocess.go:111 [INF] BlockChain log: SHARD 0 | InsertShardBlock 2 with hash 0a5a50adc23c5e878a8883752ead74927afeeec409c9db6feffaf0f0a97a032c 

2020-06-29 15:58:20.193 shardprocess.go:141 [INF] BlockChain log: SHARD 0 | Verify Pre Processing, block height 2 with hash 0a5a50adc23c5e878a8883752ead74927afeeec409c9db6feffaf0f0a97a032ct 

2020-06-29 15:58:20.196 bftactorv2.go:128 [INF] Consensus log: Receive block  50498f48337064226f2c4eba18a26e0bfbaa4f45aea8777ccff4bb6efda9b739 height 2 ,block timeslot  159342110
2020-06-29 15:58:20.196 connmanager.go:92 [INF] Peerv2 log: {blockshard-0-QmNwaG1MyyuAkroNyeuJ51kFBZ88M9ErXHLrMU9pDw5DMN-nodepub <nil> PUB}
2020-06-29 15:58:20.197 connmanager.go:391 [INF] Peerv2 log: Publishing to topic blockshard-0-QmNwaG1MyyuAkroNyeuJ51kFBZ88M9ErXHLrMU9pDw5DMN-nodepub
2020-06-29 15:58:20.198 connmanager.go:391 [INF] Peerv2 log: Publishing to topic blkshdtobcn--QmNwaG1MyyuAkroNyeuJ51kFBZ88M9ErXHLrMU9pDw5DMN-nodepub
2020-06-29 15:58:20.204 shardprocess.go:169 [INF] BlockChain log: SHARD 0 | Update NumOfBlocksByProducers, block height 2 with hash 0a5a50adc23c5e878a8883752ead74927afeeec409c9db6feffaf0f0a97a032c 

2020-06-29 15:58:20.204 shardprocess.go:189 [INF] BlockChain log: SHARD 0 | Remove Data After Processed, block height 2 with hash 0a5a50adc23c5e878a8883752ead74927afeeec409c9db6feffaf0f0a97a032c 

2020-06-29 15:58:20.204 shardprocess.go:190 [INF] BlockChain log: SHARD 0 | Update Beacon Instruction, block height 2 with hash 0a5a50adc23c5e878a8883752ead74927afeeec409c9db6feffaf0f0a97a032c 

2020-06-29 15:58:20.204 shardprocess.go:195 [INF] BlockChain log: SHARD 0 | Store New Shard Block And Update Data, block height 2 with hash 0a5a50adc23c5e878a8883752ead74927afeeec409c9db6feffaf0f0a97a032c 

2020-06-29 15:58:20.204 shardprocess.go:958 [INF] BlockChain log: SHARD 0 | Process store block height 2 at hash 0a5a50adc23c5e878a8883752ead74927afeeec409c9db6feffaf0f0a97a032c
2020-06-29 15:58:20.204 accessor_transaction.go:673 [CRT] BlockChain log: Fetch Cross transaction map[]
2020-06-29 15:58:20.205 statedb.go:161 [INF] DAO log: StateDB commit and return root hash time 1.915Âµs
2020-06-29 15:58:20.205 intermediatewriter.go:720 [INF] Trie log: Persisted trie from memory database nodes 0 size 0.00 B time 3.18Âµs gcnodes 0 gcsize 0.00 B gctime 0s livenodes 1 livesize 0.00 B
2020-06-29 15:58:20.205 statedb.go:161 [INF] DAO log: StateDB commit and return root hash time 5.105Âµs
2020-06-29 15:58:20.205 intermediatewriter.go:720 [INF] Trie log: Persisted trie from memory database nodes 0 size 0.00 B time 11.511Âµs gcnodes 0 gcsize 0.00 B gctime 0s livenodes 1 livesize 0.00 B
2020-06-29 15:58:20.205 statedb.go:161 [INF] DAO log: StateDB commit and return root hash time 1.938Âµs
2020-06-29 15:58:20.205 intermediatewriter.go:720 [INF] Trie log: Persisted trie from memory database nodes 0 size 0.00 B time 2.071Âµs gcnodes 0 gcsize 0.00 B gctime 0s livenodes 1 livesize 0.00 B
2020-06-29 15:58:20.205 statedb.go:161 [INF] DAO log: StateDB commit and return root hash time 2.02Âµs
2020-06-29 15:58:20.205 intermediatewriter.go:720 [INF] Trie log: Persisted trie from memory database nodes 0 size 0.00 B time 2.221Âµs gcnodes 0 gcsize 0.00 B gctime 0s livenodes 1 livesize 0.00 B
2020-06-29 15:58:20.205 statedb.go:161 [INF] DAO log: StateDB commit and return root hash time 2.188Âµs
2020-06-29 15:58:20.205 intermediatewriter.go:720 [INF] Trie log: Persisted trie from memory database nodes 0 size 0.00 B time 2.265Âµs gcnodes 0 gcsize 0.00 B gctime 0s livenodes 1 livesize 0.00 B
debug BackupShardViews 2
2020-06-29 15:58:20.206 shardprocess.go:1163 [INF] BlockChain log: SHARD 0 | ðŸ”Ž 0 transactions in block height 2 

2020-06-29 15:58:20.206 shardprocess.go:215 [INF] BlockChain log: SHARD 0 | Finish Insert new block 2, with hash 0a5a50adc23c5e878a8883752ead74927afeeec409c9db6feffaf0f0a97a032c ðŸ”—
2020-06-29 15:58:20.283 bftactorv2.go:150 [INF] Consensus log: Receive vote for block 50498f48337064226f2c4eba18a26e0bfbaa4f45aea8777ccff4bb6efda9b739 (1) from 1ZAaN1wMoaPeRjeQnvvryqiSn9LhwXTyZJZrCsv3WiiPUPnnnKS9cswdWvV8mdZWy2vnx4SNmrWbEvdppnk6vNR2uAXLTrpQfm3Yjjde9NmDVgCNBpqizjEAr3eJ7QhX81cvdjPxbyWrYsGHaSKbch32Wo2BekACjbneEPf1zAH2zXB8t9Ab1
syncker: receive beacon block 3 
2020-06-29 15:58:20.784 connmanager.go:391 [INF] Peerv2 log: Publishing to topic peerstate-0-QmNwaG1MyyuAkroNyeuJ51kFBZ88M9ErXHLrMU9pDw5DMN-nodepub
Syncker: Insert shard 0 from pool 2
2020-06-29 15:58:21.826 shardprocess.go:111 [INF] BlockChain log: SHARD 0 | InsertShardBlock 2 with hash 0a5a50adc23c5e878a8883752ead74927afeeec409c9db6feffaf0f0a97a032c 

2020-06-29 15:58:23.786 connmanager.go:391 [INF] Peerv2 log: Publishing to topic peerstate-0-QmNwaG1MyyuAkroNyeuJ51kFBZ88M9ErXHLrMU9pDw5DMN-nodepub
2020-06-29 15:58:24.314 server.go:2097 [INF] Server log: [SyncBeacon] from 2 to 3 
2020-06-29 15:58:24.314 server.go:2195 [INF] Server log: [stream] Request Block type BlkBc from peer  from cID 255, [2 3] 
2020-06-29 15:58:24.314 blockrequester.go:217 [INF] Peerv2 log: [stream] Requesting stream block type BlkBc, spec false, height [2..3] len 2, from 255 to 255, uuid = ce48738d-e470-4375-b396-5d203c36654e
2020-06-29 15:58:24.318 beaconsyncprocess.go:318 [INF] Syncker log : Syncker beacon receive block 2
2020-06-29 15:58:24.320 beaconsyncprocess.go:318 [INF] Syncker log : Syncker beacon receive block 3
2020-06-29 15:58:24.330 beaconprocess.go:85 [INF] BlockChain log: BEACON | InsertBeaconBlock  2 with hash [202 45 50 18 114 19 211 248 85 107 147 192 158 191 33 61 108 126 214 86 233 171 188 117 223 233 233 178 226 40 80 211]
2020-06-29 15:58:24.333 beaconprocess.go:231 [INF] BlockChain log: BEACON | Process Store Beacon Block Height 2 with hash [202 45 50 18 114 19 211 248 85 107 147 192 158 191 33 61 108 126 214 86 233 171 188 117 223 233 233 178 226 40 80 211]
2020-06-29 15:58:24.336 statedb.go:161 [INF] DAO log: StateDB commit and return root hash time 6.248Âµs
2020-06-29 15:58:24.336 intermediatewriter.go:720 [INF] Trie log: Persisted trie from memory database nodes 0 size 0.00 B time 4.824Âµs gcnodes 0 gcsize 0.00 B gctime 0s livenodes 1 livesize 0.00 B
2020-06-29 15:58:24.337 statedb.go:161 [INF] DAO log: StateDB commit and return root hash time 3.104Âµs
2020-06-29 15:58:24.337 intermediatewriter.go:720 [INF] Trie log: Persisted trie from memory database nodes 0 size 0.00 B time 5.167Âµs gcnodes 0 gcsize 0.00 B gctime 0s livenodes 1 livesize 0.00 B
2020-06-29 15:58:24.337 statedb.go:161 [INF] DAO log: StateDB commit and return root hash time 2.87Âµs
2020-06-29 15:58:24.337 intermediatewriter.go:720 [INF] Trie log: Persisted trie from memory database nodes 0 size 0.00 B time 2.523Âµs gcnodes 0 gcsize 0.00 B gctime 0s livenodes 1 livesize 0.00 B
2020-06-29 15:58:24.337 statedb.go:161 [INF] DAO log: StateDB commit and return root hash time 2.259Âµs
2020-06-29 15:58:24.337 intermediatewriter.go:720 [INF] Trie log: Persisted trie from memory database nodes 0 size 0.00 B time 2.043Âµs gcnodes 0 gcsize 0.00 B gctime 0s livenodes 1 livesize 0.00 B
2020-06-29 15:58:24.338 beaconprocess.go:252 [INF] BlockChain log: BEACON | Finish Insert new Beacon Block 2, with hash d35028e2b2e9e9df75bcabe956d67e6c3d21bf9ec0936b55f8d3137212322dca
2020-06-29 15:58:24.339 beaconprocess.go:85 [INF] BlockChain log: BEACON | InsertBeaconBlock  3 with hash [67 66 79 19 71 140 140 242 197 201 50 193 238 111 133 24 17 201 92 183 239 93 60 124 195 110 20 123 110 18 234 206]
2020-06-29 15:58:24.340 beaconprocess.go:231 [INF] BlockChain log: BEACON | Process Store Beacon Block Height 3 with hash [67 66 79 19 71 140 140 242 197 201 50 193 238 111 133 24 17 201 92 183 239 93 60 124 195 110 20 123 110 18 234 206]
2020-06-29 15:58:24.340 statedb.go:161 [INF] DAO log: StateDB commit and return root hash time 6.621Âµs
2020-06-29 15:58:24.340 intermediatewriter.go:720 [INF] Trie log: Persisted trie from memory database nodes 0 size 0.00 B time 3.628Âµs gcnodes 0 gcsize 0.00 B gctime 0s livenodes 1 livesize 0.00 B
2020-06-29 15:58:24.340 statedb.go:161 [INF] DAO log: StateDB commit and return root hash time 2.238Âµs
2020-06-29 15:58:24.340 intermediatewriter.go:720 [INF] Trie log: Persisted trie from memory database nodes 0 size 0.00 B time 1.864Âµs gcnodes 0 gcsize 0.00 B gctime 0s livenodes 1 livesize 0.00 B
2020-06-29 15:58:24.340 statedb.go:161 [INF] DAO log: StateDB commit and return root hash time 2.304Âµs
2020-06-29 15:58:24.340 intermediatewriter.go:720 [INF] Trie log: Persisted trie from memory database nodes 0 size 0.00 B time 2.039Âµs gcnodes 0 gcsize 0.00 B gctime 0s livenodes 1 livesize 0.00 B
2020-06-29 15:58:24.340 statedb.go:161 [INF] DAO log: StateDB commit and return root hash time 2.14Âµs
2020-06-29 15:58:24.340 intermediatewriter.go:720 [INF] Trie log: Persisted trie from memory database nodes 0 size 0.00 B time 1.964Âµs gcnodes 0 gcsize 0.00 B gctime 0s livenodes 1 livesize 0.00 B
2020-06-29 15:58:24.341 beaconprocess.go:252 [INF] BlockChain log: BEACON | Finish Insert new Beacon Block 3, with hash ceea126e7b146ec37c3c5defb75cc91118856feec132c9c5f28c8c47134f4243
2020-06-29 15:58:24.341 beaconsyncprocess.go:333 [INF] Syncker log : Syncker Insert 2 beacon block (from 2 to 3) elaspse 0.021819 

2020-06-29 15:58:25.826 beaconsyncprocess.go:242 [INF] Syncker log : Syncker: Insert beacon from pool 3
2020-06-29 15:58:25.834 beaconprocess.go:85 [INF] BlockChain log: BEACON | InsertBeaconBlock  3 with hash [67 66 79 19 71 140 140 242 197 201 50 193 238 111 133 24 17 201 92 183 239 93 60 124 195 110 20 123 110 18 234 206]
2020-06-29 15:58:26.787 connmanager.go:391 [INF] Peerv2 log: Publishing to topic peerstate-0-QmNwaG1MyyuAkroNyeuJ51kFBZ88M9ErXHLrMU9pDw5DMN-nodepub
2020-06-29 15:58:29.787 connmanager.go:391 [INF] Peerv2 log: Publishing to topic peerstate-0-QmNwaG1MyyuAkroNyeuJ51kFBZ88M9ErXHLrMU9pDw5DMN-nodepub
2020-06-29 15:58:30.191 bftactorv2.go:187 [INF] Consensus log: 
2020-06-29 15:58:30.191 bftactorv2.go:188 [INF] Consensus log: ======================================================
2020-06-29 15:58:30.191 bftactorv2.go:189 [INF] Consensus log: 
2020-06-29 15:58:30.191 bftactorv2.go:193 [INF] Consensus log: TS: 159342111 , LISTEN BLOCK 3
syncker: receive beacon block 4 
2020-06-29 15:58:31.848 beaconsyncprocess.go:242 [INF] Syncker log : Syncker: Insert beacon from pool 4
2020-06-29 15:58:31.853 beaconprocess.go:85 [INF] BlockChain log: BEACON | InsertBeaconBlock  4 with hash [61 214 120 197 193 140 6 5 80 148 168 93 31 156 36 241 56 17 244 119 235 202 64 52 9 160 176 92 149 184 240 86]
2020-06-29 15:58:31.858 beaconprocess.go:231 [INF] BlockChain log: BEACON | Process Store Beacon Block Height 4 with hash [61 214 120 197 193 140 6 5 80 148 168 93 31 156 36 241 56 17 244 119 235 202 64 52 9 160 176 92 149 184 240 86]
2020-06-29 15:58:31.858 statedb.go:161 [INF] DAO log: StateDB commit and return root hash time 5.173Âµs
2020-06-29 15:58:31.858 intermediatewriter.go:720 [INF] Trie log: Persisted trie from memory database nodes 0 size 0.00 B time 3.487Âµs gcnodes 0 gcsize 0.00 B gctime 0s livenodes 1 livesize 0.00 B
2020-06-29 15:58:31.858 statedb.go:161 [INF] DAO log: StateDB commit and return root hash time 2.283Âµs
2020-06-29 15:58:31.858 intermediatewriter.go:720 [INF] Trie log: Persisted trie from memory database nodes 0 size 0.00 B time 2.815Âµs gcnodes 0 gcsize 0.00 B gctime 0s livenodes 1 livesize 0.00 B
2020-06-29 15:58:31.858 statedb.go:161 [INF] DAO log: StateDB commit and return root hash time 2.688Âµs
2020-06-29 15:58:31.858 intermediatewriter.go:720 [INF] Trie log: Persisted trie from memory database nodes 0 size 0.00 B time 2.433Âµs gcnodes 0 gcsize 0.00 B gctime 0s livenodes 1 livesize 0.00 B
2020-06-29 15:58:31.858 statedb.go:161 [INF] DAO log: StateDB commit and return root hash time 2.436Âµs
2020-06-29 15:58:31.858 intermediatewriter.go:720 [INF] Trie log: Persisted trie from memory database nodes 0 size 0.00 B time 2.199Âµs gcnodes 0 gcsize 0.00 B gctime 0s livenodes 1 livesize 0.00 B
2020-06-29 15:58:31.860 beaconprocess.go:252 [INF] BlockChain log: BEACON | Finish Insert new Beacon Block 4, with hash 56f0b8955cb0a0093440caeb77f41138f1249c1f5da8945005068cc1c578d63d
2020-06-29 15:58:32.786 connmanager.go:391 [INF] Peerv2 log: Publishing to topic peerstate-0-QmNwaG1MyyuAkroNyeuJ51kFBZ88M9ErXHLrMU9pDw5DMN-nodepub
2020-06-29 15:58:35.786 connmanager.go:391 [INF] Peerv2 log: Publishing to topic peerstate-0-QmNwaG1MyyuAkroNyeuJ51kFBZ88M9ErXHLrMU9pDw5DMN-nodepub
2020-06-29 15:58:38.787 connmanager.go:391 [INF] Peerv2 log: Publishing to topic peerstate-0-QmNwaG1MyyuAkroNyeuJ51kFBZ88M9ErXHLrMU9pDw5DMN-nodepub
2020-06-29 15:58:40.188 bftactorv2.go:187 [INF] Consensus log: 
2020-06-29 15:58:40.188 bftactorv2.go:188 [INF] Consensus log: ======================================================
2020-06-29 15:58:40.188 bftactorv2.go:189 [INF] Consensus log: 
2020-06-29 15:58:40.188 bftactorv2.go:191 [INF] Consensus log: TS: 159342112 , PROPOSE BLOCK 3
2020-06-29 15:58:40.188 bftactorv2.go:453 [INF] Consensus log: debug CreateNewBlock
2020-06-29 15:58:40.188 shardchain.go:137 [INF] BlockChain log: Begin Start New Block Shard 2020-06-29 15:58:40.188857 +0700 +07 m=+47.153323309
2020-06-29 15:58:40.188 shardproducer.go:66 [CRT] BlockChain log: â› Creating Shard Block 3
2020-06-29 15:58:40.189 shardproducer.go:85 [INF] DeBridge log: Producing block: 3
2020-06-29 15:58:40.189 shardproducer.go:114 [INF] BlockChain log: Get Beacon Block With Height 1, Shard BestState 1
Check cross shard data 
Check cross shard data 
Check cross shard data 
Check cross shard data - len of all cross shard blocks 1
Check cross shard data - len of all cross shard blocks 1
Check cross shard data - len of all cross shard blocks 1
2020-06-29 15:58:40.189 shardproducer.go:128 [CRT] BlockChain log: Cross Transaction:  map[]
2020-06-29 15:58:40.189 shardproducer.go:684 [INF] BlockChain log: Number of transaction get from Block Generator:  0
2020-06-29 15:58:40.190 shardproducer.go:755 [CRT] BlockChain log: Â ðŸ”Ž 0 transactions for New Block from pool 

2020-06-29 15:58:40.190 shardproducer.go:263 [INF] BlockChain log: Creating empty block...
2020-06-29 15:58:40.190 shardchain.go:139 [INF] BlockChain log: Finish New Block Shard 2020-06-29 15:58:40.190959 +0700 +07 m=+47.155426099
2020-06-29 15:58:40.191 shardchain.go:149 [INF] BlockChain log: Finish Create New Block
2020-06-29 15:58:40.191 bftactorv2.go:466 [INF] Consensus log: create block 3 hash b4b7bac24951c46bf73d65a7986cdcaf58780e261ae05fcf08f5ade59c798fd2, propose time 1593421120, produce time 1593421120
2020-06-29 15:58:40.191 bftactorv2.go:219 [INF] Consensus log: proposer block 3 round 1 time slot 159342112 blockTimeSlot 159342112 with hash b4b7bac24951c46bf73d65a7986cdcaf58780e261ae05fcf08f5ade59c798fd2
2020-06-29 15:58:40.191 connmanager.go:92 [INF] Peerv2 log: {bft-0- 0xc000392be0 PUBSUB}
2020-06-29 15:58:40.192 bftactorv2.go:128 [INF] Consensus log: Receive block  b4b7bac24951c46bf73d65a7986cdcaf58780e261ae05fcf08f5ade59c798fd2 height 3 ,block timeslot  159342112
2020-06-29 15:58:40.192 connmanager.go:391 [INF] Peerv2 log: Publishing to topic bft-0-
2020-06-29 15:58:40.279 bftactorv2.go:150 [INF] Consensus log: Receive vote for block b4b7bac24951c46bf73d65a7986cdcaf58780e261ae05fcf08f5ade59c798fd2 (1) from 1ZAaN1wMoaPeRjeQnvvryqiSn9LhwXTyZJZrCsv3WiiPUPnnnKS9cswdWvV8mdZWy2vnx4SNmrWbEvdppnk6vNR2uAXLTrpQfm3Yjjde9NmDVgCNBpqizjEAr3eJ7QhX81cvdjPxbyWrYsGHaSKbch32Wo2BekACjbneEPf1zAH2zXB8t9Ab1
2020-06-29 15:58:40.386 bftactorv2.go:374 [INF] Consensus log: validateAndVote
2020-06-29 15:58:40.387 shardprocess.go:53 [INF] BlockChain log: SHARD 0 | Verify ShardBlock for signing process 3, with hash b4b7bac24951c46bf73d65a7986cdcaf58780e261ae05fcf08f5ade59c798fd2
2020-06-29 15:58:40.388 shardprocess.go:100 [INF] BlockChain log: SHARD 0 | Block 3, with hash b4b7bac24951c46bf73d65a7986cdcaf58780e261ae05fcf08f5ade59c798fd2 is VALID for ðŸ–‹ signing
2020-06-29 15:58:40.391 bftactorv2.go:436 [INF] Consensus log: sending vote...
2020-06-29 15:58:40.391 connmanager.go:92 [INF] Peerv2 log: {bft-0- 0xc000392be0 PUBSUB}
2020-06-29 15:58:40.392 connmanager.go:391 [INF] Peerv2 log: Publishing to topic bft-0-
2020-06-29 15:58:40.393 bftactorv2.go:150 [INF] Consensus log: Receive vote for block b4b7bac24951c46bf73d65a7986cdcaf58780e261ae05fcf08f5ade59c798fd2 (2) from 1XXn39shaoXTCFtZjz4bmtWWkL9Ps5Sd8MEiRRweEnFiR6JYEubQ5mkewRJxuqmjvK7ACyfJ9mwrjWSMGgjW8K3kFcy6LRHjip7PPe15qs5TysU8DsbchaaQtuA5B9jtsCKXNhpDzAjw5dWm9d5ygkyFjUiAjMyWdJdUCQi8SEjyXoKtL4eoW
2020-06-29 15:58:40.393 bftactorv2.go:150 [INF] Consensus log: Receive vote for block b4b7bac24951c46bf73d65a7986cdcaf58780e261ae05fcf08f5ade59c798fd2 (3) from 1688ttpB43Sj7TAsUAGs1552fcx66zujXayutjzSrbHbaPMb9Byd1oXVLP2TNteeVNk9p17Uz6tfH3T8WohnV5VKDgnQLGsXcxQ4ff9vnUiKgDXoUFio3dSBRfMkzVFEgTz4QgRxjV2KwymRU9daMyejQ8iApeRa2uotcaHLa2WfxKWmt5fUA
syncker: receive beacon block 5 
2020-06-29 15:58:40.590 bftactorv2.go:338 [INF] Consensus log: Commit block b4b7bac24951c46bf73d65a7986cdcaf58780e261ae05fcf08f5ade59c798fd2 , height: 3
2020-06-29 15:58:40.591 shardprocess.go:111 [INF] BlockChain log: SHARD 0 | InsertShardBlock 3 with hash b4b7bac24951c46bf73d65a7986cdcaf58780e261ae05fcf08f5ade59c798fd2 

2020-06-29 15:58:40.591 connmanager.go:92 [INF] Peerv2 log: {blockshard-0-QmNwaG1MyyuAkroNyeuJ51kFBZ88M9ErXHLrMU9pDw5DMN-nodepub <nil> PUB}
2020-06-29 15:58:40.591 shardprocess.go:141 [INF] BlockChain log: SHARD 0 | Verify Pre Processing, block height 3 with hash b4b7bac24951c46bf73d65a7986cdcaf58780e261ae05fcf08f5ade59c798fd2t 

2020-06-29 15:58:40.592 connmanager.go:391 [INF] Peerv2 log: Publishing to topic blockshard-0-QmNwaG1MyyuAkroNyeuJ51kFBZ88M9ErXHLrMU9pDw5DMN-nodepub
2020-06-29 15:58:40.593 connmanager.go:391 [INF] Peerv2 log: Publishing to topic blkshdtobcn--QmNwaG1MyyuAkroNyeuJ51kFBZ88M9ErXHLrMU9pDw5DMN-nodepub
2020-06-29 15:58:40.598 shardprocess.go:169 [INF] BlockChain log: SHARD 0 | Update NumOfBlocksByProducers, block height 3 with hash b4b7bac24951c46bf73d65a7986cdcaf58780e261ae05fcf08f5ade59c798fd2 

2020-06-29 15:58:40.598 shardprocess.go:189 [INF] BlockChain log: SHARD 0 | Remove Data After Processed, block height 3 with hash b4b7bac24951c46bf73d65a7986cdcaf58780e261ae05fcf08f5ade59c798fd2 

2020-06-29 15:58:40.598 shardprocess.go:190 [INF] BlockChain log: SHARD 0 | Update Beacon Instruction, block height 3 with hash b4b7bac24951c46bf73d65a7986cdcaf58780e261ae05fcf08f5ade59c798fd2 

2020-06-29 15:58:40.598 shardprocess.go:195 [INF] BlockChain log: SHARD 0 | Store New Shard Block And Update Data, block height 3 with hash b4b7bac24951c46bf73d65a7986cdcaf58780e261ae05fcf08f5ade59c798fd2 

2020-06-29 15:58:40.598 shardprocess.go:958 [INF] BlockChain log: SHARD 0 | Process store block height 3 at hash b4b7bac24951c46bf73d65a7986cdcaf58780e261ae05fcf08f5ade59c798fd2
2020-06-29 15:58:40.599 accessor_transaction.go:673 [CRT] BlockChain log: Fetch Cross transaction map[]
2020-06-29 15:58:40.599 statedb.go:161 [INF] DAO log: StateDB commit and return root hash time 1.693Âµs
2020-06-29 15:58:40.599 intermediatewriter.go:720 [INF] Trie log: Persisted trie from memory database nodes 0 size 0.00 B time 3.513Âµs gcnodes 0 gcsize 0.00 B gctime 0s livenodes 1 livesize 0.00 B
2020-06-29 15:58:40.599 statedb.go:161 [INF] DAO log: StateDB commit and return root hash time 5.883Âµs
2020-06-29 15:58:40.599 intermediatewriter.go:720 [INF] Trie log: Persisted trie from memory database nodes 0 size 0.00 B time 11.613Âµs gcnodes 0 gcsize 0.00 B gctime 0s livenodes 1 livesize 0.00 B
2020-06-29 15:58:40.599 statedb.go:161 [INF] DAO log: StateDB commit and return root hash time 2.44Âµs
2020-06-29 15:58:40.599 intermediatewriter.go:720 [INF] Trie log: Persisted trie from memory database nodes 0 size 0.00 B time 12.866Âµs gcnodes 0 gcsize 0.00 B gctime 0s livenodes 1 livesize 0.00 B
2020-06-29 15:58:40.599 statedb.go:161 [INF] DAO log: StateDB commit and return root hash time 2.652Âµs
2020-06-29 15:58:40.599 intermediatewriter.go:720 [INF] Trie log: Persisted trie from memory database nodes 0 size 0.00 B time 2.268Âµs gcnodes 0 gcsize 0.00 B gctime 0s livenodes 1 livesize 0.00 B
2020-06-29 15:58:40.599 statedb.go:161 [INF] DAO log: StateDB commit and return root hash time 2.583Âµs
2020-06-29 15:58:40.599 intermediatewriter.go:720 [INF] Trie log: Persisted trie from memory database nodes 0 size 0.00 B time 2.494Âµs gcnodes 0 gcsize 0.00 B gctime 0s livenodes 1 livesize 0.00 B
debug BackupShardViews 3
2020-06-29 15:58:40.601 shardprocess.go:1163 [INF] BlockChain log: SHARD 0 | ðŸ”Ž 0 transactions in block height 3 

2020-06-29 15:58:40.601 shardprocess.go:215 [INF] BlockChain log: SHARD 0 | Finish Insert new block 3, with hash b4b7bac24951c46bf73d65a7986cdcaf58780e261ae05fcf08f5ade59c798fd2 ðŸ”—
2020-06-29 15:58:41.786 connmanager.go:391 [INF] Peerv2 log: Publishing to topic peerstate-0-QmNwaG1MyyuAkroNyeuJ51kFBZ88M9ErXHLrMU9pDw5DMN-nodepub
Syncker: Insert shard 0 from pool 3
2020-06-29 15:58:41.863 shardprocess.go:111 [INF] BlockChain log: SHARD 0 | InsertShardBlock 3 with hash b4b7bac24951c46bf73d65a7986cdcaf58780e261ae05fcf08f5ade59c798fd2 

2020-06-29 15:58:41.868 beaconsyncprocess.go:242 [INF] Syncker log : Syncker: Insert beacon from pool 5
2020-06-29 15:58:41.873 beaconprocess.go:85 [INF] BlockChain log: BEACON | InsertBeaconBlock  5 with hash [253 206 190 207 39 88 42 185 35 188 10 248 217 77 191 9 246 242 202 72 184 130 157 93 51 115 56 232 185 149 167 11]
2020-06-29 15:58:41.879 beaconprocess.go:231 [INF] BlockChain log: BEACON | Process Store Beacon Block Height 5 with hash [253 206 190 207 39 88 42 185 35 188 10 248 217 77 191 9 246 242 202 72 184 130 157 93 51 115 56 232 185 149 167 11]
2020-06-29 15:58:41.879 statedb.go:161 [INF] DAO log: StateDB commit and return root hash time 2.908Âµs
2020-06-29 15:58:41.879 intermediatewriter.go:720 [INF] Trie log: Persisted trie from memory database nodes 0 size 0.00 B time 4.86Âµs gcnodes 0 gcsize 0.00 B gctime 0s livenodes 1 livesize 0.00 B
2020-06-29 15:58:41.879 statedb.go:161 [INF] DAO log: StateDB commit and return root hash time 2.486Âµs
2020-06-29 15:58:41.879 intermediatewriter.go:720 [INF] Trie log: Persisted trie from memory database nodes 0 size 0.00 B time 2.589Âµs gcnodes 0 gcsize 0.00 B gctime 0s livenodes 1 livesize 0.00 B
2020-06-29 15:58:41.879 statedb.go:161 [INF] DAO log: StateDB commit and return root hash time 2.055Âµs
2020-06-29 15:58:41.879 intermediatewriter.go:720 [INF] Trie log: Persisted trie from memory database nodes 0 size 0.00 B time 1.876Âµs gcnodes 0 gcsize 0.00 B gctime 0s livenodes 1 livesize 0.00 B
2020-06-29 15:58:41.879 statedb.go:161 [INF] DAO log: StateDB commit and return root hash time 1.905Âµs
2020-06-29 15:58:41.880 intermediatewriter.go:720 [INF] Trie log: Persisted trie from memory database nodes 0 size 0.00 B time 1.804Âµs gcnodes 0 gcsize 0.00 B gctime 0s livenodes 1 livesize 0.00 B
2020-06-29 15:58:41.881 beaconprocess.go:252 [INF] BlockChain log: BEACON | Finish Insert new Beacon Block 5, with hash 0ba795b9e83873335d9d82b848caf2f609bf4dd9f80abc23b92a5827cfbecefd
2020-06-29 15:58:44.787 connmanager.go:391 [INF] Peerv2 log: Publishing to topic peerstate-0-QmNwaG1MyyuAkroNyeuJ51kFBZ88M9ErXHLrMU9pDw5DMN-nodepub
2020-06-29 15:58:47.786 connmanager.go:391 [INF] Peerv2 log: Publishing to topic peerstate-0-QmNwaG1MyyuAkroNyeuJ51kFBZ88M9ErXHLrMU9pDw5DMN-nodepub
2020-06-29 15:58:50.084 bftactorv2.go:128 [INF] Consensus log: Receive block  91b9062780f5ece176743fe41e139b55d2bf97aa02e43600f41d324d29542002 height 4 ,block timeslot  159342113
2020-06-29 15:58:50.190 bftactorv2.go:187 [INF] Consensus log: 
2020-06-29 15:58:50.190 bftactorv2.go:188 [INF] Consensus log: ======================================================
2020-06-29 15:58:50.190 bftactorv2.go:189 [INF] Consensus log: 
2020-06-29 15:58:50.191 bftactorv2.go:193 [INF] Consensus log: TS: 159342113 , LISTEN BLOCK 4
2020-06-29 15:58:50.191 bftactorv2.go:374 [INF] Consensus log: validateAndVote
2020-06-29 15:58:50.191 shardprocess.go:53 [INF] BlockChain log: SHARD 0 | Verify ShardBlock for signing process 4, with hash 91b9062780f5ece176743fe41e139b55d2bf97aa02e43600f41d324d29542002
2020-06-29 15:58:50.193 shardprocess.go:100 [INF] BlockChain log: SHARD 0 | Block 4, with hash 91b9062780f5ece176743fe41e139b55d2bf97aa02e43600f41d324d29542002 is VALID for ðŸ–‹ signing
2020-06-29 15:58:50.194 bftactorv2.go:436 [INF] Consensus log: sending vote...
2020-06-29 15:58:50.194 connmanager.go:92 [INF] Peerv2 log: {bft-0- 0xc000392be0 PUBSUB}
2020-06-29 15:58:50.195 connmanager.go:391 [INF] Peerv2 log: Publishing to topic bft-0-
2020-06-29 15:58:50.195 bftactorv2.go:150 [INF] Consensus log: Receive vote for block 91b9062780f5ece176743fe41e139b55d2bf97aa02e43600f41d324d29542002 (1) from 1688ttpB43Sj7TAsUAGs1552fcx66zujXayutjzSrbHbaPMb9Byd1oXVLP2TNteeVNk9p17Uz6tfH3T8WohnV5VKDgnQLGsXcxQ4ff9vnUiKgDXoUFio3dSBRfMkzVFEgTz4QgRxjV2KwymRU9daMyejQ8iApeRa2uotcaHLa2WfxKWmt5fUA
2020-06-29 15:58:50.195 bftactorv2.go:150 [INF] Consensus log: Receive vote for block 91b9062780f5ece176743fe41e139b55d2bf97aa02e43600f41d324d29542002 (2) from 1XXn39shaoXTCFtZjz4bmtWWkL9Ps5Sd8MEiRRweEnFiR6JYEubQ5mkewRJxuqmjvK7ACyfJ9mwrjWSMGgjW8K3kFcy6LRHjip7PPe15qs5TysU8DsbchaaQtuA5B9jtsCKXNhpDzAjw5dWm9d5ygkyFjUiAjMyWdJdUCQi8SEjyXoKtL4eoW
syncker: receive beacon block 6 
syncker: receive beacon block 6 
2020-06-29 15:58:50.282 bftactorv2.go:150 [INF] Consensus log: Receive vote for block 91b9062780f5ece176743fe41e139b55d2bf97aa02e43600f41d324d29542002 (3) from 1ZAaN1wMoaPeRjeQnvvryqiSn9LhwXTyZJZrCsv3WiiPUPnnnKS9cswdWvV8mdZWy2vnx4SNmrWbEvdppnk6vNR2uAXLTrpQfm3Yjjde9NmDVgCNBpqizjEAr3eJ7QhX81cvdjPxbyWrYsGHaSKbch32Wo2BekACjbneEPf1zAH2zXB8t9Ab1
2020-06-29 15:58:50.391 bftactorv2.go:338 [INF] Consensus log: Commit block 91b9062780f5ece176743fe41e139b55d2bf97aa02e43600f41d324d29542002 , height: 4
2020-06-29 15:58:50.391 shardprocess.go:111 [INF] BlockChain log: SHARD 0 | InsertShardBlock 4 with hash 91b9062780f5ece176743fe41e139b55d2bf97aa02e43600f41d324d29542002 

2020-06-29 15:58:50.392 connmanager.go:92 [INF] Peerv2 log: {blockshard-0-QmNwaG1MyyuAkroNyeuJ51kFBZ88M9ErXHLrMU9pDw5DMN-nodepub <nil> PUB}
2020-06-29 15:58:50.392 shardprocess.go:141 [INF] BlockChain log: SHARD 0 | Verify Pre Processing, block height 4 with hash 91b9062780f5ece176743fe41e139b55d2bf97aa02e43600f41d324d29542002t 

2020-06-29 15:58:50.393 connmanager.go:391 [INF] Peerv2 log: Publishing to topic blockshard-0-QmNwaG1MyyuAkroNyeuJ51kFBZ88M9ErXHLrMU9pDw5DMN-nodepub
2020-06-29 15:58:50.395 connmanager.go:391 [INF] Peerv2 log: Publishing to topic blkshdtobcn--QmNwaG1MyyuAkroNyeuJ51kFBZ88M9ErXHLrMU9pDw5DMN-nodepub
2020-06-29 15:58:50.400 shardprocess.go:169 [INF] BlockChain log: SHARD 0 | Update NumOfBlocksByProducers, block height 4 with hash 91b9062780f5ece176743fe41e139b55d2bf97aa02e43600f41d324d29542002 

2020-06-29 15:58:50.400 shardprocess.go:189 [INF] BlockChain log: SHARD 0 | Remove Data After Processed, block height 4 with hash 91b9062780f5ece176743fe41e139b55d2bf97aa02e43600f41d324d29542002 

2020-06-29 15:58:50.400 shardprocess.go:190 [INF] BlockChain log: SHARD 0 | Update Beacon Instruction, block height 4 with hash 91b9062780f5ece176743fe41e139b55d2bf97aa02e43600f41d324d29542002 

2020-06-29 15:58:50.400 shardprocess.go:195 [INF] BlockChain log: SHARD 0 | Store New Shard Block And Update Data, block height 4 with hash 91b9062780f5ece176743fe41e139b55d2bf97aa02e43600f41d324d29542002 

2020-06-29 15:58:50.400 shardprocess.go:958 [INF] BlockChain log: SHARD 0 | Process store block height 4 at hash 91b9062780f5ece176743fe41e139b55d2bf97aa02e43600f41d324d29542002
2020-06-29 15:58:50.400 accessor_transaction.go:673 [CRT] BlockChain log: Fetch Cross transaction map[]
2020-06-29 15:58:50.400 statedb.go:161 [INF] DAO log: StateDB commit and return root hash time 2.297Âµs
2020-06-29 15:58:50.400 intermediatewriter.go:720 [INF] Trie log: Persisted trie from memory database nodes 0 size 0.00 B time 3.33Âµs gcnodes 0 gcsize 0.00 B gctime 0s livenodes 1 livesize 0.00 B
2020-06-29 15:58:50.400 statedb.go:161 [INF] DAO log: StateDB commit and return root hash time 5.847Âµs
2020-06-29 15:58:50.400 intermediatewriter.go:720 [INF] Trie log: Persisted trie from memory database nodes 0 size 0.00 B time 2.472Âµs gcnodes 0 gcsize 0.00 B gctime 0s livenodes 1 livesize 0.00 B
2020-06-29 15:58:50.400 statedb.go:161 [INF] DAO log: StateDB commit and return root hash time 2.075Âµs
2020-06-29 15:58:50.400 intermediatewriter.go:720 [INF] Trie log: Persisted trie from memory database nodes 0 size 0.00 B time 2.301Âµs gcnodes 0 gcsize 0.00 B gctime 0s livenodes 1 livesize 0.00 B
2020-06-29 15:58:50.400 statedb.go:161 [INF] DAO log: StateDB commit and return root hash time 2.424Âµs
2020-06-29 15:58:50.400 intermediatewriter.go:720 [INF] Trie log: Persisted trie from memory database nodes 0 size 0.00 B time 2.227Âµs gcnodes 0 gcsize 0.00 B gctime 0s livenodes 1 livesize 0.00 B
2020-06-29 15:58:50.401 statedb.go:161 [INF] DAO log: StateDB commit and return root hash time 1.945Âµs
2020-06-29 15:58:50.401 intermediatewriter.go:720 [INF] Trie log: Persisted trie from memory database nodes 0 size 0.00 B time 1.985Âµs gcnodes 0 gcsize 0.00 B gctime 0s livenodes 1 livesize 0.00 B
debug BackupShardViews 4
2020-06-29 15:58:50.401 shardprocess.go:1163 [INF] BlockChain log: SHARD 0 | ðŸ”Ž 0 transactions in block height 4 

2020-06-29 15:58:50.401 shardprocess.go:215 [INF] BlockChain log: SHARD 0 | Finish Insert new block 4, with hash 91b9062780f5ece176743fe41e139b55d2bf97aa02e43600f41d324d29542002 ðŸ”—
2020-06-29 15:58:50.785 connmanager.go:391 [INF] Peerv2 log: Publishing to topic peerstate-0-QmNwaG1MyyuAkroNyeuJ51kFBZ88M9ErXHLrMU9pDw5DMN-nodepub
Syncker: Insert shard 0 from pool 4
2020-06-29 15:58:51.882 shardprocess.go:111 [INF] BlockChain log: SHARD 0 | InsertShardBlock 4 with hash 91b9062780f5ece176743fe41e139b55d2bf97aa02e43600f41d324d29542002 

2020-06-29 15:58:51.895 beaconsyncprocess.go:242 [INF] Syncker log : Syncker: Insert beacon from pool 6
2020-06-29 15:58:51.899 beaconprocess.go:85 [INF] BlockChain log: BEACON | InsertBeaconBlock  6 with hash [18 162 38 55 167 198 233 65 15 243 63 218 55 167 74 202 177 79 10 116 248 63 2 220 117 174 196 168 62 34 222 255]
2020-06-29 15:58:51.903 beaconprocess.go:231 [INF] BlockChain log: BEACON | Process Store Beacon Block Height 6 with hash [18 162 38 55 167 198 233 65 15 243 63 218 55 167 74 202 177 79 10 116 248 63 2 220 117 174 196 168 62 34 222 255]
2020-06-29 15:58:51.903 statedb.go:161 [INF] DAO log: StateDB commit and return root hash time 6.277Âµs
2020-06-29 15:58:51.903 intermediatewriter.go:720 [INF] Trie log: Persisted trie from memory database nodes 0 size 0.00 B time 4.113Âµs gcnodes 0 gcsize 0.00 B gctime 0s livenodes 1 livesize 0.00 B
2020-06-29 15:58:51.903 statedb.go:161 [INF] DAO log: StateDB commit and return root hash time 3.49Âµs
2020-06-29 15:58:51.903 intermediatewriter.go:720 [INF] Trie log: Persisted trie from memory database nodes 0 size 0.00 B time 2.627Âµs gcnodes 0 gcsize 0.00 B gctime 0s livenodes 1 livesize 0.00 B
2020-06-29 15:58:51.903 statedb.go:161 [INF] DAO log: StateDB commit and return root hash time 67.328Âµs
2020-06-29 15:58:51.903 intermediatewriter.go:720 [INF] Trie log: Persisted trie from memory database nodes 1 size 189.00 B time 49.659Âµs gcnodes 0 gcsize 0.00 B gctime 0s livenodes 1 livesize 0.00 B
2020-06-29 15:58:51.904 statedb.go:161 [INF] DAO log: StateDB commit and return root hash time 2.495Âµs
2020-06-29 15:58:51.904 intermediatewriter.go:720 [INF] Trie log: Persisted trie from memory database nodes 0 size 0.00 B time 2.24Âµs gcnodes 0 gcsize 0.00 B gctime 0s livenodes 1 livesize 0.00 B
2020-06-29 15:58:51.905 beaconprocess.go:252 [INF] BlockChain log: BEACON | Finish Insert new Beacon Block 6, with hash ffde223ea8c4ae75dc023ff8740a4fb1ca4aa737da3ff30f41e9c6a73726a212
2020-06-29 15:58:53.785 connmanager.go:391 [INF] Peerv2 log: Publishing to topic peerstate-0-QmNwaG1MyyuAkroNyeuJ51kFBZ88M9ErXHLrMU9pDw5DMN-nodepub
2020-06-29 15:58:56.785 connmanager.go:391 [INF] Peerv2 log: Publishing to topic peerstate-0-QmNwaG1MyyuAkroNyeuJ51kFBZ88M9ErXHLrMU9pDw5DMN-nodepub
2020-06-29 15:58:59.786 connmanager.go:391 [INF] Peerv2 log: Publishing to topic peerstate-0-QmNwaG1MyyuAkroNyeuJ51kFBZ88M9ErXHLrMU9pDw5DMN-nodepub
2020-06-29 15:59:00.190 bftactorv2.go:187 [INF] Consensus log: 
2020-06-29 15:59:00.190 bftactorv2.go:188 [INF] Consensus log: ======================================================
2020-06-29 15:59:00.190 bftactorv2.go:189 [INF] Consensus log: 
2020-06-29 15:59:00.190 bftactorv2.go:193 [INF] Consensus log: TS: 159342114 , LISTEN BLOCK 5
2020-06-29 15:59:00.192 bftactorv2.go:128 [INF] Consensus log: Receive block  18ad06032aa6289a3d9404365848f21f44e8e7353965816309c9bafe9756d643 height 5 ,block timeslot  159342114
2020-06-29 15:59:00.282 bftactorv2.go:150 [INF] Consensus log: Receive vote for block 18ad06032aa6289a3d9404365848f21f44e8e7353965816309c9bafe9756d643 (1) from 1ZAaN1wMoaPeRjeQnvvryqiSn9LhwXTyZJZrCsv3WiiPUPnnnKS9cswdWvV8mdZWy2vnx4SNmrWbEvdppnk6vNR2uAXLTrpQfm3Yjjde9NmDVgCNBpqizjEAr3eJ7QhX81cvdjPxbyWrYsGHaSKbch32Wo2BekACjbneEPf1zAH2zXB8t9Ab1
2020-06-29 15:59:00.389 bftactorv2.go:374 [INF] Consensus log: validateAndVote
2020-06-29 15:59:00.389 shardprocess.go:53 [INF] BlockChain log: SHARD 0 | Verify ShardBlock for signing process 5, with hash 18ad06032aa6289a3d9404365848f21f44e8e7353965816309c9bafe9756d643
2020-06-29 15:59:00.391 shardprocess.go:100 [INF] BlockChain log: SHARD 0 | Block 5, with hash 18ad06032aa6289a3d9404365848f21f44e8e7353965816309c9bafe9756d643 is VALID for ðŸ–‹ signing
2020-06-29 15:59:00.393 bftactorv2.go:436 [INF] Consensus log: sending vote...
2020-06-29 15:59:00.393 connmanager.go:92 [INF] Peerv2 log: {bft-0- 0xc000392be0 PUBSUB}
2020-06-29 15:59:00.393 connmanager.go:391 [INF] Peerv2 log: Publishing to topic bft-0-
2020-06-29 15:59:00.394 bftactorv2.go:150 [INF] Consensus log: Receive vote for block 18ad06032aa6289a3d9404365848f21f44e8e7353965816309c9bafe9756d643 (2) from 1XXn39shaoXTCFtZjz4bmtWWkL9Ps5Sd8MEiRRweEnFiR6JYEubQ5mkewRJxuqmjvK7ACyfJ9mwrjWSMGgjW8K3kFcy6LRHjip7PPe15qs5TysU8DsbchaaQtuA5B9jtsCKXNhpDzAjw5dWm9d5ygkyFjUiAjMyWdJdUCQi8SEjyXoKtL4eoW
2020-06-29 15:59:00.394 bftactorv2.go:150 [INF] Consensus log: Receive vote for block 18ad06032aa6289a3d9404365848f21f44e8e7353965816309c9bafe9756d643 (3) from 1688ttpB43Sj7TAsUAGs1552fcx66zujXayutjzSrbHbaPMb9Byd1oXVLP2TNteeVNk9p17Uz6tfH3T8WohnV5VKDgnQLGsXcxQ4ff9vnUiKgDXoUFio3dSBRfMkzVFEgTz4QgRxjV2KwymRU9daMyejQ8iApeRa2uotcaHLa2WfxKWmt5fUA
syncker: receive beacon block 7 
2020-06-29 15:59:00.587 bftactorv2.go:338 [INF] Consensus log: Commit block 18ad06032aa6289a3d9404365848f21f44e8e7353965816309c9bafe9756d643 , height: 5
2020-06-29 15:59:00.588 connmanager.go:92 [INF] Peerv2 log: {blockshard-0-QmNwaG1MyyuAkroNyeuJ51kFBZ88M9ErXHLrMU9pDw5DMN-nodepub <nil> PUB}
2020-06-29 15:59:00.588 shardprocess.go:111 [INF] BlockChain log: SHARD 0 | InsertShardBlock 5 with hash 18ad06032aa6289a3d9404365848f21f44e8e7353965816309c9bafe9756d643 

2020-06-29 15:59:00.588 shardprocess.go:141 [INF] BlockChain log: SHARD 0 | Verify Pre Processing, block height 5 with hash 18ad06032aa6289a3d9404365848f21f44e8e7353965816309c9bafe9756d643t 

2020-06-29 15:59:00.588 connmanager.go:391 [INF] Peerv2 log: Publishing to topic blockshard-0-QmNwaG1MyyuAkroNyeuJ51kFBZ88M9ErXHLrMU9pDw5DMN-nodepub
2020-06-29 15:59:00.589 connmanager.go:391 [INF] Peerv2 log: Publishing to topic blkshdtobcn--QmNwaG1MyyuAkroNyeuJ51kFBZ88M9ErXHLrMU9pDw5DMN-nodepub
2020-06-29 15:59:00.594 shardprocess.go:169 [INF] BlockChain log: SHARD 0 | Update NumOfBlocksByProducers, block height 5 with hash 18ad06032aa6289a3d9404365848f21f44e8e7353965816309c9bafe9756d643 

2020-06-29 15:59:00.595 shardprocess.go:189 [INF] BlockChain log: SHARD 0 | Remove Data After Processed, block height 5 with hash 18ad06032aa6289a3d9404365848f21f44e8e7353965816309c9bafe9756d643 

2020-06-29 15:59:00.595 shardprocess.go:190 [INF] BlockChain log: SHARD 0 | Update Beacon Instruction, block height 5 with hash 18ad06032aa6289a3d9404365848f21f44e8e7353965816309c9bafe9756d643 

2020-06-29 15:59:00.596 shardprocess.go:195 [INF] BlockChain log: SHARD 0 | Store New Shard Block And Update Data, block height 5 with hash 18ad06032aa6289a3d9404365848f21f44e8e7353965816309c9bafe9756d643 

2020-06-29 15:59:00.596 shardprocess.go:958 [INF] BlockChain log: SHARD 0 | Process store block height 5 at hash 18ad06032aa6289a3d9404365848f21f44e8e7353965816309c9bafe9756d643
2020-06-29 15:59:00.596 accessor_transaction.go:673 [CRT] BlockChain log: Fetch Cross transaction map[]
2020-06-29 15:59:00.596 statedb.go:161 [INF] DAO log: StateDB commit and return root hash time 2.436Âµs
2020-06-29 15:59:00.596 intermediatewriter.go:720 [INF] Trie log: Persisted trie from memory database nodes 0 size 0.00 B time 3.447Âµs gcnodes 0 gcsize 0.00 B gctime 0s livenodes 1 livesize 0.00 B
2020-06-29 15:59:00.596 statedb.go:161 [INF] DAO log: StateDB commit and return root hash time 4.929Âµs
2020-06-29 15:59:00.596 intermediatewriter.go:720 [INF] Trie log: Persisted trie from memory database nodes 0 size 0.00 B time 3.337Âµs gcnodes 0 gcsize 0.00 B gctime 0s livenodes 1 livesize 0.00 B
2020-06-29 15:59:00.596 statedb.go:161 [INF] DAO log: StateDB commit and return root hash time 3.724Âµs
2020-06-29 15:59:00.596 intermediatewriter.go:720 [INF] Trie log: Persisted trie from memory database nodes 0 size 0.00 B time 1.969Âµs gcnodes 0 gcsize 0.00 B gctime 0s livenodes 1 livesize 0.00 B
2020-06-29 15:59:00.596 statedb.go:161 [INF] DAO log: StateDB commit and return root hash time 2.222Âµs
2020-06-29 15:59:00.596 intermediatewriter.go:720 [INF] Trie log: Persisted trie from memory database nodes 0 size 0.00 B time 2.104Âµs gcnodes 0 gcsize 0.00 B gctime 0s livenodes 1 livesize 0.00 B
2020-06-29 15:59:00.596 statedb.go:161 [INF] DAO log: StateDB commit and return root hash time 1.993Âµs
2020-06-29 15:59:00.596 intermediatewriter.go:720 [INF] Trie log: Persisted trie from memory database nodes 0 size 0.00 B time 2.667Âµs gcnodes 0 gcsize 0.00 B gctime 0s livenodes 1 livesize 0.00 B
debug BackupShardViews 3
2020-06-29 15:59:00.597 shardprocess.go:1163 [INF] BlockChain log: SHARD 0 | ðŸ”Ž 0 transactions in block height 5 

2020-06-29 15:59:00.597 shardprocess.go:215 [INF] BlockChain log: SHARD 0 | Finish Insert new block 5, with hash 18ad06032aa6289a3d9404365848f21f44e8e7353965816309c9bafe9756d643 ðŸ”—
Syncker: Insert shard 0 from pool 5
2020-06-29 15:59:01.902 shardprocess.go:111 [INF] BlockChain log: SHARD 0 | InsertShardBlock 5 with hash 18ad06032aa6289a3d9404365848f21f44e8e7353965816309c9bafe9756d643 

2020-06-29 15:59:01.917 beaconsyncprocess.go:242 [INF] Syncker log : Syncker: Insert beacon from pool 7
2020-06-29 15:59:01.920 beaconprocess.go:85 [INF] BlockChain log: BEACON | InsertBeaconBlock  7 with hash [79 47 192 52 192 179 36 1 107 253 250 67 120 197 156 173 53 42 171 199 213 70 11 155 215 236 32 80 2 32 81 73]
2020-06-29 15:59:01.924 beaconprocess.go:231 [INF] BlockChain log: BEACON | Process Store Beacon Block Height 7 with hash [79 47 192 52 192 179 36 1 107 253 250 67 120 197 156 173 53 42 171 199 213 70 11 155 215 236 32 80 2 32 81 73]
2020-06-29 15:59:01.925 statedb.go:161 [INF] DAO log: StateDB commit and return root hash time 4.56Âµs
2020-06-29 15:59:01.925 intermediatewriter.go:720 [INF] Trie log: Persisted trie from memory database nodes 0 size 0.00 B time 3.909Âµs gcnodes 0 gcsize 0.00 B gctime 0s livenodes 1 livesize 0.00 B
2020-06-29 15:59:01.925 statedb.go:161 [INF] DAO log: StateDB commit and return root hash time 2.02Âµs
2020-06-29 15:59:01.925 intermediatewriter.go:720 [INF] Trie log: Persisted trie from memory database nodes 0 size 0.00 B time 2.136Âµs gcnodes 0 gcsize 0.00 B gctime 0s livenodes 1 livesize 0.00 B
2020-06-29 15:59:01.925 statedb.go:161 [INF] DAO log: StateDB commit and return root hash time 44.577Âµs
2020-06-29 15:59:01.925 intermediatewriter.go:720 [INF] Trie log: Persisted trie from memory database nodes 1 size 189.00 B time 62.725Âµs gcnodes 0 gcsize 0.00 B gctime 0s livenodes 1 livesize 0.00 B
2020-06-29 15:59:01.925 statedb.go:161 [INF] DAO log: StateDB commit and return root hash time 2.11Âµs
2020-06-29 15:59:01.925 intermediatewriter.go:720 [INF] Trie log: Persisted trie from memory database nodes 0 size 0.00 B time 1.873Âµs gcnodes 0 gcsize 0.00 B gctime 0s livenodes 1 livesize 0.00 B
2020-06-29 15:59:01.926 beaconprocess.go:252 [INF] BlockChain log: BEACON | Finish Insert new Beacon Block 7, with hash 495120025020ecd79b0b46d5c7ab2a35ad9cc57843fafd6b0124b3c034c02f4f
2020-06-29 15:59:02.786 connmanager.go:391 [INF] Peerv2 log: Publishing to topic peerstate-0-QmNwaG1MyyuAkroNyeuJ51kFBZ88M9ErXHLrMU9pDw5DMN-nodepub
2020-06-29 15:59:05.786 connmanager.go:391 [INF] Peerv2 log: Publishing to topic peerstate-0-QmNwaG1MyyuAkroNyeuJ51kFBZ88M9ErXHLrMU9pDw5DMN-nodepub
2020-06-29 15:59:08.784 connmanager.go:391 [INF] Peerv2 log: Publishing to topic peerstate-0-QmNwaG1MyyuAkroNyeuJ51kFBZ88M9ErXHLrMU9pDw5DMN-nodepub
2020-06-29 15:59:10.187 bftactorv2.go:187 [INF] Consensus log: 
2020-06-29 15:59:10.187 bftactorv2.go:188 [INF] Consensus log: ======================================================
2020-06-29 15:59:10.188 bftactorv2.go:189 [INF] Consensus log: 
2020-06-29 15:59:10.188 bftactorv2.go:193 [INF] Consensus log: TS: 159342115 , LISTEN BLOCK 6
syncker: receive beacon block 8 
2020-06-29 15:59:11.785 connmanager.go:391 [INF] Peerv2 log: Publishing to topic peerstate-0-QmNwaG1MyyuAkroNyeuJ51kFBZ88M9ErXHLrMU9pDw5DMN-nodepub
2020-06-29 15:59:11.943 beaconsyncprocess.go:242 [INF] Syncker log : Syncker: Insert beacon from pool 8
2020-06-29 15:59:11.947 beaconprocess.go:85 [INF] BlockChain log: BEACON | InsertBeaconBlock  8 with hash [138 151 220 145 234 198 155 236 139 187 200 71 121 81 101 249 16 57 168 107 43 44 86 67 47 112 94 208 134 80 134 16]
2020-06-29 15:59:11.951 beaconprocess.go:231 [INF] BlockChain log: BEACON | Process Store Beacon Block Height 8 with hash [138 151 220 145 234 198 155 236 139 187 200 71 121 81 101 249 16 57 168 107 43 44 86 67 47 112 94 208 134 80 134 16]
2020-06-29 15:59:11.951 statedb.go:161 [INF] DAO log: StateDB commit and return root hash time 4.454Âµs
2020-06-29 15:59:11.951 intermediatewriter.go:720 [INF] Trie log: Persisted trie from memory database nodes 0 size 0.00 B time 3.275Âµs gcnodes 0 gcsize 0.00 B gctime 0s livenodes 1 livesize 0.00 B
2020-06-29 15:59:11.951 statedb.go:161 [INF] DAO log: StateDB commit and return root hash time 2.161Âµs
2020-06-29 15:59:11.951 intermediatewriter.go:720 [INF] Trie log: Persisted trie from memory database nodes 0 size 0.00 B time 2.748Âµs gcnodes 0 gcsize 0.00 B gctime 0s livenodes 1 livesize 0.00 B
2020-06-29 15:59:11.951 statedb.go:161 [INF] DAO log: StateDB commit and return root hash time 36.197Âµs
2020-06-29 15:59:11.952 intermediatewriter.go:720 [INF] Trie log: Persisted trie from memory database nodes 1 size 190.00 B time 44.349Âµs gcnodes 0 gcsize 0.00 B gctime 0s livenodes 1 livesize 0.00 B
2020-06-29 15:59:11.952 statedb.go:161 [INF] DAO log: StateDB commit and return root hash time 2.246Âµs
2020-06-29 15:59:11.952 intermediatewriter.go:720 [INF] Trie log: Persisted trie from memory database nodes 0 size 0.00 B time 2.91Âµs gcnodes 0 gcsize 0.00 B gctime 0s livenodes 1 livesize 0.00 B
2020-06-29 15:59:11.954 beaconprocess.go:252 [INF] BlockChain log: BEACON | Finish Insert new Beacon Block 8, with hash 10865086d05e702f43562c2b6ba83910f965517947c8bb8bec9bc6ea91dc978a
2020-06-29 15:59:14.783 connmanager.go:391 [INF] Peerv2 log: Publishing to topic peerstate-0-QmNwaG1MyyuAkroNyeuJ51kFBZ88M9ErXHLrMU9pDw5DMN-nodepub
2020-06-29 15:59:17.783 connmanager.go:391 [INF] Peerv2 log: Publishing to topic peerstate-0-QmNwaG1MyyuAkroNyeuJ51kFBZ88M9ErXHLrMU9pDw5DMN-nodepub
2020-06-29 15:59:20.189 bftactorv2.go:187 [INF] Consensus log: 
2020-06-29 15:59:20.189 bftactorv2.go:188 [INF] Consensus log: ======================================================
2020-06-29 15:59:20.190 bftactorv2.go:189 [INF] Consensus log: 
2020-06-29 15:59:20.190 bftactorv2.go:191 [INF] Consensus log: TS: 159342116 , PROPOSE BLOCK 6
2020-06-29 15:59:20.190 bftactorv2.go:453 [INF] Consensus log: debug CreateNewBlock
2020-06-29 15:59:20.190 shardchain.go:137 [INF] BlockChain log: Begin Start New Block Shard 2020-06-29 15:59:20.190236 +0700 +07 m=+87.156092479
2020-06-29 15:59:20.190 shardproducer.go:66 [CRT] BlockChain log: â› Creating Shard Block 6
2020-06-29 15:59:20.190 shardproducer.go:85 [INF] DeBridge log: Producing block: 6
2020-06-29 15:59:20.191 shardproducer.go:114 [INF] BlockChain log: Get Beacon Block With Height 6, Shard BestState 4
Check cross shard data 
Check cross shard data 
Check cross shard data 
Check cross shard data - len of all cross shard blocks 1
Check cross shard data - len of all cross shard blocks 1
Check cross shard data - len of all cross shard blocks 1
2020-06-29 15:59:20.191 shardproducer.go:128 [CRT] BlockChain log: Cross Transaction:  map[]
2020-06-29 15:59:20.191 shardproducer.go:684 [INF] BlockChain log: Number of transaction get from Block Generator:  0
2020-06-29 15:59:20.191 shardproducer.go:755 [CRT] BlockChain log: Â ðŸ”Ž 0 transactions for New Block from pool 

2020-06-29 15:59:20.191 shardproducer.go:263 [INF] BlockChain log: Creating empty block...
2020-06-29 15:59:20.192 shardchain.go:139 [INF] BlockChain log: Finish New Block Shard 2020-06-29 15:59:20.192986 +0700 +07 m=+87.158842925
2020-06-29 15:59:20.193 shardchain.go:149 [INF] BlockChain log: Finish Create New Block
2020-06-29 15:59:20.193 bftactorv2.go:466 [INF] Consensus log: create block 6 hash 720ad52d9f96bf31f6cdc3c23dc06aa233c4b10f2b9b559719c89d14911bbe0b, propose time 1593421160, produce time 1593421160
2020-06-29 15:59:20.193 bftactorv2.go:219 [INF] Consensus log: proposer block 6 round 1 time slot 159342116 blockTimeSlot 159342116 with hash 720ad52d9f96bf31f6cdc3c23dc06aa233c4b10f2b9b559719c89d14911bbe0b
2020-06-29 15:59:20.193 connmanager.go:92 [INF] Peerv2 log: {bft-0- 0xc000392be0 PUBSUB}
2020-06-29 15:59:20.193 bftactorv2.go:128 [INF] Consensus log: Receive block  720ad52d9f96bf31f6cdc3c23dc06aa233c4b10f2b9b559719c89d14911bbe0b height 6 ,block timeslot  159342116
2020-06-29 15:59:20.194 connmanager.go:391 [INF] Peerv2 log: Publishing to topic bft-0-
2020-06-29 15:59:20.279 bftactorv2.go:150 [INF] Consensus log: Receive vote for block 720ad52d9f96bf31f6cdc3c23dc06aa233c4b10f2b9b559719c89d14911bbe0b (1) from 1ZAaN1wMoaPeRjeQnvvryqiSn9LhwXTyZJZrCsv3WiiPUPnnnKS9cswdWvV8mdZWy2vnx4SNmrWbEvdppnk6vNR2uAXLTrpQfm3Yjjde9NmDVgCNBpqizjEAr3eJ7QhX81cvdjPxbyWrYsGHaSKbch32Wo2BekACjbneEPf1zAH2zXB8t9Ab1
2020-06-29 15:59:20.388 bftactorv2.go:374 [INF] Consensus log: validateAndVote
2020-06-29 15:59:20.389 shardprocess.go:53 [INF] BlockChain log: SHARD 0 | Verify ShardBlock for signing process 6, with hash 720ad52d9f96bf31f6cdc3c23dc06aa233c4b10f2b9b559719c89d14911bbe0b
2020-06-29 15:59:20.391 shardprocess.go:100 [INF] BlockChain log: SHARD 0 | Block 6, with hash 720ad52d9f96bf31f6cdc3c23dc06aa233c4b10f2b9b559719c89d14911bbe0b is VALID for ðŸ–‹ signing
2020-06-29 15:59:20.392 bftactorv2.go:436 [INF] Consensus log: sending vote...
2020-06-29 15:59:20.392 connmanager.go:92 [INF] Peerv2 log: {bft-0- 0xc000392be0 PUBSUB}
2020-06-29 15:59:20.392 connmanager.go:391 [INF] Peerv2 log: Publishing to topic bft-0-
2020-06-29 15:59:20.392 bftactorv2.go:150 [INF] Consensus log: Receive vote for block 720ad52d9f96bf31f6cdc3c23dc06aa233c4b10f2b9b559719c89d14911bbe0b (2) from 1XXn39shaoXTCFtZjz4bmtWWkL9Ps5Sd8MEiRRweEnFiR6JYEubQ5mkewRJxuqmjvK7ACyfJ9mwrjWSMGgjW8K3kFcy6LRHjip7PPe15qs5TysU8DsbchaaQtuA5B9jtsCKXNhpDzAjw5dWm9d5ygkyFjUiAjMyWdJdUCQi8SEjyXoKtL4eoW
2020-06-29 15:59:20.393 bftactorv2.go:150 [INF] Consensus log: Receive vote for block 720ad52d9f96bf31f6cdc3c23dc06aa233c4b10f2b9b559719c89d14911bbe0b (3) from 1688ttpB43Sj7TAsUAGs1552fcx66zujXayutjzSrbHbaPMb9Byd1oXVLP2TNteeVNk9p17Uz6tfH3T8WohnV5VKDgnQLGsXcxQ4ff9vnUiKgDXoUFio3dSBRfMkzVFEgTz4QgRxjV2KwymRU9daMyejQ8iApeRa2uotcaHLa2WfxKWmt5fUA
syncker: receive beacon block 9 
2020-06-29 15:59:20.588 bftactorv2.go:338 [INF] Consensus log: Commit block 720ad52d9f96bf31f6cdc3c23dc06aa233c4b10f2b9b559719c89d14911bbe0b , height: 6
2020-06-29 15:59:20.589 shardprocess.go:111 [INF] BlockChain log: SHARD 0 | InsertShardBlock 6 with hash 720ad52d9f96bf31f6cdc3c23dc06aa233c4b10f2b9b559719c89d14911bbe0b 

2020-06-29 15:59:20.589 connmanager.go:92 [INF] Peerv2 log: {blockshard-0-QmNwaG1MyyuAkroNyeuJ51kFBZ88M9ErXHLrMU9pDw5DMN-nodepub <nil> PUB}
2020-06-29 15:59:20.589 connmanager.go:391 [INF] Peerv2 log: Publishing to topic blockshard-0-QmNwaG1MyyuAkroNyeuJ51kFBZ88M9ErXHLrMU9pDw5DMN-nodepub
2020-06-29 15:59:20.589 shardprocess.go:141 [INF] BlockChain log: SHARD 0 | Verify Pre Processing, block height 6 with hash 720ad52d9f96bf31f6cdc3c23dc06aa233c4b10f2b9b559719c89d14911bbe0bt 

2020-06-29 15:59:20.590 connmanager.go:391 [INF] Peerv2 log: Publishing to topic blkshdtobcn--QmNwaG1MyyuAkroNyeuJ51kFBZ88M9ErXHLrMU9pDw5DMN-nodepub
2020-06-29 15:59:20.594 shardprocess.go:169 [INF] BlockChain log: SHARD 0 | Update NumOfBlocksByProducers, block height 6 with hash 720ad52d9f96bf31f6cdc3c23dc06aa233c4b10f2b9b559719c89d14911bbe0b 

2020-06-29 15:59:20.595 shardprocess.go:189 [INF] BlockChain log: SHARD 0 | Remove Data After Processed, block height 6 with hash 720ad52d9f96bf31f6cdc3c23dc06aa233c4b10f2b9b559719c89d14911bbe0b 

2020-06-29 15:59:20.595 shardprocess.go:190 [INF] BlockChain log: SHARD 0 | Update Beacon Instruction, block height 6 with hash 720ad52d9f96bf31f6cdc3c23dc06aa233c4b10f2b9b559719c89d14911bbe0b 

2020-06-29 15:59:20.595 shardprocess.go:195 [INF] BlockChain log: SHARD 0 | Store New Shard Block And Update Data, block height 6 with hash 720ad52d9f96bf31f6cdc3c23dc06aa233c4b10f2b9b559719c89d14911bbe0b 

2020-06-29 15:59:20.595 shardprocess.go:958 [INF] BlockChain log: SHARD 0 | Process store block height 6 at hash 720ad52d9f96bf31f6cdc3c23dc06aa233c4b10f2b9b559719c89d14911bbe0b
2020-06-29 15:59:20.595 accessor_transaction.go:673 [CRT] BlockChain log: Fetch Cross transaction map[]
2020-06-29 15:59:20.595 statedb.go:161 [INF] DAO log: StateDB commit and return root hash time 3.55Âµs
2020-06-29 15:59:20.595 intermediatewriter.go:720 [INF] Trie log: Persisted trie from memory database nodes 0 size 0.00 B time 6.59Âµs gcnodes 0 gcsize 0.00 B gctime 0s livenodes 1 livesize 0.00 B
2020-06-29 15:59:20.595 statedb.go:161 [INF] DAO log: StateDB commit and return root hash time 3.429Âµs
2020-06-29 15:59:20.595 intermediatewriter.go:720 [INF] Trie log: Persisted trie from memory database nodes 0 size 0.00 B time 3.369Âµs gcnodes 0 gcsize 0.00 B gctime 0s livenodes 1 livesize 0.00 B
2020-06-29 15:59:20.595 statedb.go:161 [INF] DAO log: StateDB commit and return root hash time 2.448Âµs
2020-06-29 15:59:20.595 intermediatewriter.go:720 [INF] Trie log: Persisted trie from memory database nodes 0 size 0.00 B time 3.168Âµs gcnodes 0 gcsize 0.00 B gctime 0s livenodes 1 livesize 0.00 B
2020-06-29 15:59:20.595 statedb.go:161 [INF] DAO log: StateDB commit and return root hash time 2.455Âµs
2020-06-29 15:59:20.595 intermediatewriter.go:720 [INF] Trie log: Persisted trie from memory database nodes 0 size 0.00 B time 2.183Âµs gcnodes 0 gcsize 0.00 B gctime 0s livenodes 1 livesize 0.00 B
2020-06-29 15:59:20.595 statedb.go:161 [INF] DAO log: StateDB commit and return root hash time 2.38Âµs
2020-06-29 15:59:20.596 intermediatewriter.go:720 [INF] Trie log: Persisted trie from memory database nodes 0 size 0.00 B time 2.175Âµs gcnodes 0 gcsize 0.00 B gctime 0s livenodes 1 livesize 0.00 B
debug BackupShardViews 4
2020-06-29 15:59:20.597 shardprocess.go:1163 [INF] BlockChain log: SHARD 0 | ðŸ”Ž 0 transactions in block height 6 

2020-06-29 15:59:20.597 shardprocess.go:215 [INF] BlockChain log: SHARD 0 | Finish Insert new block 6, with hash 720ad52d9f96bf31f6cdc3c23dc06aa233c4b10f2b9b559719c89d14911bbe0b ðŸ”—
2020-06-29 15:59:20.782 connmanager.go:391 [INF] Peerv2 log: Publishing to topic peerstate-0-QmNwaG1MyyuAkroNyeuJ51kFBZ88M9ErXHLrMU9pDw5DMN-nodepub
Syncker: Insert shard 0 from pool 6
2020-06-29 15:59:21.938 shardprocess.go:111 [INF] BlockChain log: SHARD 0 | InsertShardBlock 6 with hash 720ad52d9f96bf31f6cdc3c23dc06aa233c4b10f2b9b559719c89d14911bbe0b 

2020-06-29 15:59:21.970 beaconsyncprocess.go:242 [INF] Syncker log : Syncker: Insert beacon from pool 9
2020-06-29 15:59:21.974 beaconprocess.go:85 [INF] BlockChain log: BEACON | InsertBeaconBlock  9 with hash [228 121 65 136 85 119 170 142 98 110 114 127 216 179 252 127 186 230 137 127 177 136 33 4 72 202 80 2 5 197 103 219]
2020-06-29 15:59:21.978 beaconprocess.go:231 [INF] BlockChain log: BEACON | Process Store Beacon Block Height 9 with hash [228 121 65 136 85 119 170 142 98 110 114 127 216 179 252 127 186 230 137 127 177 136 33 4 72 202 80 2 5 197 103 219]
2020-06-29 15:59:21.978 statedb.go:161 [INF] DAO log: StateDB commit and return root hash time 3.366Âµs
2020-06-29 15:59:21.978 intermediatewriter.go:720 [INF] Trie log: Persisted trie from memory database nodes 0 size 0.00 B time 22.326Âµs gcnodes 0 gcsize 0.00 B gctime 0s livenodes 1 livesize 0.00 B
2020-06-29 15:59:21.978 statedb.go:161 [INF] DAO log: StateDB commit and return root hash time 2.103Âµs
2020-06-29 15:59:21.978 intermediatewriter.go:720 [INF] Trie log: Persisted trie from memory database nodes 0 size 0.00 B time 2.045Âµs gcnodes 0 gcsize 0.00 B gctime 0s livenodes 1 livesize 0.00 B
2020-06-29 15:59:21.978 statedb.go:161 [INF] DAO log: StateDB commit and return root hash time 2.686Âµs
2020-06-29 15:59:21.978 intermediatewriter.go:720 [INF] Trie log: Persisted trie from memory database nodes 0 size 0.00 B time 4.626Âµs gcnodes 0 gcsize 0.00 B gctime 0s livenodes 1 livesize 0.00 B
2020-06-29 15:59:21.978 statedb.go:161 [INF] DAO log: StateDB commit and return root hash time 2.031Âµs
2020-06-29 15:59:21.978 intermediatewriter.go:720 [INF] Trie log: Persisted trie from memory database nodes 0 size 0.00 B time 2.143Âµs gcnodes 0 gcsize 0.00 B gctime 0s livenodes 1 livesize 0.00 B
2020-06-29 15:59:21.980 beaconprocess.go:252 [INF] BlockChain log: BEACON | Finish Insert new Beacon Block 9, with hash db67c5050250ca48042188b17f89e6ba7ffcb3d87f726e628eaa7755884179e4
2020-06-29 15:59:23.784 connmanager.go:391 [INF] Peerv2 log: Publishing to topic peerstate-0-QmNwaG1MyyuAkroNyeuJ51kFBZ88M9ErXHLrMU9pDw5DMN-nodepub
2020-06-29 15:59:26.786 connmanager.go:391 [INF] Peerv2 log: Publishing to topic peerstate-0-QmNwaG1MyyuAkroNyeuJ51kFBZ88M9ErXHLrMU9pDw5DMN-nodepub
2020-06-29 15:59:29.786 connmanager.go:391 [INF] Peerv2 log: Publishing to topic peerstate-0-QmNwaG1MyyuAkroNyeuJ51kFBZ88M9ErXHLrMU9pDw5DMN-nodepub
2020-06-29 15:59:30.185 bftactorv2.go:187 [INF] Consensus log: 
2020-06-29 15:59:30.185 bftactorv2.go:188 [INF] Consensus log: ======================================================
2020-06-29 15:59:30.185 bftactorv2.go:189 [INF] Consensus log: 
2020-06-29 15:59:30.185 bftactorv2.go:193 [INF] Consensus log: TS: 159342117 , LISTEN BLOCK 7
2020-06-29 15:59:32.782 connmanager.go:391 [INF] Peerv2 log: Publishing to topic peerstate-0-QmNwaG1MyyuAkroNyeuJ51kFBZ88M9ErXHLrMU9pDw5DMN-nodepub
2020-06-29 15:59:35.783 connmanager.go:391 [INF] Peerv2 log: Publishing to topic peerstate-0-QmNwaG1MyyuAkroNyeuJ51kFBZ88M9ErXHLrMU9pDw5DMN-nodepub
2020-06-29 15:59:38.784 connmanager.go:391 [INF] Peerv2 log: Publishing to topic peerstate-0-QmNwaG1MyyuAkroNyeuJ51kFBZ88M9ErXHLrMU9pDw5DMN-nodepub
2020-06-29 15:59:40.186 bftactorv2.go:187 [INF] Consensus log: 
2020-06-29 15:59:40.186 bftactorv2.go:188 [INF] Consensus log: ======================================================
2020-06-29 15:59:40.186 bftactorv2.go:189 [INF] Consensus log: 
2020-06-29 15:59:40.186 bftactorv2.go:193 [INF] Consensus log: TS: 159342118 , LISTEN BLOCK 7
