This runs before init()!
This runs before init()!
NumCPU 8
2020-06-29 09:26:26.740 incognito.go:87 [INF] Server log: Version 1.21.0-beta
2020-06-29 09:26:26.770 engine.go:141 [INF] Consensus log: CONSENSUS: NewConsensusEngine
2020-06-29 09:26:26.770 server.go:257 [INF] Server log: Init 3-rd Party Random Client
encoded libp2p key: CAMSeTB3AgEBBCCahK7sl+Cl9M55XREkCBKgD72uyteEqb8NnwZty/mJnKAKBggqhkjOPQMBB6FEA0IABJ/G2SuRas/gSJOq0tNkRU0aPIw9MXzy67w6PqPSbCfxf8xJKrOA1FdeD9NANfZN3b387wu6/eQoxItgWdB/+c8=
2020-06-29 09:26:26.781 host.go:88 [INF] Peerv2 log: selfPeer: Qme6QakyZZTy6byKzg1zWek98GuD2uvbTH9W1XXXopuLFR 0.0.0.0 9439
2020-06-29 09:26:26.782 blockchain.go:114 [INF] BlockChain log: Init Beacon View height 1
debug RestoreShardViews 1
2020-06-29 09:26:26.783 blockchain.go:128 [INF] BlockChain log: Init Shard View shardID 0, height 1
debug RestoreShardViews 1
2020-06-29 09:26:26.783 blockchain.go:128 [INF] BlockChain log: Init Shard View shardID 1, height 1
2020-06-29 09:26:26.784 mempool.go:114 [CRT] Mempool log: Turn off Mempool Persistence Database
lastBeaconHeightConfirmCrossX 1
settingup RPCListeners
2020-06-29 09:26:27.153 server.go:699 [CRT] Server log: ************************* Testnet is active *************************
2020-06-29 09:26:27.154 mempool.go:126 [CRT] Mempool log: Successfully Reset from database
2020-06-29 09:26:27.154 websocket.go:74 [INF] RPC log: RPC Websocket server listening on 127.0.0.1:19339
2020-06-29 09:26:27.154 blockgenerator.go:36 [CRT] BlockChain log: Block Gen is starting
2020-06-29 09:26:27.154 websocket.go:76 [INF] RPC log: RPC Websocket listener done for 127.0.0.1:19339
2020-06-29 09:26:27.154 http.go:116 [INF] RPC log: RPC Http server listening on 0.0.0.0:9339
2020-06-29 09:26:27.154 http.go:123 [INF] RPC log: RPC Http listener done for 0.0.0.0:9339
2020-06-29 09:26:27.155 engine.go:203 [INF] Consensus log: CONSENSUS: Start
2020-06-29 09:26:28.156 submanager.go:79 [INF] Peerv2 log: role   0, key 1BGH6f1GujHC3fJfv16RB4ytye4Uizm4P5ydzghzLAbnK2GchkdnVatwXARmr2jmYLXQCHb8Wd37Jb6ND3ozCSDgrdegSB2qNKnFVkS7uDPiQNJT9Pu39cetMBaSJVUvRQ5wGtp3u3MrYMbQo3iGXtqyshcsJmcDrgx3oK78VNzgLuErA1Adw
2020-06-29 09:26:28.156 submanager.go:88 [INF] Peerv2 log: Role changed: {dummyLayer dummyRole -1000} -> {  0}
2020-06-29 09:26:28.156 submanager.go:253 [INF] Peerv2 log: Registering: message: [blockbeacon peerstate tx txprivacytok]
2020-06-29 09:26:28.156 submanager.go:254 [INF] Peerv2 log: Registering: nodeMode: auto
2020-06-29 09:26:28.156 submanager.go:255 [INF] Peerv2 log: Registering: layer: 
2020-06-29 09:26:28.156 submanager.go:256 [INF] Peerv2 log: Registering: role: 
2020-06-29 09:26:28.156 submanager.go:257 [INF] Peerv2 log: Registering: shardID: [0]
2020-06-29 09:26:28.156 submanager.go:258 [INF] Peerv2 log: Registering: peerID: Qme6QakyZZTy6byKzg1zWek98GuD2uvbTH9W1XXXopuLFR
2020-06-29 09:26:28.156 submanager.go:259 [INF] Peerv2 log: Registering: pubkey: 1KUb5k6rDg63
2020-06-29 09:26:28.156 connmanager.go:320 [ERR] Peerv2 log: Subscribe failed: forced = false hwID =  err = requester still not ready
github.com/incognitochain/incognito-chain/peerv2.(*BlockRequester).Register
	/Users/autonomous/co-go/src/github.com/incognitochain/incognito-chain/peerv2/blockrequester.go:142
github.com/incognitochain/incognito-chain/peerv2.(*SubManager).registerToProxy
	/Users/autonomous/co-go/src/github.com/incognitochain/incognito-chain/peerv2/submanager.go:261
github.com/incognitochain/incognito-chain/peerv2.(*SubManager).Subscribe
	/Users/autonomous/co-go/src/github.com/incognitochain/incognito-chain/peerv2/submanager.go:93
github.com/incognitochain/incognito-chain/peerv2.(*ConnManager).manageRoleSubscription
	/Users/autonomous/co-go/src/github.com/incognitochain/incognito-chain/peerv2/connmanager.go:318
runtime.goexit
	/usr/local/go/src/runtime/asm_amd64.s:1333
2020-06-29 09:26:29.157 submanager.go:79 [INF] Peerv2 log: role   0, key 1BGH6f1GujHC3fJfv16RB4ytye4Uizm4P5ydzghzLAbnK2GchkdnVatwXARmr2jmYLXQCHb8Wd37Jb6ND3ozCSDgrdegSB2qNKnFVkS7uDPiQNJT9Pu39cetMBaSJVUvRQ5wGtp3u3MrYMbQo3iGXtqyshcsJmcDrgx3oK78VNzgLuErA1Adw
2020-06-29 09:26:29.157 submanager.go:88 [INF] Peerv2 log: Role changed: {dummyLayer dummyRole -1000} -> {  0}
2020-06-29 09:26:29.157 submanager.go:253 [INF] Peerv2 log: Registering: message: [blockbeacon peerstate tx txprivacytok]
2020-06-29 09:26:29.157 submanager.go:254 [INF] Peerv2 log: Registering: nodeMode: auto
2020-06-29 09:26:29.157 submanager.go:255 [INF] Peerv2 log: Registering: layer: 
2020-06-29 09:26:29.157 submanager.go:256 [INF] Peerv2 log: Registering: role: 
2020-06-29 09:26:29.157 submanager.go:257 [INF] Peerv2 log: Registering: shardID: [0]
2020-06-29 09:26:29.157 submanager.go:258 [INF] Peerv2 log: Registering: peerID: Qme6QakyZZTy6byKzg1zWek98GuD2uvbTH9W1XXXopuLFR
2020-06-29 09:26:29.157 submanager.go:259 [INF] Peerv2 log: Registering: pubkey: 1KUb5k6rDg63
2020-06-29 09:26:29.157 connmanager.go:320 [ERR] Peerv2 log: Subscribe failed: forced = false hwID =  err = requester still not ready
github.com/incognitochain/incognito-chain/peerv2.(*BlockRequester).Register
	/Users/autonomous/co-go/src/github.com/incognitochain/incognito-chain/peerv2/blockrequester.go:142
github.com/incognitochain/incognito-chain/peerv2.(*SubManager).registerToProxy
	/Users/autonomous/co-go/src/github.com/incognitochain/incognito-chain/peerv2/submanager.go:261
github.com/incognitochain/incognito-chain/peerv2.(*SubManager).Subscribe
	/Users/autonomous/co-go/src/github.com/incognitochain/incognito-chain/peerv2/submanager.go:93
github.com/incognitochain/incognito-chain/peerv2.(*ConnManager).manageRoleSubscription
	/Users/autonomous/co-go/src/github.com/incognitochain/incognito-chain/peerv2/connmanager.go:318
runtime.goexit
	/usr/local/go/src/runtime/asm_amd64.s:1333
2020-06-29 09:26:30.157 submanager.go:79 [INF] Peerv2 log: role   0, key 1BGH6f1GujHC3fJfv16RB4ytye4Uizm4P5ydzghzLAbnK2GchkdnVatwXARmr2jmYLXQCHb8Wd37Jb6ND3ozCSDgrdegSB2qNKnFVkS7uDPiQNJT9Pu39cetMBaSJVUvRQ5wGtp3u3MrYMbQo3iGXtqyshcsJmcDrgx3oK78VNzgLuErA1Adw
2020-06-29 09:26:30.157 submanager.go:88 [INF] Peerv2 log: Role changed: {dummyLayer dummyRole -1000} -> {  0}
2020-06-29 09:26:30.157 submanager.go:253 [INF] Peerv2 log: Registering: message: [blockbeacon peerstate tx txprivacytok]
2020-06-29 09:26:30.157 submanager.go:254 [INF] Peerv2 log: Registering: nodeMode: auto
2020-06-29 09:26:30.157 submanager.go:255 [INF] Peerv2 log: Registering: layer: 
2020-06-29 09:26:30.157 submanager.go:256 [INF] Peerv2 log: Registering: role: 
2020-06-29 09:26:30.157 engine.go:70 [INF] Consensus log: Node state role: committee chainID: 1
2020-06-29 09:26:30.157 submanager.go:257 [INF] Peerv2 log: Registering: shardID: [0]
2020-06-29 09:26:30.158 submanager.go:258 [INF] Peerv2 log: Registering: peerID: Qme6QakyZZTy6byKzg1zWek98GuD2uvbTH9W1XXXopuLFR
2020-06-29 09:26:30.158 submanager.go:259 [INF] Peerv2 log: Registering: pubkey: 1KUb5k6rDg63
2020-06-29 09:26:30.158 bftactorv2.go:104 [INF] Consensus log: start bls-bftv2 consensus for chain shard-1
2020-06-29 09:26:30.158 connmanager.go:320 [ERR] Peerv2 log: Subscribe failed: forced = false hwID =  err = requester still not ready
github.com/incognitochain/incognito-chain/peerv2.(*BlockRequester).Register
	/Users/autonomous/co-go/src/github.com/incognitochain/incognito-chain/peerv2/blockrequester.go:142
github.com/incognitochain/incognito-chain/peerv2.(*SubManager).registerToProxy
	/Users/autonomous/co-go/src/github.com/incognitochain/incognito-chain/peerv2/submanager.go:261
github.com/incognitochain/incognito-chain/peerv2.(*SubManager).Subscribe
	/Users/autonomous/co-go/src/github.com/incognitochain/incognito-chain/peerv2/submanager.go:93
github.com/incognitochain/incognito-chain/peerv2.(*ConnManager).manageRoleSubscription
	/Users/autonomous/co-go/src/github.com/incognitochain/incognito-chain/peerv2/connmanager.go:318
runtime.goexit
	/usr/local/go/src/runtime/asm_amd64.s:1333
2020-06-29 09:26:31.154 submanager.go:79 [INF] Peerv2 log: role committee shard 1, key 1BGH6f1GujHC3fJfv16RB4ytye4Uizm4P5ydzghzLAbnK2GchkdnVatwXARmr2jmYLXQCHb8Wd37Jb6ND3ozCSDgrdegSB2qNKnFVkS7uDPiQNJT9Pu39cetMBaSJVUvRQ5wGtp3u3MrYMbQo3iGXtqyshcsJmcDrgx3oK78VNzgLuErA1Adw
2020-06-29 09:26:31.154 submanager.go:88 [INF] Peerv2 log: Role changed: {dummyLayer dummyRole -1000} -> {shard committee 1}
2020-06-29 09:26:31.154 submanager.go:253 [INF] Peerv2 log: Registering: message: [blockshard blockbeacon bft peerstate crossshard blkshdtobcn tx txprivacytok]
2020-06-29 09:26:31.154 submanager.go:254 [INF] Peerv2 log: Registering: nodeMode: auto
2020-06-29 09:26:31.154 submanager.go:255 [INF] Peerv2 log: Registering: layer: shard
2020-06-29 09:26:31.154 submanager.go:256 [INF] Peerv2 log: Registering: role: committee
2020-06-29 09:26:31.154 submanager.go:257 [INF] Peerv2 log: Registering: shardID: [1]
2020-06-29 09:26:31.154 submanager.go:258 [INF] Peerv2 log: Registering: peerID: Qme6QakyZZTy6byKzg1zWek98GuD2uvbTH9W1XXXopuLFR
2020-06-29 09:26:31.154 submanager.go:259 [INF] Peerv2 log: Registering: pubkey: 1BGH6f1GujHC3fJfv16RB4ytye4Uizm4P5ydzghzLAbnK2GchkdnVatwXARmr2jmYLXQCHb8Wd37Jb6ND3ozCSDgrdegSB2qNKnFVkS7uDPiQNJT9Pu39cetMBaSJVUvRQ5wGtp3u3MrYMbQo3iGXtqyshcsJmcDrgx3oK78VNzgLuErA1Adw
2020-06-29 09:26:31.154 connmanager.go:320 [ERR] Peerv2 log: Subscribe failed: forced = false hwID =  err = requester still not ready
github.com/incognitochain/incognito-chain/peerv2.(*BlockRequester).Register
	/Users/autonomous/co-go/src/github.com/incognitochain/incognito-chain/peerv2/blockrequester.go:142
github.com/incognitochain/incognito-chain/peerv2.(*SubManager).registerToProxy
	/Users/autonomous/co-go/src/github.com/incognitochain/incognito-chain/peerv2/submanager.go:261
github.com/incognitochain/incognito-chain/peerv2.(*SubManager).Subscribe
	/Users/autonomous/co-go/src/github.com/incognitochain/incognito-chain/peerv2/submanager.go:93
github.com/incognitochain/incognito-chain/peerv2.(*ConnManager).manageRoleSubscription
	/Users/autonomous/co-go/src/github.com/incognitochain/incognito-chain/peerv2/connmanager.go:318
runtime.goexit
	/usr/local/go/src/runtime/asm_amd64.s:1333
2020-06-29 09:26:32.154 submanager.go:79 [INF] Peerv2 log: role committee shard 1, key 1BGH6f1GujHC3fJfv16RB4ytye4Uizm4P5ydzghzLAbnK2GchkdnVatwXARmr2jmYLXQCHb8Wd37Jb6ND3ozCSDgrdegSB2qNKnFVkS7uDPiQNJT9Pu39cetMBaSJVUvRQ5wGtp3u3MrYMbQo3iGXtqyshcsJmcDrgx3oK78VNzgLuErA1Adw
2020-06-29 09:26:32.154 submanager.go:88 [INF] Peerv2 log: Role changed: {dummyLayer dummyRole -1000} -> {shard committee 1}
2020-06-29 09:26:32.154 submanager.go:253 [INF] Peerv2 log: Registering: message: [blockshard blockbeacon bft peerstate crossshard blkshdtobcn tx txprivacytok]
2020-06-29 09:26:32.154 submanager.go:254 [INF] Peerv2 log: Registering: nodeMode: auto
2020-06-29 09:26:32.154 submanager.go:255 [INF] Peerv2 log: Registering: layer: shard
2020-06-29 09:26:32.154 submanager.go:256 [INF] Peerv2 log: Registering: role: committee
2020-06-29 09:26:32.154 submanager.go:257 [INF] Peerv2 log: Registering: shardID: [1]
2020-06-29 09:26:32.154 submanager.go:258 [INF] Peerv2 log: Registering: peerID: Qme6QakyZZTy6byKzg1zWek98GuD2uvbTH9W1XXXopuLFR
2020-06-29 09:26:32.154 submanager.go:259 [INF] Peerv2 log: Registering: pubkey: 1BGH6f1GujHC3fJfv16RB4ytye4Uizm4P5ydzghzLAbnK2GchkdnVatwXARmr2jmYLXQCHb8Wd37Jb6ND3ozCSDgrdegSB2qNKnFVkS7uDPiQNJT9Pu39cetMBaSJVUvRQ5wGtp3u3MrYMbQo3iGXtqyshcsJmcDrgx3oK78VNzgLuErA1Adw
2020-06-29 09:26:32.154 connmanager.go:320 [ERR] Peerv2 log: Subscribe failed: forced = false hwID =  err = requester still not ready
github.com/incognitochain/incognito-chain/peerv2.(*BlockRequester).Register
	/Users/autonomous/co-go/src/github.com/incognitochain/incognito-chain/peerv2/blockrequester.go:142
github.com/incognitochain/incognito-chain/peerv2.(*SubManager).registerToProxy
	/Users/autonomous/co-go/src/github.com/incognitochain/incognito-chain/peerv2/submanager.go:261
github.com/incognitochain/incognito-chain/peerv2.(*SubManager).Subscribe
	/Users/autonomous/co-go/src/github.com/incognitochain/incognito-chain/peerv2/submanager.go:93
github.com/incognitochain/incognito-chain/peerv2.(*ConnManager).manageRoleSubscription
	/Users/autonomous/co-go/src/github.com/incognitochain/incognito-chain/peerv2/connmanager.go:318
runtime.goexit
	/usr/local/go/src/runtime/asm_amd64.s:1333
2020-06-29 09:26:33.157 submanager.go:79 [INF] Peerv2 log: role committee shard 1, key 1BGH6f1GujHC3fJfv16RB4ytye4Uizm4P5ydzghzLAbnK2GchkdnVatwXARmr2jmYLXQCHb8Wd37Jb6ND3ozCSDgrdegSB2qNKnFVkS7uDPiQNJT9Pu39cetMBaSJVUvRQ5wGtp3u3MrYMbQo3iGXtqyshcsJmcDrgx3oK78VNzgLuErA1Adw
2020-06-29 09:26:33.157 submanager.go:88 [INF] Peerv2 log: Role changed: {dummyLayer dummyRole -1000} -> {shard committee 1}
2020-06-29 09:26:33.157 submanager.go:253 [INF] Peerv2 log: Registering: message: [blockshard blockbeacon bft peerstate crossshard blkshdtobcn tx txprivacytok]
2020-06-29 09:26:33.157 submanager.go:254 [INF] Peerv2 log: Registering: nodeMode: auto
2020-06-29 09:26:33.157 submanager.go:255 [INF] Peerv2 log: Registering: layer: shard
2020-06-29 09:26:33.157 submanager.go:256 [INF] Peerv2 log: Registering: role: committee
2020-06-29 09:26:33.157 submanager.go:257 [INF] Peerv2 log: Registering: shardID: [1]
2020-06-29 09:26:33.157 submanager.go:258 [INF] Peerv2 log: Registering: peerID: Qme6QakyZZTy6byKzg1zWek98GuD2uvbTH9W1XXXopuLFR
2020-06-29 09:26:33.157 submanager.go:259 [INF] Peerv2 log: Registering: pubkey: 1BGH6f1GujHC3fJfv16RB4ytye4Uizm4P5ydzghzLAbnK2GchkdnVatwXARmr2jmYLXQCHb8Wd37Jb6ND3ozCSDgrdegSB2qNKnFVkS7uDPiQNJT9Pu39cetMBaSJVUvRQ5wGtp3u3MrYMbQo3iGXtqyshcsJmcDrgx3oK78VNzgLuErA1Adw
2020-06-29 09:26:33.157 connmanager.go:320 [ERR] Peerv2 log: Subscribe failed: forced = false hwID =  err = requester still not ready
github.com/incognitochain/incognito-chain/peerv2.(*BlockRequester).Register
	/Users/autonomous/co-go/src/github.com/incognitochain/incognito-chain/peerv2/blockrequester.go:142
github.com/incognitochain/incognito-chain/peerv2.(*SubManager).registerToProxy
	/Users/autonomous/co-go/src/github.com/incognitochain/incognito-chain/peerv2/submanager.go:261
github.com/incognitochain/incognito-chain/peerv2.(*SubManager).Subscribe
	/Users/autonomous/co-go/src/github.com/incognitochain/incognito-chain/peerv2/submanager.go:93
github.com/incognitochain/incognito-chain/peerv2.(*ConnManager).manageRoleSubscription
	/Users/autonomous/co-go/src/github.com/incognitochain/incognito-chain/peerv2/connmanager.go:318
runtime.goexit
	/usr/local/go/src/runtime/asm_amd64.s:1333
2020-06-29 09:26:34.155 submanager.go:79 [INF] Peerv2 log: role committee shard 1, key 1BGH6f1GujHC3fJfv16RB4ytye4Uizm4P5ydzghzLAbnK2GchkdnVatwXARmr2jmYLXQCHb8Wd37Jb6ND3ozCSDgrdegSB2qNKnFVkS7uDPiQNJT9Pu39cetMBaSJVUvRQ5wGtp3u3MrYMbQo3iGXtqyshcsJmcDrgx3oK78VNzgLuErA1Adw
2020-06-29 09:26:34.155 submanager.go:88 [INF] Peerv2 log: Role changed: {dummyLayer dummyRole -1000} -> {shard committee 1}
2020-06-29 09:26:34.155 submanager.go:253 [INF] Peerv2 log: Registering: message: [blockshard blockbeacon bft peerstate crossshard blkshdtobcn tx txprivacytok]
2020-06-29 09:26:34.155 submanager.go:254 [INF] Peerv2 log: Registering: nodeMode: auto
2020-06-29 09:26:34.155 submanager.go:255 [INF] Peerv2 log: Registering: layer: shard
2020-06-29 09:26:34.155 submanager.go:256 [INF] Peerv2 log: Registering: role: committee
2020-06-29 09:26:34.155 submanager.go:257 [INF] Peerv2 log: Registering: shardID: [1]
2020-06-29 09:26:34.155 submanager.go:258 [INF] Peerv2 log: Registering: peerID: Qme6QakyZZTy6byKzg1zWek98GuD2uvbTH9W1XXXopuLFR
2020-06-29 09:26:34.155 submanager.go:259 [INF] Peerv2 log: Registering: pubkey: 1BGH6f1GujHC3fJfv16RB4ytye4Uizm4P5ydzghzLAbnK2GchkdnVatwXARmr2jmYLXQCHb8Wd37Jb6ND3ozCSDgrdegSB2qNKnFVkS7uDPiQNJT9Pu39cetMBaSJVUvRQ5wGtp3u3MrYMbQo3iGXtqyshcsJmcDrgx3oK78VNzgLuErA1Adw
2020-06-29 09:26:34.155 connmanager.go:320 [ERR] Peerv2 log: Subscribe failed: forced = false hwID =  err = requester still not ready
github.com/incognitochain/incognito-chain/peerv2.(*BlockRequester).Register
	/Users/autonomous/co-go/src/github.com/incognitochain/incognito-chain/peerv2/blockrequester.go:142
github.com/incognitochain/incognito-chain/peerv2.(*SubManager).registerToProxy
	/Users/autonomous/co-go/src/github.com/incognitochain/incognito-chain/peerv2/submanager.go:261
github.com/incognitochain/incognito-chain/peerv2.(*SubManager).Subscribe
	/Users/autonomous/co-go/src/github.com/incognitochain/incognito-chain/peerv2/submanager.go:93
github.com/incognitochain/incognito-chain/peerv2.(*ConnManager).manageRoleSubscription
	/Users/autonomous/co-go/src/github.com/incognitochain/incognito-chain/peerv2/connmanager.go:318
runtime.goexit
	/usr/local/go/src/runtime/asm_amd64.s:1333
2020-06-29 09:26:35.155 submanager.go:79 [INF] Peerv2 log: role committee shard 1, key 1BGH6f1GujHC3fJfv16RB4ytye4Uizm4P5ydzghzLAbnK2GchkdnVatwXARmr2jmYLXQCHb8Wd37Jb6ND3ozCSDgrdegSB2qNKnFVkS7uDPiQNJT9Pu39cetMBaSJVUvRQ5wGtp3u3MrYMbQo3iGXtqyshcsJmcDrgx3oK78VNzgLuErA1Adw
2020-06-29 09:26:35.155 submanager.go:88 [INF] Peerv2 log: Role changed: {dummyLayer dummyRole -1000} -> {shard committee 1}
2020-06-29 09:26:35.155 submanager.go:253 [INF] Peerv2 log: Registering: message: [blockshard blockbeacon bft peerstate crossshard blkshdtobcn tx txprivacytok]
2020-06-29 09:26:35.155 submanager.go:254 [INF] Peerv2 log: Registering: nodeMode: auto
2020-06-29 09:26:35.155 submanager.go:255 [INF] Peerv2 log: Registering: layer: shard
2020-06-29 09:26:35.155 submanager.go:256 [INF] Peerv2 log: Registering: role: committee
2020-06-29 09:26:35.155 submanager.go:257 [INF] Peerv2 log: Registering: shardID: [1]
2020-06-29 09:26:35.155 submanager.go:258 [INF] Peerv2 log: Registering: peerID: Qme6QakyZZTy6byKzg1zWek98GuD2uvbTH9W1XXXopuLFR
2020-06-29 09:26:35.155 submanager.go:259 [INF] Peerv2 log: Registering: pubkey: 1BGH6f1GujHC3fJfv16RB4ytye4Uizm4P5ydzghzLAbnK2GchkdnVatwXARmr2jmYLXQCHb8Wd37Jb6ND3ozCSDgrdegSB2qNKnFVkS7uDPiQNJT9Pu39cetMBaSJVUvRQ5wGtp3u3MrYMbQo3iGXtqyshcsJmcDrgx3oK78VNzgLuErA1Adw
2020-06-29 09:26:35.155 connmanager.go:320 [ERR] Peerv2 log: Subscribe failed: forced = false hwID =  err = requester still not ready
github.com/incognitochain/incognito-chain/peerv2.(*BlockRequester).Register
	/Users/autonomous/co-go/src/github.com/incognitochain/incognito-chain/peerv2/blockrequester.go:142
github.com/incognitochain/incognito-chain/peerv2.(*SubManager).registerToProxy
	/Users/autonomous/co-go/src/github.com/incognitochain/incognito-chain/peerv2/submanager.go:261
github.com/incognitochain/incognito-chain/peerv2.(*SubManager).Subscribe
	/Users/autonomous/co-go/src/github.com/incognitochain/incognito-chain/peerv2/submanager.go:93
github.com/incognitochain/incognito-chain/peerv2.(*ConnManager).manageRoleSubscription
	/Users/autonomous/co-go/src/github.com/incognitochain/incognito-chain/peerv2/connmanager.go:318
runtime.goexit
	/usr/local/go/src/runtime/asm_amd64.s:1333
2020-06-29 09:26:36.154 submanager.go:79 [INF] Peerv2 log: role committee shard 1, key 1BGH6f1GujHC3fJfv16RB4ytye4Uizm4P5ydzghzLAbnK2GchkdnVatwXARmr2jmYLXQCHb8Wd37Jb6ND3ozCSDgrdegSB2qNKnFVkS7uDPiQNJT9Pu39cetMBaSJVUvRQ5wGtp3u3MrYMbQo3iGXtqyshcsJmcDrgx3oK78VNzgLuErA1Adw
2020-06-29 09:26:36.154 submanager.go:88 [INF] Peerv2 log: Role changed: {dummyLayer dummyRole -1000} -> {shard committee 1}
2020-06-29 09:26:36.154 submanager.go:253 [INF] Peerv2 log: Registering: message: [blockshard blockbeacon bft peerstate crossshard blkshdtobcn tx txprivacytok]
2020-06-29 09:26:36.154 submanager.go:254 [INF] Peerv2 log: Registering: nodeMode: auto
2020-06-29 09:26:36.154 submanager.go:255 [INF] Peerv2 log: Registering: layer: shard
2020-06-29 09:26:36.154 submanager.go:256 [INF] Peerv2 log: Registering: role: committee
2020-06-29 09:26:36.154 submanager.go:257 [INF] Peerv2 log: Registering: shardID: [1]
2020-06-29 09:26:36.154 submanager.go:258 [INF] Peerv2 log: Registering: peerID: Qme6QakyZZTy6byKzg1zWek98GuD2uvbTH9W1XXXopuLFR
2020-06-29 09:26:36.154 submanager.go:259 [INF] Peerv2 log: Registering: pubkey: 1BGH6f1GujHC3fJfv16RB4ytye4Uizm4P5ydzghzLAbnK2GchkdnVatwXARmr2jmYLXQCHb8Wd37Jb6ND3ozCSDgrdegSB2qNKnFVkS7uDPiQNJT9Pu39cetMBaSJVUvRQ5wGtp3u3MrYMbQo3iGXtqyshcsJmcDrgx3oK78VNzgLuErA1Adw
2020-06-29 09:26:36.154 connmanager.go:320 [ERR] Peerv2 log: Subscribe failed: forced = false hwID =  err = requester still not ready
github.com/incognitochain/incognito-chain/peerv2.(*BlockRequester).Register
	/Users/autonomous/co-go/src/github.com/incognitochain/incognito-chain/peerv2/blockrequester.go:142
github.com/incognitochain/incognito-chain/peerv2.(*SubManager).registerToProxy
	/Users/autonomous/co-go/src/github.com/incognitochain/incognito-chain/peerv2/submanager.go:261
github.com/incognitochain/incognito-chain/peerv2.(*SubManager).Subscribe
	/Users/autonomous/co-go/src/github.com/incognitochain/incognito-chain/peerv2/submanager.go:93
github.com/incognitochain/incognito-chain/peerv2.(*ConnManager).manageRoleSubscription
	/Users/autonomous/co-go/src/github.com/incognitochain/incognito-chain/peerv2/connmanager.go:318
runtime.goexit
	/usr/local/go/src/runtime/asm_amd64.s:1333
2020-06-29 09:26:37.157 blockrequester.go:73 [WRN] Peerv2 log: BlockRequester is not ready, dialing
2020-06-29 09:26:37.157 submanager.go:79 [INF] Peerv2 log: role committee shard 1, key 1BGH6f1GujHC3fJfv16RB4ytye4Uizm4P5ydzghzLAbnK2GchkdnVatwXARmr2jmYLXQCHb8Wd37Jb6ND3ozCSDgrdegSB2qNKnFVkS7uDPiQNJT9Pu39cetMBaSJVUvRQ5wGtp3u3MrYMbQo3iGXtqyshcsJmcDrgx3oK78VNzgLuErA1Adw
2020-06-29 09:26:37.157 submanager.go:88 [INF] Peerv2 log: Role changed: {dummyLayer dummyRole -1000} -> {shard committee 1}
2020-06-29 09:26:37.157 addrkeeper.go:164 [INF] Peerv2 log: Full RPC address list: [{ 0.0.0.0:9330}]
2020-06-29 09:26:37.157 addrkeeper.go:172 [INF] Peerv2 log: RPCing addr { 0.0.0.0:9330} from list [{ 0.0.0.0:9330}]
2020-06-29 09:26:37.157 submanager.go:253 [INF] Peerv2 log: Registering: message: [blockshard blockbeacon bft peerstate crossshard blkshdtobcn tx txprivacytok]
2020-06-29 09:26:37.157 submanager.go:254 [INF] Peerv2 log: Registering: nodeMode: auto
2020-06-29 09:26:37.158 submanager.go:255 [INF] Peerv2 log: Registering: layer: shard
2020-06-29 09:26:37.158 submanager.go:256 [INF] Peerv2 log: Registering: role: committee
2020-06-29 09:26:37.158 submanager.go:257 [INF] Peerv2 log: Registering: shardID: [1]
2020-06-29 09:26:37.158 submanager.go:258 [INF] Peerv2 log: Registering: peerID: Qme6QakyZZTy6byKzg1zWek98GuD2uvbTH9W1XXXopuLFR
2020-06-29 09:26:37.158 submanager.go:259 [INF] Peerv2 log: Registering: pubkey: 1BGH6f1GujHC3fJfv16RB4ytye4Uizm4P5ydzghzLAbnK2GchkdnVatwXARmr2jmYLXQCHb8Wd37Jb6ND3ozCSDgrdegSB2qNKnFVkS7uDPiQNJT9Pu39cetMBaSJVUvRQ5wGtp3u3MrYMbQo3iGXtqyshcsJmcDrgx3oK78VNzgLuErA1Adw
2020-06-29 09:26:37.158 connmanager.go:320 [ERR] Peerv2 log: Subscribe failed: forced = false hwID =  err = requester still not ready
github.com/incognitochain/incognito-chain/peerv2.(*BlockRequester).Register
	/Users/autonomous/co-go/src/github.com/incognitochain/incognito-chain/peerv2/blockrequester.go:142
github.com/incognitochain/incognito-chain/peerv2.(*SubManager).registerToProxy
	/Users/autonomous/co-go/src/github.com/incognitochain/incognito-chain/peerv2/submanager.go:261
github.com/incognitochain/incognito-chain/peerv2.(*SubManager).Subscribe
	/Users/autonomous/co-go/src/github.com/incognitochain/incognito-chain/peerv2/submanager.go:93
github.com/incognitochain/incognito-chain/peerv2.(*ConnManager).manageRoleSubscription
	/Users/autonomous/co-go/src/github.com/incognitochain/incognito-chain/peerv2/connmanager.go:318
runtime.goexit
	/usr/local/go/src/runtime/asm_amd64.s:1333
2020-06-29 09:26:37.159 addrkeeper.go:201 [INF] Peerv2 log: Got map[all:[{/ip4/0.0.0.0/tcp/7337/ipfs/QmNwaG1MyyuAkroNyeuJ51kFBZ88M9ErXHLrMU9pDw5DMN 0.0.0.0:9330}]] from bootnode
2020-06-29 09:26:37.159 addrkeeper.go:48 [INF] Peerv2 log: Updated highway addresses: [{Libp2pAddr:/ip4/0.0.0.0/tcp/7337/ipfs/QmNwaG1MyyuAkroNyeuJ51kFBZ88M9ErXHLrMU9pDw5DMN RPCUrl:0.0.0.0:9330} {Libp2pAddr: RPCUrl:0.0.0.0:9330}]
2020-06-29 09:26:37.159 addrkeeper.go:111 [INF] Peerv2 log: Full known addrs: [{/ip4/0.0.0.0/tcp/7337/ipfs/QmNwaG1MyyuAkroNyeuJ51kFBZ88M9ErXHLrMU9pDw5DMN 0.0.0.0:9330}]
2020-06-29 09:26:37.159 addrkeeper.go:118 [INF] Peerv2 log: Choosing highway to connect from non-ignored list [{/ip4/0.0.0.0/tcp/7337/ipfs/QmNwaG1MyyuAkroNyeuJ51kFBZ88M9ErXHLrMU9pDw5DMN 0.0.0.0:9330}]
2020-06-29 09:26:37.160 addrkeeper.go:55 [INF] Peerv2 log: Chosen address: {Libp2pAddr:/ip4/0.0.0.0/tcp/7337/ipfs/QmNwaG1MyyuAkroNyeuJ51kFBZ88M9ErXHLrMU9pDw5DMN RPCUrl:0.0.0.0:9330}
2020-06-29 09:26:37.160 connmanager.go:277 [INF] Peerv2 log: Not connected to highway, connecting
2020-06-29 09:26:37.166 connmanager.go:292 [INF] Peerv2 log: Connected to highway, sending register request
2020-06-29 09:26:37.166 connmanager.go:326 [INF] Peerv2 log: Received request to register
2020-06-29 09:26:38.154 connmanager.go:314 [ERR] Peerv2 log: Waiting to establish connection to highway: new highway = QmNwaG1MyyuAkroNyeuJ51kFBZ88M9ErXHLrMU9pDw5DMN, current = 
2020-06-29 09:26:39.154 connmanager.go:314 [ERR] Peerv2 log: Waiting to establish connection to highway: new highway = QmNwaG1MyyuAkroNyeuJ51kFBZ88M9ErXHLrMU9pDw5DMN, current = 
2020-06-29 09:26:40.154 connmanager.go:314 [ERR] Peerv2 log: Waiting to establish connection to highway: new highway = QmNwaG1MyyuAkroNyeuJ51kFBZ88M9ErXHLrMU9pDw5DMN, current = 
2020-06-29 09:26:41.156 connmanager.go:314 [ERR] Peerv2 log: Waiting to establish connection to highway: new highway = QmNwaG1MyyuAkroNyeuJ51kFBZ88M9ErXHLrMU9pDw5DMN, current = 
2020-06-29 09:26:42.155 connmanager.go:314 [ERR] Peerv2 log: Waiting to establish connection to highway: new highway = QmNwaG1MyyuAkroNyeuJ51kFBZ88M9ErXHLrMU9pDw5DMN, current = 
2020-06-29 09:26:42.161 blockrequester.go:86 [ERR] Peerv2 log: Could not dial to highway grpc server: context deadline exceeded 
2020-06-29 09:26:42.161 blockrequester.go:95 [INF] Peerv2 log: Received new highway peerID, old = , new = QmNwaG1MyyuAkroNyeuJ51kFBZ88M9ErXHLrMU9pDw5DMN
2020-06-29 09:26:42.161 blockrequester.go:95 [INF] Peerv2 log: Received new highway peerID, old = QmNwaG1MyyuAkroNyeuJ51kFBZ88M9ErXHLrMU9pDw5DMN, new = QmNwaG1MyyuAkroNyeuJ51kFBZ88M9ErXHLrMU9pDw5DMN
2020-06-29 09:26:42.162 blockrequester.go:95 [INF] Peerv2 log: Received new highway peerID, old = QmNwaG1MyyuAkroNyeuJ51kFBZ88M9ErXHLrMU9pDw5DMN, new = QmNwaG1MyyuAkroNyeuJ51kFBZ88M9ErXHLrMU9pDw5DMN
2020-06-29 09:26:42.162 blockrequester.go:95 [INF] Peerv2 log: Received new highway peerID, old = QmNwaG1MyyuAkroNyeuJ51kFBZ88M9ErXHLrMU9pDw5DMN, new = QmNwaG1MyyuAkroNyeuJ51kFBZ88M9ErXHLrMU9pDw5DMN
2020-06-29 09:26:42.162 blockrequester.go:95 [INF] Peerv2 log: Received new highway peerID, old = QmNwaG1MyyuAkroNyeuJ51kFBZ88M9ErXHLrMU9pDw5DMN, new = QmNwaG1MyyuAkroNyeuJ51kFBZ88M9ErXHLrMU9pDw5DMN
2020-06-29 09:26:43.153 connmanager.go:314 [ERR] Peerv2 log: Waiting to establish connection to highway: new highway = QmNwaG1MyyuAkroNyeuJ51kFBZ88M9ErXHLrMU9pDw5DMN, current = 
2020-06-29 09:26:43.153 blockrequester.go:95 [INF] Peerv2 log: Received new highway peerID, old = QmNwaG1MyyuAkroNyeuJ51kFBZ88M9ErXHLrMU9pDw5DMN, new = QmNwaG1MyyuAkroNyeuJ51kFBZ88M9ErXHLrMU9pDw5DMN
2020-06-29 09:26:44.157 connmanager.go:314 [ERR] Peerv2 log: Waiting to establish connection to highway: new highway = QmNwaG1MyyuAkroNyeuJ51kFBZ88M9ErXHLrMU9pDw5DMN, current = 
2020-06-29 09:26:44.157 blockrequester.go:95 [INF] Peerv2 log: Received new highway peerID, old = QmNwaG1MyyuAkroNyeuJ51kFBZ88M9ErXHLrMU9pDw5DMN, new = QmNwaG1MyyuAkroNyeuJ51kFBZ88M9ErXHLrMU9pDw5DMN
2020-06-29 09:26:45.155 connmanager.go:314 [ERR] Peerv2 log: Waiting to establish connection to highway: new highway = QmNwaG1MyyuAkroNyeuJ51kFBZ88M9ErXHLrMU9pDw5DMN, current = 
2020-06-29 09:26:45.155 blockrequester.go:95 [INF] Peerv2 log: Received new highway peerID, old = QmNwaG1MyyuAkroNyeuJ51kFBZ88M9ErXHLrMU9pDw5DMN, new = QmNwaG1MyyuAkroNyeuJ51kFBZ88M9ErXHLrMU9pDw5DMN
2020-06-29 09:26:46.153 connmanager.go:314 [ERR] Peerv2 log: Waiting to establish connection to highway: new highway = QmNwaG1MyyuAkroNyeuJ51kFBZ88M9ErXHLrMU9pDw5DMN, current = 
2020-06-29 09:26:46.153 blockrequester.go:95 [INF] Peerv2 log: Received new highway peerID, old = QmNwaG1MyyuAkroNyeuJ51kFBZ88M9ErXHLrMU9pDw5DMN, new = QmNwaG1MyyuAkroNyeuJ51kFBZ88M9ErXHLrMU9pDw5DMN
2020-06-29 09:26:47.157 blockrequester.go:73 [WRN] Peerv2 log: BlockRequester is not ready, dialing
2020-06-29 09:26:47.157 connmanager.go:314 [ERR] Peerv2 log: Waiting to establish connection to highway: new highway = QmNwaG1MyyuAkroNyeuJ51kFBZ88M9ErXHLrMU9pDw5DMN, current = 
2020-06-29 09:26:47.159 blockrequester.go:95 [INF] Peerv2 log: Received new highway peerID, old = QmNwaG1MyyuAkroNyeuJ51kFBZ88M9ErXHLrMU9pDw5DMN, new = QmNwaG1MyyuAkroNyeuJ51kFBZ88M9ErXHLrMU9pDw5DMN
2020-06-29 09:26:48.153 submanager.go:79 [INF] Peerv2 log: role committee shard 1, key 1BGH6f1GujHC3fJfv16RB4ytye4Uizm4P5ydzghzLAbnK2GchkdnVatwXARmr2jmYLXQCHb8Wd37Jb6ND3ozCSDgrdegSB2qNKnFVkS7uDPiQNJT9Pu39cetMBaSJVUvRQ5wGtp3u3MrYMbQo3iGXtqyshcsJmcDrgx3oK78VNzgLuErA1Adw
2020-06-29 09:26:48.153 submanager.go:88 [INF] Peerv2 log: Role changed: {dummyLayer dummyRole -1000} -> {shard committee 1}
2020-06-29 09:26:48.153 submanager.go:253 [INF] Peerv2 log: Registering: message: [blockshard blockbeacon bft peerstate crossshard blkshdtobcn tx txprivacytok]
2020-06-29 09:26:48.153 submanager.go:254 [INF] Peerv2 log: Registering: nodeMode: auto
2020-06-29 09:26:48.153 submanager.go:255 [INF] Peerv2 log: Registering: layer: shard
2020-06-29 09:26:48.153 submanager.go:256 [INF] Peerv2 log: Registering: role: committee
2020-06-29 09:26:48.153 submanager.go:257 [INF] Peerv2 log: Registering: shardID: [1]
2020-06-29 09:26:48.153 submanager.go:258 [INF] Peerv2 log: Registering: peerID: Qme6QakyZZTy6byKzg1zWek98GuD2uvbTH9W1XXXopuLFR
2020-06-29 09:26:48.153 submanager.go:259 [INF] Peerv2 log: Registering: pubkey: 1BGH6f1GujHC3fJfv16RB4ytye4Uizm4P5ydzghzLAbnK2GchkdnVatwXARmr2jmYLXQCHb8Wd37Jb6ND3ozCSDgrdegSB2qNKnFVkS7uDPiQNJT9Pu39cetMBaSJVUvRQ5wGtp3u3MrYMbQo3iGXtqyshcsJmcDrgx3oK78VNzgLuErA1Adw
2020-06-29 09:26:48.155 submanager.go:197 [INF] Peerv2 log: Process message txprivacytok and topic [{txprivacytok-1-QmNwaG1MyyuAkroNyeuJ51kFBZ88M9ErXHLrMU9pDw5DMN-nodepub <nil> PUB} {txprivacytok-1-QmNwaG1MyyuAkroNyeuJ51kFBZ88M9ErXHLrMU9pDw5DMN-nodesub <nil> SUB}]
2020-06-29 09:26:48.155 submanager.go:206 [INF] Peerv2 log: Skip subscribing to PUB topic: txprivacytok-1-QmNwaG1MyyuAkroNyeuJ51kFBZ88M9ErXHLrMU9pDw5DMN-nodepub
2020-06-29 09:26:48.155 submanager.go:210 [INF] Peerv2 log: subscribing message: txprivacytok, topic: txprivacytok-1-QmNwaG1MyyuAkroNyeuJ51kFBZ88M9ErXHLrMU9pDw5DMN-nodesub
2020-06-29 09:26:48.155 submanager.go:197 [INF] Peerv2 log: Process message blockshard and topic [{blockshard-1-QmNwaG1MyyuAkroNyeuJ51kFBZ88M9ErXHLrMU9pDw5DMN-nodepub <nil> PUB} {blockshard-1-QmNwaG1MyyuAkroNyeuJ51kFBZ88M9ErXHLrMU9pDw5DMN-nodesub <nil> SUB}]
2020-06-29 09:26:48.155 submanager.go:206 [INF] Peerv2 log: Skip subscribing to PUB topic: blockshard-1-QmNwaG1MyyuAkroNyeuJ51kFBZ88M9ErXHLrMU9pDw5DMN-nodepub
2020-06-29 09:26:48.155 submanager.go:210 [INF] Peerv2 log: subscribing message: blockshard, topic: blockshard-1-QmNwaG1MyyuAkroNyeuJ51kFBZ88M9ErXHLrMU9pDw5DMN-nodesub
2020-06-29 09:26:48.155 submanager.go:197 [INF] Peerv2 log: Process message blockbeacon and topic [{blockbeacon--QmNwaG1MyyuAkroNyeuJ51kFBZ88M9ErXHLrMU9pDw5DMN-nodesub <nil> SUB}]
2020-06-29 09:26:48.155 submanager.go:210 [INF] Peerv2 log: subscribing message: blockbeacon, topic: blockbeacon--QmNwaG1MyyuAkroNyeuJ51kFBZ88M9ErXHLrMU9pDw5DMN-nodesub
2020-06-29 09:26:48.155 submanager.go:197 [INF] Peerv2 log: Process message bft and topic [{bft-1- <nil> PUBSUB}]
2020-06-29 09:26:48.155 submanager.go:210 [INF] Peerv2 log: subscribing message: bft, topic: bft-1-
2020-06-29 09:26:48.155 submanager.go:197 [INF] Peerv2 log: Process message peerstate and topic [{peerstate-1-QmNwaG1MyyuAkroNyeuJ51kFBZ88M9ErXHLrMU9pDw5DMN-nodepub <nil> PUB} {peerstate-1-QmNwaG1MyyuAkroNyeuJ51kFBZ88M9ErXHLrMU9pDw5DMN-nodesub <nil> SUB}]
2020-06-29 09:26:48.156 submanager.go:206 [INF] Peerv2 log: Skip subscribing to PUB topic: peerstate-1-QmNwaG1MyyuAkroNyeuJ51kFBZ88M9ErXHLrMU9pDw5DMN-nodepub
2020-06-29 09:26:48.156 submanager.go:210 [INF] Peerv2 log: subscribing message: peerstate, topic: peerstate-1-QmNwaG1MyyuAkroNyeuJ51kFBZ88M9ErXHLrMU9pDw5DMN-nodesub
2020-06-29 09:26:48.156 submanager.go:197 [INF] Peerv2 log: Process message crossshard and topic [{crossshard-0-QmNwaG1MyyuAkroNyeuJ51kFBZ88M9ErXHLrMU9pDw5DMN-nodepub <nil> PUB} {crossshard-2-QmNwaG1MyyuAkroNyeuJ51kFBZ88M9ErXHLrMU9pDw5DMN-nodepub <nil> PUB} {crossshard-3-QmNwaG1MyyuAkroNyeuJ51kFBZ88M9ErXHLrMU9pDw5DMN-nodepub <nil> PUB} {crossshard-4-QmNwaG1MyyuAkroNyeuJ51kFBZ88M9ErXHLrMU9pDw5DMN-nodepub <nil> PUB} {crossshard-5-QmNwaG1MyyuAkroNyeuJ51kFBZ88M9ErXHLrMU9pDw5DMN-nodepub <nil> PUB} {crossshard-6-QmNwaG1MyyuAkroNyeuJ51kFBZ88M9ErXHLrMU9pDw5DMN-nodepub <nil> PUB} {crossshard-7-QmNwaG1MyyuAkroNyeuJ51kFBZ88M9ErXHLrMU9pDw5DMN-nodepub <nil> PUB} {crossshard-1-QmNwaG1MyyuAkroNyeuJ51kFBZ88M9ErXHLrMU9pDw5DMN-nodesub <nil> SUB}]
2020-06-29 09:26:48.156 submanager.go:206 [INF] Peerv2 log: Skip subscribing to PUB topic: crossshard-0-QmNwaG1MyyuAkroNyeuJ51kFBZ88M9ErXHLrMU9pDw5DMN-nodepub
2020-06-29 09:26:48.156 submanager.go:206 [INF] Peerv2 log: Skip subscribing to PUB topic: crossshard-2-QmNwaG1MyyuAkroNyeuJ51kFBZ88M9ErXHLrMU9pDw5DMN-nodepub
2020-06-29 09:26:48.156 submanager.go:206 [INF] Peerv2 log: Skip subscribing to PUB topic: crossshard-3-QmNwaG1MyyuAkroNyeuJ51kFBZ88M9ErXHLrMU9pDw5DMN-nodepub
2020-06-29 09:26:48.156 submanager.go:206 [INF] Peerv2 log: Skip subscribing to PUB topic: crossshard-4-QmNwaG1MyyuAkroNyeuJ51kFBZ88M9ErXHLrMU9pDw5DMN-nodepub
2020-06-29 09:26:48.156 submanager.go:206 [INF] Peerv2 log: Skip subscribing to PUB topic: crossshard-5-QmNwaG1MyyuAkroNyeuJ51kFBZ88M9ErXHLrMU9pDw5DMN-nodepub
2020-06-29 09:26:48.156 submanager.go:206 [INF] Peerv2 log: Skip subscribing to PUB topic: crossshard-6-QmNwaG1MyyuAkroNyeuJ51kFBZ88M9ErXHLrMU9pDw5DMN-nodepub
2020-06-29 09:26:48.156 submanager.go:206 [INF] Peerv2 log: Skip subscribing to PUB topic: crossshard-7-QmNwaG1MyyuAkroNyeuJ51kFBZ88M9ErXHLrMU9pDw5DMN-nodepub
2020-06-29 09:26:48.156 submanager.go:210 [INF] Peerv2 log: subscribing message: crossshard, topic: crossshard-1-QmNwaG1MyyuAkroNyeuJ51kFBZ88M9ErXHLrMU9pDw5DMN-nodesub
2020-06-29 09:26:48.156 submanager.go:197 [INF] Peerv2 log: Process message blkshdtobcn and topic [{blkshdtobcn--QmNwaG1MyyuAkroNyeuJ51kFBZ88M9ErXHLrMU9pDw5DMN-nodepub <nil> PUB}]
2020-06-29 09:26:48.156 submanager.go:206 [INF] Peerv2 log: Skip subscribing to PUB topic: blkshdtobcn--QmNwaG1MyyuAkroNyeuJ51kFBZ88M9ErXHLrMU9pDw5DMN-nodepub
2020-06-29 09:26:48.156 submanager.go:197 [INF] Peerv2 log: Process message tx and topic [{tx-1-QmNwaG1MyyuAkroNyeuJ51kFBZ88M9ErXHLrMU9pDw5DMN-nodepub <nil> PUB} {tx-1-QmNwaG1MyyuAkroNyeuJ51kFBZ88M9ErXHLrMU9pDw5DMN-nodesub <nil> SUB}]
2020-06-29 09:26:48.156 submanager.go:206 [INF] Peerv2 log: Skip subscribing to PUB topic: tx-1-QmNwaG1MyyuAkroNyeuJ51kFBZ88M9ErXHLrMU9pDw5DMN-nodepub
2020-06-29 09:26:48.156 submanager.go:210 [INF] Peerv2 log: subscribing message: tx, topic: tx-1-QmNwaG1MyyuAkroNyeuJ51kFBZ88M9ErXHLrMU9pDw5DMN-nodesub
2020-06-29 09:26:51.156 connmanager.go:391 [INF] Peerv2 log: Publishing to topic peerstate-1-QmNwaG1MyyuAkroNyeuJ51kFBZ88M9ErXHLrMU9pDw5DMN-nodepub
2020-06-29 09:26:52.561 bftactorv2.go:187 [INF] Consensus log: 
2020-06-29 09:26:52.562 bftactorv2.go:188 [INF] Consensus log: ======================================================
2020-06-29 09:26:52.562 bftactorv2.go:189 [INF] Consensus log: 
2020-06-29 09:26:52.562 bftactorv2.go:191 [INF] Consensus log: TS: 159339761 , PROPOSE BLOCK 2
2020-06-29 09:26:52.564 bftactorv2.go:453 [INF] Consensus log: debug CreateNewBlock
2020-06-29 09:26:52.564 shardchain.go:137 [INF] BlockChain log: Begin Start New Block Shard 2020-06-29 09:26:52.564666 +0700 +07 m=+26.087969563
2020-06-29 09:26:52.564 shardproducer.go:66 [CRT] BlockChain log: ⛏ Creating Shard Block 2
2020-06-29 09:26:52.566 shardproducer.go:85 [INF] DeBridge log: Producing block: 2
2020-06-29 09:26:52.567 shardproducer.go:114 [INF] BlockChain log: Get Beacon Block With Height 1, Shard BestState 1
Check cross shard data 
Check cross shard data 
Check cross shard data 
Check cross shard data - len of all cross shard blocks 2
Check cross shard data - len of all cross shard blocks 2
Check cross shard data - len of all cross shard blocks 2
2020-06-29 09:26:52.567 shardproducer.go:128 [CRT] BlockChain log: Cross Transaction:  map[]
2020-06-29 09:26:52.567 shardproducer.go:684 [INF] BlockChain log: Number of transaction get from Block Generator:  0
2020-06-29 09:26:52.567 shardproducer.go:755 [CRT] BlockChain log:  🔎 0 transactions for New Block from pool 

2020-06-29 09:26:52.567 shardproducer.go:263 [INF] BlockChain log: Creating empty block...
Build response tx for withdraw reward requests
Build response tx for withdraw reward requests
Build Request Table:  map[]
2020-06-29 09:26:52.567 bridge.go:187 [INF] DeBridge log: Num of burning confirm for withdrawal insts: 0
2020-06-29 09:26:52.567 bridge.go:192 [INF] DeBridge log: Num of burning confirm for deposit to SC insts: 0
2020-06-29 09:26:52.569 shardchain.go:139 [INF] BlockChain log: Finish New Block Shard 2020-06-29 09:26:52.569202 +0700 +07 m=+26.092506757
2020-06-29 09:26:52.569 shardchain.go:149 [INF] BlockChain log: Finish Create New Block
2020-06-29 09:26:52.569 bftactorv2.go:466 [INF] Consensus log: create block 2 hash eab89fb8d72cfe561965d8cacdcfb9f168c37e5c331d7bf41ecd510e9df0e4e3, propose time 1593397612, produce time 1593397612
2020-06-29 09:26:52.570 bftactorv2.go:219 [INF] Consensus log: proposer block 2 round 1 time slot 159339761 blockTimeSlot 159339761 with hash eab89fb8d72cfe561965d8cacdcfb9f168c37e5c331d7bf41ecd510e9df0e4e3
2020-06-29 09:26:52.570 connmanager.go:92 [INF] Peerv2 log: {bft-1- 0xc004288370 PUBSUB}
2020-06-29 09:26:52.570 bftactorv2.go:128 [INF] Consensus log: Receive block  eab89fb8d72cfe561965d8cacdcfb9f168c37e5c331d7bf41ecd510e9df0e4e3 height 2 ,block timeslot  159339761
2020-06-29 09:26:52.570 connmanager.go:391 [INF] Peerv2 log: Publishing to topic bft-1-
2020-06-29 09:26:52.757 bftactorv2.go:374 [INF] Consensus log: validateAndVote
2020-06-29 09:26:52.757 shardprocess.go:53 [INF] BlockChain log: SHARD 1 | Verify ShardBlock for signing process 2, with hash eab89fb8d72cfe561965d8cacdcfb9f168c37e5c331d7bf41ecd510e9df0e4e3
Validate response tx for withdraw reward requests
Validate response tx for withdraw reward requests
Validate withdraw Request Table map[]
2020-06-29 09:26:52.758 bridge.go:187 [INF] DeBridge log: Num of burning confirm for withdrawal insts: 0
2020-06-29 09:26:52.758 bridge.go:192 [INF] DeBridge log: Num of burning confirm for deposit to SC insts: 0
2020-06-29 09:26:52.759 shardprocess.go:100 [INF] BlockChain log: SHARD 1 | Block 2, with hash eab89fb8d72cfe561965d8cacdcfb9f168c37e5c331d7bf41ecd510e9df0e4e3 is VALID for 🖋 signing
2020-06-29 09:26:52.760 bftactorv2.go:436 [INF] Consensus log: sending vote...
2020-06-29 09:26:52.760 connmanager.go:92 [INF] Peerv2 log: {bft-1- 0xc004288370 PUBSUB}
2020-06-29 09:26:52.760 connmanager.go:391 [INF] Peerv2 log: Publishing to topic bft-1-
2020-06-29 09:26:52.761 bftactorv2.go:150 [INF] Consensus log: Receive vote for block eab89fb8d72cfe561965d8cacdcfb9f168c37e5c331d7bf41ecd510e9df0e4e3 (1) from 1BGH6f1GujHC3fJfv16RB4ytye4Uizm4P5ydzghzLAbnK2GchkdnVatwXARmr2jmYLXQCHb8Wd37Jb6ND3ozCSDgrdegSB2qNKnFVkS7uDPiQNJT9Pu39cetMBaSJVUvRQ5wGtp3u3MrYMbQo3iGXtqyshcsJmcDrgx3oK78VNzgLuErA1Adw
2020-06-29 09:26:54.158 connmanager.go:391 [INF] Peerv2 log: Publishing to topic peerstate-1-QmNwaG1MyyuAkroNyeuJ51kFBZ88M9ErXHLrMU9pDw5DMN-nodepub
2020-06-29 09:26:57.155 connmanager.go:391 [INF] Peerv2 log: Publishing to topic peerstate-1-QmNwaG1MyyuAkroNyeuJ51kFBZ88M9ErXHLrMU9pDw5DMN-nodepub
2020-06-29 09:27:00.157 bftactorv2.go:187 [INF] Consensus log: 
2020-06-29 09:27:00.157 bftactorv2.go:188 [INF] Consensus log: ======================================================
2020-06-29 09:27:00.157 bftactorv2.go:189 [INF] Consensus log: 
2020-06-29 09:27:00.157 bftactorv2.go:193 [INF] Consensus log: TS: 159339762 , LISTEN BLOCK 2
2020-06-29 09:27:00.157 connmanager.go:391 [INF] Peerv2 log: Publishing to topic peerstate-1-QmNwaG1MyyuAkroNyeuJ51kFBZ88M9ErXHLrMU9pDw5DMN-nodepub
2020-06-29 09:27:03.157 connmanager.go:391 [INF] Peerv2 log: Publishing to topic peerstate-1-QmNwaG1MyyuAkroNyeuJ51kFBZ88M9ErXHLrMU9pDw5DMN-nodepub
2020-06-29 09:27:06.154 connmanager.go:391 [INF] Peerv2 log: Publishing to topic peerstate-1-QmNwaG1MyyuAkroNyeuJ51kFBZ88M9ErXHLrMU9pDw5DMN-nodepub
2020-06-29 09:27:09.157 connmanager.go:391 [INF] Peerv2 log: Publishing to topic peerstate-1-QmNwaG1MyyuAkroNyeuJ51kFBZ88M9ErXHLrMU9pDw5DMN-nodepub
2020-06-29 09:27:10.157 bftactorv2.go:187 [INF] Consensus log: 
2020-06-29 09:27:10.157 bftactorv2.go:188 [INF] Consensus log: ======================================================
2020-06-29 09:27:10.157 bftactorv2.go:189 [INF] Consensus log: 
2020-06-29 09:27:10.157 bftactorv2.go:193 [INF] Consensus log: TS: 159339763 , LISTEN BLOCK 2
2020-06-29 09:27:12.154 connmanager.go:391 [INF] Peerv2 log: Publishing to topic peerstate-1-QmNwaG1MyyuAkroNyeuJ51kFBZ88M9ErXHLrMU9pDw5DMN-nodepub
2020-06-29 09:27:15.156 connmanager.go:391 [INF] Peerv2 log: Publishing to topic peerstate-1-QmNwaG1MyyuAkroNyeuJ51kFBZ88M9ErXHLrMU9pDw5DMN-nodepub
2020-06-29 09:27:18.158 connmanager.go:391 [INF] Peerv2 log: Publishing to topic peerstate-1-QmNwaG1MyyuAkroNyeuJ51kFBZ88M9ErXHLrMU9pDw5DMN-nodepub
2020-06-29 09:27:20.041 bftactorv2.go:128 [INF] Consensus log: Receive block  467d1129675fdd6852ce89875cac14a88b751df4eeeef2eb21136b5c5eee430c height 2 ,block timeslot  159339764
2020-06-29 09:27:20.157 bftactorv2.go:187 [INF] Consensus log: 
2020-06-29 09:27:20.157 bftactorv2.go:188 [INF] Consensus log: ======================================================
2020-06-29 09:27:20.157 bftactorv2.go:189 [INF] Consensus log: 
2020-06-29 09:27:20.157 bftactorv2.go:193 [INF] Consensus log: TS: 159339764 , LISTEN BLOCK 2
2020-06-29 09:27:20.157 bftactorv2.go:374 [INF] Consensus log: validateAndVote
2020-06-29 09:27:20.157 shardprocess.go:53 [INF] BlockChain log: SHARD 1 | Verify ShardBlock for signing process 2, with hash 467d1129675fdd6852ce89875cac14a88b751df4eeeef2eb21136b5c5eee430c
Validate response tx for withdraw reward requests
Validate response tx for withdraw reward requests
Validate withdraw Request Table map[]
2020-06-29 09:27:20.157 bridge.go:187 [INF] DeBridge log: Num of burning confirm for withdrawal insts: 0
2020-06-29 09:27:20.158 bridge.go:192 [INF] DeBridge log: Num of burning confirm for deposit to SC insts: 0
2020-06-29 09:27:20.159 shardprocess.go:100 [INF] BlockChain log: SHARD 1 | Block 2, with hash 467d1129675fdd6852ce89875cac14a88b751df4eeeef2eb21136b5c5eee430c is VALID for 🖋 signing
2020-06-29 09:27:20.160 bftactorv2.go:436 [INF] Consensus log: sending vote...
2020-06-29 09:27:20.160 connmanager.go:92 [INF] Peerv2 log: {bft-1- 0xc004288370 PUBSUB}
2020-06-29 09:27:20.160 connmanager.go:391 [INF] Peerv2 log: Publishing to topic bft-1-
2020-06-29 09:27:20.161 bftactorv2.go:150 [INF] Consensus log: Receive vote for block 467d1129675fdd6852ce89875cac14a88b751df4eeeef2eb21136b5c5eee430c (1) from 1BGH6f1GujHC3fJfv16RB4ytye4Uizm4P5ydzghzLAbnK2GchkdnVatwXARmr2jmYLXQCHb8Wd37Jb6ND3ozCSDgrdegSB2qNKnFVkS7uDPiQNJT9Pu39cetMBaSJVUvRQ5wGtp3u3MrYMbQo3iGXtqyshcsJmcDrgx3oK78VNzgLuErA1Adw
2020-06-29 09:27:20.246 bftactorv2.go:150 [INF] Consensus log: Receive vote for block 467d1129675fdd6852ce89875cac14a88b751df4eeeef2eb21136b5c5eee430c (2) from 1MSdVeTZiFmaaaoYtWvkbjNyrbFVmsctUbmneCcReig6qYpoqwdDtJ3ipzrcbsbYQgNH6txPDeoD7N1r7q8J8kbtbY5wnRSFGV82CvyYupQMzfWcmApRb9RTNQowHvWqnWUD1MQ8SWL24NrGTwQzmwWZrxagzC2ExbPQTjJqS65pUBgL6eTAu
2020-06-29 09:27:21.153 connmanager.go:391 [INF] Peerv2 log: Publishing to topic peerstate-1-QmNwaG1MyyuAkroNyeuJ51kFBZ88M9ErXHLrMU9pDw5DMN-nodepub
2020-06-29 09:27:24.155 connmanager.go:391 [INF] Peerv2 log: Publishing to topic peerstate-1-QmNwaG1MyyuAkroNyeuJ51kFBZ88M9ErXHLrMU9pDw5DMN-nodepub
2020-06-29 09:27:27.155 connmanager.go:391 [INF] Peerv2 log: Publishing to topic peerstate-1-QmNwaG1MyyuAkroNyeuJ51kFBZ88M9ErXHLrMU9pDw5DMN-nodepub
2020-06-29 09:27:30.156 bftactorv2.go:187 [INF] Consensus log: 
2020-06-29 09:27:30.157 bftactorv2.go:188 [INF] Consensus log: ======================================================
2020-06-29 09:27:30.157 bftactorv2.go:189 [INF] Consensus log: 
2020-06-29 09:27:30.157 bftactorv2.go:191 [INF] Consensus log: TS: 159339765 , PROPOSE BLOCK 2
2020-06-29 09:27:30.157 bftactorv2.go:456 [INF] Consensus log: debug CreateNewBlockFromOldBlock
2020-06-29 09:27:30.157 connmanager.go:391 [INF] Peerv2 log: Publishing to topic peerstate-1-QmNwaG1MyyuAkroNyeuJ51kFBZ88M9ErXHLrMU9pDw5DMN-nodepub
2020-06-29 09:27:30.158 bftactorv2.go:466 [INF] Consensus log: create block 2 hash 3e71ca5d6172693c5c074f10dfc733fba8973dc7d396e87dad5dc66a4a67bf3c, propose time 1593397650, produce time 1593397297
2020-06-29 09:27:30.159 bftactorv2.go:219 [INF] Consensus log: proposer block 2 round 1 time slot 159339765 blockTimeSlot 159339729 with hash 3e71ca5d6172693c5c074f10dfc733fba8973dc7d396e87dad5dc66a4a67bf3c
2020-06-29 09:27:30.159 connmanager.go:92 [INF] Peerv2 log: {bft-1- 0xc004288370 PUBSUB}
2020-06-29 09:27:30.160 connmanager.go:391 [INF] Peerv2 log: Publishing to topic bft-1-
2020-06-29 09:27:30.160 bftactorv2.go:128 [INF] Consensus log: Receive block  3e71ca5d6172693c5c074f10dfc733fba8973dc7d396e87dad5dc66a4a67bf3c height 2 ,block timeslot  159339765
2020-06-29 09:27:30.243 bftactorv2.go:150 [INF] Consensus log: Receive vote for block 3e71ca5d6172693c5c074f10dfc733fba8973dc7d396e87dad5dc66a4a67bf3c (1) from 1MSdVeTZiFmaaaoYtWvkbjNyrbFVmsctUbmneCcReig6qYpoqwdDtJ3ipzrcbsbYQgNH6txPDeoD7N1r7q8J8kbtbY5wnRSFGV82CvyYupQMzfWcmApRb9RTNQowHvWqnWUD1MQ8SWL24NrGTwQzmwWZrxagzC2ExbPQTjJqS65pUBgL6eTAu
2020-06-29 09:27:30.360 bftactorv2.go:374 [INF] Consensus log: validateAndVote
2020-06-29 09:27:30.360 shardprocess.go:53 [INF] BlockChain log: SHARD 1 | Verify ShardBlock for signing process 2, with hash 3e71ca5d6172693c5c074f10dfc733fba8973dc7d396e87dad5dc66a4a67bf3c
Validate response tx for withdraw reward requests
Validate response tx for withdraw reward requests
Validate withdraw Request Table map[]
2020-06-29 09:27:30.361 bridge.go:187 [INF] DeBridge log: Num of burning confirm for withdrawal insts: 0
2020-06-29 09:27:30.361 bridge.go:192 [INF] DeBridge log: Num of burning confirm for deposit to SC insts: 0
2020-06-29 09:27:30.362 shardprocess.go:100 [INF] BlockChain log: SHARD 1 | Block 2, with hash 3e71ca5d6172693c5c074f10dfc733fba8973dc7d396e87dad5dc66a4a67bf3c is VALID for 🖋 signing
2020-06-29 09:27:30.364 bftactorv2.go:436 [INF] Consensus log: sending vote...
2020-06-29 09:27:30.364 connmanager.go:92 [INF] Peerv2 log: {bft-1- 0xc004288370 PUBSUB}
2020-06-29 09:27:30.365 connmanager.go:391 [INF] Peerv2 log: Publishing to topic bft-1-
2020-06-29 09:27:30.365 bftactorv2.go:150 [INF] Consensus log: Receive vote for block 3e71ca5d6172693c5c074f10dfc733fba8973dc7d396e87dad5dc66a4a67bf3c (2) from 1BGH6f1GujHC3fJfv16RB4ytye4Uizm4P5ydzghzLAbnK2GchkdnVatwXARmr2jmYLXQCHb8Wd37Jb6ND3ozCSDgrdegSB2qNKnFVkS7uDPiQNJT9Pu39cetMBaSJVUvRQ5wGtp3u3MrYMbQo3iGXtqyshcsJmcDrgx3oK78VNzgLuErA1Adw
2020-06-29 09:27:33.154 connmanager.go:391 [INF] Peerv2 log: Publishing to topic peerstate-1-QmNwaG1MyyuAkroNyeuJ51kFBZ88M9ErXHLrMU9pDw5DMN-nodepub
2020-06-29 09:27:36.153 connmanager.go:391 [INF] Peerv2 log: Publishing to topic peerstate-1-QmNwaG1MyyuAkroNyeuJ51kFBZ88M9ErXHLrMU9pDw5DMN-nodepub
2020-06-29 09:27:39.153 connmanager.go:391 [INF] Peerv2 log: Publishing to topic peerstate-1-QmNwaG1MyyuAkroNyeuJ51kFBZ88M9ErXHLrMU9pDw5DMN-nodepub
2020-06-29 09:27:40.155 bftactorv2.go:187 [INF] Consensus log: 
2020-06-29 09:27:40.155 bftactorv2.go:188 [INF] Consensus log: ======================================================
2020-06-29 09:27:40.155 bftactorv2.go:189 [INF] Consensus log: 
2020-06-29 09:27:40.155 bftactorv2.go:193 [INF] Consensus log: TS: 159339766 , LISTEN BLOCK 2
2020-06-29 09:27:42.157 connmanager.go:391 [INF] Peerv2 log: Publishing to topic peerstate-1-QmNwaG1MyyuAkroNyeuJ51kFBZ88M9ErXHLrMU9pDw5DMN-nodepub
2020-06-29 09:27:45.154 connmanager.go:391 [INF] Peerv2 log: Publishing to topic peerstate-1-QmNwaG1MyyuAkroNyeuJ51kFBZ88M9ErXHLrMU9pDw5DMN-nodepub
2020-06-29 09:27:48.154 connmanager.go:391 [INF] Peerv2 log: Publishing to topic peerstate-1-QmNwaG1MyyuAkroNyeuJ51kFBZ88M9ErXHLrMU9pDw5DMN-nodepub
2020-06-29 09:27:50.155 bftactorv2.go:187 [INF] Consensus log: 
2020-06-29 09:27:50.155 bftactorv2.go:188 [INF] Consensus log: ======================================================
2020-06-29 09:27:50.155 bftactorv2.go:189 [INF] Consensus log: 
2020-06-29 09:27:50.155 bftactorv2.go:193 [INF] Consensus log: TS: 159339767 , LISTEN BLOCK 2
2020-06-29 09:27:51.155 connmanager.go:391 [INF] Peerv2 log: Publishing to topic peerstate-1-QmNwaG1MyyuAkroNyeuJ51kFBZ88M9ErXHLrMU9pDw5DMN-nodepub
2020-06-29 09:27:54.155 connmanager.go:391 [INF] Peerv2 log: Publishing to topic peerstate-1-QmNwaG1MyyuAkroNyeuJ51kFBZ88M9ErXHLrMU9pDw5DMN-nodepub
2020-06-29 09:27:57.154 connmanager.go:391 [INF] Peerv2 log: Publishing to topic peerstate-1-QmNwaG1MyyuAkroNyeuJ51kFBZ88M9ErXHLrMU9pDw5DMN-nodepub
2020-06-29 09:28:00.043 bftactorv2.go:128 [INF] Consensus log: Receive block  855d68b966c080ef77a46122850857604eb3f32d1922ed7195d29b4e1b85862e height 2 ,block timeslot  159339768
2020-06-29 09:28:00.154 bftactorv2.go:187 [INF] Consensus log: 
2020-06-29 09:28:00.154 bftactorv2.go:188 [INF] Consensus log: ======================================================
2020-06-29 09:28:00.155 bftactorv2.go:189 [INF] Consensus log: 
2020-06-29 09:28:00.155 bftactorv2.go:193 [INF] Consensus log: TS: 159339768 , LISTEN BLOCK 2
2020-06-29 09:28:00.155 bftactorv2.go:374 [INF] Consensus log: validateAndVote
2020-06-29 09:28:00.155 connmanager.go:391 [INF] Peerv2 log: Publishing to topic peerstate-1-QmNwaG1MyyuAkroNyeuJ51kFBZ88M9ErXHLrMU9pDw5DMN-nodepub
2020-06-29 09:28:00.155 shardprocess.go:53 [INF] BlockChain log: SHARD 1 | Verify ShardBlock for signing process 2, with hash 855d68b966c080ef77a46122850857604eb3f32d1922ed7195d29b4e1b85862e
Validate response tx for withdraw reward requests
Validate response tx for withdraw reward requests
Validate withdraw Request Table map[]
2020-06-29 09:28:00.156 bridge.go:187 [INF] DeBridge log: Num of burning confirm for withdrawal insts: 0
2020-06-29 09:28:00.156 bridge.go:192 [INF] DeBridge log: Num of burning confirm for deposit to SC insts: 0
2020-06-29 09:28:00.158 shardprocess.go:100 [INF] BlockChain log: SHARD 1 | Block 2, with hash 855d68b966c080ef77a46122850857604eb3f32d1922ed7195d29b4e1b85862e is VALID for 🖋 signing
2020-06-29 09:28:00.161 bftactorv2.go:436 [INF] Consensus log: sending vote...
2020-06-29 09:28:00.161 connmanager.go:92 [INF] Peerv2 log: {bft-1- 0xc004288370 PUBSUB}
2020-06-29 09:28:00.162 connmanager.go:391 [INF] Peerv2 log: Publishing to topic bft-1-
2020-06-29 09:28:00.162 bftactorv2.go:150 [INF] Consensus log: Receive vote for block 855d68b966c080ef77a46122850857604eb3f32d1922ed7195d29b4e1b85862e (1) from 1BGH6f1GujHC3fJfv16RB4ytye4Uizm4P5ydzghzLAbnK2GchkdnVatwXARmr2jmYLXQCHb8Wd37Jb6ND3ozCSDgrdegSB2qNKnFVkS7uDPiQNJT9Pu39cetMBaSJVUvRQ5wGtp3u3MrYMbQo3iGXtqyshcsJmcDrgx3oK78VNzgLuErA1Adw
2020-06-29 09:28:00.243 bftactorv2.go:150 [INF] Consensus log: Receive vote for block 855d68b966c080ef77a46122850857604eb3f32d1922ed7195d29b4e1b85862e (2) from 1MSdVeTZiFmaaaoYtWvkbjNyrbFVmsctUbmneCcReig6qYpoqwdDtJ3ipzrcbsbYQgNH6txPDeoD7N1r7q8J8kbtbY5wnRSFGV82CvyYupQMzfWcmApRb9RTNQowHvWqnWUD1MQ8SWL24NrGTwQzmwWZrxagzC2ExbPQTjJqS65pUBgL6eTAu
2020-06-29 09:28:03.155 connmanager.go:391 [INF] Peerv2 log: Publishing to topic peerstate-1-QmNwaG1MyyuAkroNyeuJ51kFBZ88M9ErXHLrMU9pDw5DMN-nodepub
